{"numFailedTestSuites":0,"numFailedTests":0,"numPassedTestSuites":6,"numPassedTests":60,"numPendingTestSuites":0,"numPendingTests":0,"numRuntimeErrorTestSuites":0,"numTodoTests":0,"numTotalTestSuites":6,"numTotalTests":60,"openHandles":[],"snapshot":{"added":0,"didUpdate":false,"failure":false,"filesAdded":0,"filesRemoved":0,"filesRemovedList":[],"filesUnmatched":0,"filesUpdated":0,"matched":0,"total":0,"unchecked":0,"uncheckedKeysByFile":[],"unmatched":0,"updated":0},"startTime":1754631034616,"success":true,"testResults":[{"assertionResults":[{"ancestorTitles":["Performance and Animation","TC-Perf-01: List scrolling at 60fps"],"duration":26,"failureDetails":[],"failureMessages":[],"fullName":"Performance and Animation TC-Perf-01: List scrolling at 60fps should handle 200+ tasks efficiently","invocations":1,"location":null,"numPassingAsserts":5,"retryReasons":[],"status":"passed","title":"should handle 200+ tasks efficiently"},{"ancestorTitles":["Performance and Animation","TC-Perf-01: List scrolling at 60fps"],"duration":4,"failureDetails":[],"failureMessages":[],"fullName":"Performance and Animation TC-Perf-01: List scrolling at 60fps should maintain performance with rapid scroll simulation","invocations":1,"location":null,"numPassingAsserts":2,"retryReasons":[],"status":"passed","title":"should maintain performance with rapid scroll simulation"},{"ancestorTitles":["Performance and Animation","TC-Perf-01: List scrolling at 60fps"],"duration":3,"failureDetails":[],"failureMessages":[],"fullName":"Performance and Animation TC-Perf-01: List scrolling at 60fps should handle concurrent operations without blocking","invocations":1,"location":null,"numPassingAsserts":3,"retryReasons":[],"status":"passed","title":"should handle concurrent operations without blocking"},{"ancestorTitles":["Performance and Animation","TC-Anim-01: Draft fade-in animation"],"duration":238,"failureDetails":[],"failureMessages":[],"fullName":"Performance and Animation TC-Anim-01: Draft fade-in animation should complete draft appearance animation within 200ms","invocations":1,"location":null,"numPassingAsserts":3,"retryReasons":[],"status":"passed","title":"should complete draft appearance animation within 200ms"},{"ancestorTitles":["Performance and Animation","TC-Anim-01: Draft fade-in animation"],"duration":1,"failureDetails":[],"failureMessages":[],"fullName":"Performance and Animation TC-Anim-01: Draft fade-in animation should handle opacity and translateY transforms smoothly","invocations":1,"location":null,"numPassingAsserts":6,"retryReasons":[],"status":"passed","title":"should handle opacity and translateY transforms smoothly"},{"ancestorTitles":["Performance and Animation","TC-Anim-01: Draft fade-in animation"],"duration":262,"failureDetails":[],"failureMessages":[],"fullName":"Performance and Animation TC-Anim-01: Draft fade-in animation should not cause flicker during rapid draft additions","invocations":1,"location":null,"numPassingAsserts":3,"retryReasons":[],"status":"passed","title":"should not cause flicker during rapid draft additions"},{"ancestorTitles":["Performance and Animation","Memory and resource management"],"duration":9,"failureDetails":[],"failureMessages":[],"fullName":"Performance and Animation Memory and resource management should efficiently handle task cleanup","invocations":1,"location":null,"numPassingAsserts":3,"retryReasons":[],"status":"passed","title":"should efficiently handle task cleanup"},{"ancestorTitles":["Performance and Animation","Memory and resource management"],"duration":6,"failureDetails":[],"failureMessages":[],"fullName":"Performance and Animation Memory and resource management should handle view switching without lag","invocations":1,"location":null,"numPassingAsserts":1,"retryReasons":[],"status":"passed","title":"should handle view switching without lag"}],"endTime":1754631035437,"message":"","name":"/Users/xiaochunliu/ai-todo/tests/performance/performance.test.ts","startTime":1754631034625,"status":"passed","summary":""},{"assertionResults":[{"ancestorTitles":["Three-View System and Sorting","TC-View-01: Focus view sorting"],"duration":3,"failureDetails":[],"failureMessages":[],"fullName":"Three-View System and Sorting TC-View-01: Focus view sorting should sort tasks by due_ts ascending (earliest first)","invocations":1,"location":null,"numPassingAsserts":5,"retryReasons":[],"status":"passed","title":"should sort tasks by due_ts ascending (earliest first)"},{"ancestorTitles":["Three-View System and Sorting","TC-View-01: Focus view sorting"],"duration":1,"failureDetails":[],"failureMessages":[],"fullName":"Three-View System and Sorting TC-View-01: Focus view sorting should include overdue tasks in Focus view","invocations":1,"location":null,"numPassingAsserts":4,"retryReasons":[],"status":"passed","title":"should include overdue tasks in Focus view"},{"ancestorTitles":["Three-View System and Sorting","TC-View-02: Backlog view filtering"],"duration":1,"failureDetails":[],"failureMessages":[],"fullName":"Three-View System and Sorting TC-View-02: Backlog view filtering should show tasks without dates in Backlog","invocations":1,"location":null,"numPassingAsserts":4,"retryReasons":[],"status":"passed","title":"should show tasks without dates in Backlog"},{"ancestorTitles":["Three-View System and Sorting","TC-View-02: Backlog view filtering"],"duration":23,"failureDetails":[],"failureMessages":[],"fullName":"Three-View System and Sorting TC-View-02: Backlog view filtering should sort Backlog by created_ts descending (newest first)","invocations":1,"location":null,"numPassingAsserts":3,"retryReasons":[],"status":"passed","title":"should sort Backlog by created_ts descending (newest first)"},{"ancestorTitles":["Three-View System and Sorting","TC-View-02: Backlog view filtering"],"duration":0,"failureDetails":[],"failureMessages":[],"fullName":"Three-View System and Sorting TC-View-02: Backlog view filtering should exclude tasks due within 7 days from Backlog","invocations":1,"location":null,"numPassingAsserts":2,"retryReasons":[],"status":"passed","title":"should exclude tasks due within 7 days from Backlog"},{"ancestorTitles":["Three-View System and Sorting","TC-View-03: Done view 30-day cleanup"],"duration":2,"failureDetails":[],"failureMessages":[],"fullName":"Three-View System and Sorting TC-View-03: Done view 30-day cleanup should only show completed tasks from last 30 days","invocations":1,"location":null,"numPassingAsserts":2,"retryReasons":[],"status":"passed","title":"should only show completed tasks from last 30 days"},{"ancestorTitles":["Three-View System and Sorting","TC-View-03: Done view 30-day cleanup"],"duration":24,"failureDetails":[],"failureMessages":[],"fullName":"Three-View System and Sorting TC-View-03: Done view 30-day cleanup should sort Done tasks by completed_ts descending (most recent first)","invocations":1,"location":null,"numPassingAsserts":3,"retryReasons":[],"status":"passed","title":"should sort Done tasks by completed_ts descending (most recent first)"},{"ancestorTitles":["Three-View System and Sorting","View filtering edge cases"],"duration":2,"failureDetails":[],"failureMessages":[],"fullName":"Three-View System and Sorting View filtering edge cases should handle tasks at exact 7-day boundary","invocations":1,"location":null,"numPassingAsserts":2,"retryReasons":[],"status":"passed","title":"should handle tasks at exact 7-day boundary"},{"ancestorTitles":["Three-View System and Sorting","View filtering edge cases"],"duration":2,"failureDetails":[],"failureMessages":[],"fullName":"Three-View System and Sorting View filtering edge cases should not show completed tasks in Focus or Backlog","invocations":1,"location":null,"numPassingAsserts":3,"retryReasons":[],"status":"passed","title":"should not show completed tasks in Focus or Backlog"}],"endTime":1754631035577,"message":"","name":"/Users/xiaochunliu/ai-todo/tests/integration/views-sorting.test.ts","startTime":1754631035459,"status":"passed","summary":""},{"assertionResults":[{"ancestorTitles":["Voice Input Flow","TC-Voice-01: Single sentence multiple tasks"],"duration":12,"failureDetails":[],"failureMessages":[],"fullName":"Voice Input Flow TC-Voice-01: Single sentence multiple tasks should parse multiple tasks from single voice input","invocations":1,"location":null,"numPassingAsserts":9,"retryReasons":[],"status":"passed","title":"should parse multiple tasks from single voice input"},{"ancestorTitles":["Voice Input Flow","TC-Voice-02: Batch confirmation"],"duration":2,"failureDetails":[],"failureMessages":[],"fullName":"Voice Input Flow TC-Voice-02: Batch confirmation should confirm all selected drafts and create tasks","invocations":1,"location":null,"numPassingAsserts":7,"retryReasons":[],"status":"passed","title":"should confirm all selected drafts and create tasks"},{"ancestorTitles":["Voice Input Flow","TC-Voice-02: Batch confirmation"],"duration":1,"failureDetails":[],"failureMessages":[],"fullName":"Voice Input Flow TC-Voice-02: Batch confirmation should support undo after confirmation","invocations":1,"location":null,"numPassingAsserts":2,"retryReasons":[],"status":"passed","title":"should support undo after confirmation"},{"ancestorTitles":["Voice Input Flow","TC-Voice-03: Draft limit of 10"],"duration":1,"failureDetails":[],"failureMessages":[],"fullName":"Voice Input Flow TC-Voice-03: Draft limit of 10 should only create first 10 drafts from large input","invocations":1,"location":null,"numPassingAsserts":11,"retryReasons":[],"status":"passed","title":"should only create first 10 drafts from large input"},{"ancestorTitles":["Voice Input Flow","TC-Voice-04: Parse failure handling"],"duration":3,"failureDetails":[],"failureMessages":[],"fullName":"Voice Input Flow TC-Voice-04: Parse failure handling should handle invalid voice input gracefully","invocations":1,"location":null,"numPassingAsserts":2,"retryReasons":[],"status":"passed","title":"should handle invalid voice input gracefully"},{"ancestorTitles":["Voice Input Flow","TC-Voice-04: Parse failure handling"],"duration":3,"failureDetails":[],"failureMessages":[],"fullName":"Voice Input Flow TC-Voice-04: Parse failure handling should show appropriate error for unrecognized input","invocations":1,"location":null,"numPassingAsserts":2,"retryReasons":[],"status":"passed","title":"should show appropriate error for unrecognized input"},{"ancestorTitles":["Voice Input Flow","TC-Voice-05: Offline mode"],"duration":0,"failureDetails":[],"failureMessages":[],"fullName":"Voice Input Flow TC-Voice-05: Offline mode should disable voice input when offline","invocations":1,"location":null,"numPassingAsserts":1,"retryReasons":[],"status":"passed","title":"should disable voice input when offline"},{"ancestorTitles":["Voice Input Flow","TC-Voice-05: Offline mode"],"duration":3,"failureDetails":[],"failureMessages":[],"fullName":"Voice Input Flow TC-Voice-05: Offline mode should prevent voice processing when offline","invocations":1,"location":null,"numPassingAsserts":1,"retryReasons":[],"status":"passed","title":"should prevent voice processing when offline"},{"ancestorTitles":["Voice Input Flow","Draft selection and management"],"duration":0,"failureDetails":[],"failureMessages":[],"fullName":"Voice Input Flow Draft selection and management should toggle individual draft selection","invocations":1,"location":null,"numPassingAsserts":2,"retryReasons":[],"status":"passed","title":"should toggle individual draft selection"},{"ancestorTitles":["Voice Input Flow","Draft selection and management"],"duration":0,"failureDetails":[],"failureMessages":[],"fullName":"Voice Input Flow Draft selection and management should toggle all draft selections","invocations":1,"location":null,"numPassingAsserts":3,"retryReasons":[],"status":"passed","title":"should toggle all draft selections"},{"ancestorTitles":["Voice Input Flow","Draft selection and management"],"duration":1,"failureDetails":[],"failureMessages":[],"fullName":"Voice Input Flow Draft selection and management should confirm single draft immediately","invocations":1,"location":null,"numPassingAsserts":3,"retryReasons":[],"status":"passed","title":"should confirm single draft immediately"},{"ancestorTitles":["Voice Input Flow","Draft selection and management"],"duration":1,"failureDetails":[],"failureMessages":[],"fullName":"Voice Input Flow Draft selection and management should clear unselected drafts","invocations":1,"location":null,"numPassingAsserts":2,"retryReasons":[],"status":"passed","title":"should clear unselected drafts"}],"endTime":1754631035673,"message":"","name":"/Users/xiaochunliu/ai-todo/tests/integration/voice-input.test.ts","startTime":1754631035587,"status":"passed","summary":""},{"assertionResults":[{"ancestorTitles":["Task CRUD Operations","TC-Task-01: Normal task creation"],"duration":2,"failureDetails":[],"failureMessages":[],"fullName":"Task CRUD Operations TC-Task-01: Normal task creation should create a task with title and show it immediately","invocations":1,"location":null,"numPassingAsserts":8,"retryReasons":[],"status":"passed","title":"should create a task with title and show it immediately"},{"ancestorTitles":["Task CRUD Operations","TC-Task-01: Normal task creation"],"duration":1,"failureDetails":[],"failureMessages":[],"fullName":"Task CRUD Operations TC-Task-01: Normal task creation should complete within 100ms","invocations":1,"location":null,"numPassingAsserts":1,"retryReasons":[],"status":"passed","title":"should complete within 100ms"},{"ancestorTitles":["Task CRUD Operations","TC-Task-02: Empty title cancellation"],"duration":1,"failureDetails":[],"failureMessages":[],"fullName":"Task CRUD Operations TC-Task-02: Empty title cancellation should not create task with empty title","invocations":1,"location":null,"numPassingAsserts":1,"retryReasons":[],"status":"passed","title":"should not create task with empty title"},{"ancestorTitles":["Task CRUD Operations","TC-Task-03: Title editing with instant save"],"duration":12,"failureDetails":[],"failureMessages":[],"fullName":"Task CRUD Operations TC-Task-03: Title editing with instant save should update task title and persist changes","invocations":1,"location":null,"numPassingAsserts":3,"retryReasons":[],"status":"passed","title":"should update task title and persist changes"},{"ancestorTitles":["Task CRUD Operations","TC-Task-04: Right swipe to complete"],"duration":0,"failureDetails":[],"failureMessages":[],"fullName":"Task CRUD Operations TC-Task-04: Right swipe to complete should mark task as completed and move to Done view","invocations":1,"location":null,"numPassingAsserts":6,"retryReasons":[],"status":"passed","title":"should mark task as completed and move to Done view"},{"ancestorTitles":["Task CRUD Operations","TC-Task-05: Right swipe to restore"],"duration":1,"failureDetails":[],"failureMessages":[],"fullName":"Task CRUD Operations TC-Task-05: Right swipe to restore should restore completed task back to active","invocations":1,"location":null,"numPassingAsserts":5,"retryReasons":[],"status":"passed","title":"should restore completed task back to active"},{"ancestorTitles":["Task CRUD Operations","TC-Task-06: Quick postpone to tomorrow"],"duration":1,"failureDetails":[],"failureMessages":[],"fullName":"Task CRUD Operations TC-Task-06: Quick postpone to tomorrow should update due date to tomorrow 9am","invocations":1,"location":null,"numPassingAsserts":2,"retryReasons":[],"status":"passed","title":"should update due date to tomorrow 9am"},{"ancestorTitles":["Task CRUD Operations","TC-Task-07: Custom date beyond 8 days"],"duration":0,"failureDetails":[],"failureMessages":[],"fullName":"Task CRUD Operations TC-Task-07: Custom date beyond 8 days should move task to Backlog when due date > 7 days","invocations":1,"location":null,"numPassingAsserts":3,"retryReasons":[],"status":"passed","title":"should move task to Backlog when due date > 7 days"},{"ancestorTitles":["Task CRUD Operations","TC-Task-08: Focus view pinning"],"duration":1,"failureDetails":[],"failureMessages":[],"fullName":"Task CRUD Operations TC-Task-08: Focus view pinning should pin task to top of Focus view","invocations":1,"location":null,"numPassingAsserts":4,"retryReasons":[],"status":"passed","title":"should pin task to top of Focus view"},{"ancestorTitles":["Task CRUD Operations","TC-Task-09: Delete with undo"],"duration":2,"failureDetails":[],"failureMessages":[],"fullName":"Task CRUD Operations TC-Task-09: Delete with undo should delete task and support undo","invocations":1,"location":null,"numPassingAsserts":3,"retryReasons":[],"status":"passed","title":"should delete task and support undo"}],"endTime":1754631035756,"message":"","name":"/Users/xiaochunliu/ai-todo/tests/integration/task-crud.test.ts","startTime":1754631035681,"status":"passed","summary":""},{"assertionResults":[{"ancestorTitles":["Test Infrastructure Verification","Basic Jest Setup"],"duration":12,"failureDetails":[],"failureMessages":[],"fullName":"Test Infrastructure Verification Basic Jest Setup should run basic tests","invocations":1,"location":null,"numPassingAsserts":1,"retryReasons":[],"status":"passed","title":"should run basic tests"},{"ancestorTitles":["Test Infrastructure Verification","Basic Jest Setup"],"duration":1,"failureDetails":[],"failureMessages":[],"fullName":"Test Infrastructure Verification Basic Jest Setup should have jest-extended matchers available","invocations":1,"location":null,"numPassingAsserts":3,"retryReasons":[],"status":"passed","title":"should have jest-extended matchers available"},{"ancestorTitles":["Test Infrastructure Verification","WatermelonDB Test Adapter"],"duration":0,"failureDetails":[],"failureMessages":[],"fullName":"Test Infrastructure Verification WatermelonDB Test Adapter should create a test database","invocations":1,"location":null,"numPassingAsserts":2,"retryReasons":[],"status":"passed","title":"should create a test database"},{"ancestorTitles":["Test Infrastructure Verification","WatermelonDB Test Adapter"],"duration":1,"failureDetails":[],"failureMessages":[],"fullName":"Test Infrastructure Verification WatermelonDB Test Adapter should have mock database methods","invocations":1,"location":null,"numPassingAsserts":5,"retryReasons":[],"status":"passed","title":"should have mock database methods"},{"ancestorTitles":["Test Infrastructure Verification","WatermelonDB Test Adapter"],"duration":0,"failureDetails":[],"failureMessages":[],"fullName":"Test Infrastructure Verification WatermelonDB Test Adapter should create mock tasks","invocations":1,"location":null,"numPassingAsserts":3,"retryReasons":[],"status":"passed","title":"should create mock tasks"},{"ancestorTitles":["Test Infrastructure Verification","WatermelonDB Test Adapter"],"duration":0,"failureDetails":[],"failureMessages":[],"fullName":"Test Infrastructure Verification WatermelonDB Test Adapter should handle multiple mock tasks","invocations":1,"location":null,"numPassingAsserts":4,"retryReasons":[],"status":"passed","title":"should handle multiple mock tasks"},{"ancestorTitles":["Test Infrastructure Verification","MSW API Mocking"],"duration":1,"failureDetails":[],"failureMessages":[],"fullName":"Test Infrastructure Verification MSW API Mocking should mock OpenAI chat completions","invocations":1,"location":null,"numPassingAsserts":2,"retryReasons":[],"status":"passed","title":"should mock OpenAI chat completions"},{"ancestorTitles":["Test Infrastructure Verification","MSW API Mocking"],"duration":1,"failureDetails":[],"failureMessages":[],"fullName":"Test Infrastructure Verification MSW API Mocking should mock Whisper transcription","invocations":1,"location":null,"numPassingAsserts":2,"retryReasons":[],"status":"passed","title":"should mock Whisper transcription"},{"ancestorTitles":["Test Infrastructure Verification","MSW API Mocking"],"duration":1,"failureDetails":[],"failureMessages":[],"fullName":"Test Infrastructure Verification MSW API Mocking should handle error scenarios","invocations":1,"location":null,"numPassingAsserts":2,"retryReasons":[],"status":"passed","title":"should handle error scenarios"},{"ancestorTitles":["Test Infrastructure Verification","Native Module Mocks"],"duration":1,"failureDetails":[],"failureMessages":[],"fullName":"Test Infrastructure Verification Native Module Mocks should mock expo-av Audio","invocations":1,"location":null,"numPassingAsserts":4,"retryReasons":[],"status":"passed","title":"should mock expo-av Audio"},{"ancestorTitles":["Test Infrastructure Verification","Native Module Mocks"],"duration":0,"failureDetails":[],"failureMessages":[],"fullName":"Test Infrastructure Verification Native Module Mocks should mock expo-file-system","invocations":1,"location":null,"numPassingAsserts":1,"retryReasons":[],"status":"passed","title":"should mock expo-file-system"},{"ancestorTitles":["Test Infrastructure Verification","Native Module Mocks"],"duration":0,"failureDetails":[],"failureMessages":[],"fullName":"Test Infrastructure Verification Native Module Mocks should mock react-native-mmkv","invocations":1,"location":null,"numPassingAsserts":4,"retryReasons":[],"status":"passed","title":"should mock react-native-mmkv"},{"ancestorTitles":["Test Infrastructure Verification","Global Test Utilities"],"duration":1,"failureDetails":[],"failureMessages":[],"fullName":"Test Infrastructure Verification Global Test Utilities should have createMockTask global utility","invocations":1,"location":null,"numPassingAsserts":4,"retryReasons":[],"status":"passed","title":"should have createMockTask global utility"}],"endTime":1754631035816,"message":"","name":"/Users/xiaochunliu/ai-todo/tests/unit/infrastructure.test.ts","startTime":1754631035761,"status":"passed","summary":""},{"assertionResults":[{"ancestorTitles":["Bottom Sheet and Undo Mechanism","TC-Sheet-01: Debounce save"],"duration":3,"failureDetails":[],"failureMessages":[],"fullName":"Bottom Sheet and Undo Mechanism TC-Sheet-01: Debounce save should only save final value after rapid edits","invocations":1,"location":null,"numPassingAsserts":2,"retryReasons":[],"status":"passed","title":"should only save final value after rapid edits"},{"ancestorTitles":["Bottom Sheet and Undo Mechanism","TC-Sheet-02: Close gesture flush"],"duration":1,"failureDetails":[],"failureMessages":[],"fullName":"Bottom Sheet and Undo Mechanism TC-Sheet-02: Close gesture flush should force save unsaved changes on sheet close","invocations":1,"location":null,"numPassingAsserts":3,"retryReasons":[],"status":"passed","title":"should force save unsaved changes on sheet close"},{"ancestorTitles":["Bottom Sheet and Undo Mechanism","TC-Undo-01: Batch operation undo"],"duration":1,"failureDetails":[],"failureMessages":[],"fullName":"Bottom Sheet and Undo Mechanism TC-Undo-01: Batch operation undo should undo batch draft confirmation","invocations":1,"location":null,"numPassingAsserts":3,"retryReasons":[],"status":"passed","title":"should undo batch draft confirmation"},{"ancestorTitles":["Bottom Sheet and Undo Mechanism","TC-Undo-01: Batch operation undo"],"duration":1,"failureDetails":[],"failureMessages":[],"fullName":"Bottom Sheet and Undo Mechanism TC-Undo-01: Batch operation undo should maintain selection state after undo","invocations":1,"location":null,"numPassingAsserts":4,"retryReasons":[],"status":"passed","title":"should maintain selection state after undo"},{"ancestorTitles":["Bottom Sheet and Undo Mechanism","Edge cases and error handling"],"duration":0,"failureDetails":[],"failureMessages":[],"fullName":"Bottom Sheet and Undo Mechanism Edge cases and error handling should handle undo with no operations","invocations":1,"location":null,"numPassingAsserts":1,"retryReasons":[],"status":"passed","title":"should handle undo with no operations"},{"ancestorTitles":["Bottom Sheet and Undo Mechanism","Edge cases and error handling"],"duration":2,"failureDetails":[],"failureMessages":[],"fullName":"Bottom Sheet and Undo Mechanism Edge cases and error handling should handle concurrent edits gracefully","invocations":1,"location":null,"numPassingAsserts":3,"retryReasons":[],"status":"passed","title":"should handle concurrent edits gracefully"},{"ancestorTitles":["Bottom Sheet and Undo Mechanism","Edge cases and error handling"],"duration":0,"failureDetails":[],"failureMessages":[],"fullName":"Bottom Sheet and Undo Mechanism Edge cases and error handling should handle task deletion during edit","invocations":1,"location":null,"numPassingAsserts":1,"retryReasons":[],"status":"passed","title":"should handle task deletion during edit"},{"ancestorTitles":["Bottom Sheet and Undo Mechanism","Debounce timing verification"],"duration":1,"failureDetails":[],"failureMessages":[],"fullName":"Bottom Sheet and Undo Mechanism Debounce timing verification should respect 400ms debounce window","invocations":1,"location":null,"numPassingAsserts":1,"retryReasons":[],"status":"passed","title":"should respect 400ms debounce window"}],"endTime":1754631035879,"message":"","name":"/Users/xiaochunliu/ai-todo/tests/integration/sheet-undo.test.ts","startTime":1754631035817,"status":"passed","summary":""}],"wasInterrupted":false}
