{"/Users/xiaochunliu/ai-todo/app/_layout.tsx": {"path":"/Users/xiaochunliu/ai-todo/app/_layout.tsx","statementMap":{"0":{"start":{"line":12,"column":34},"end":{"line":12,"column":48}},"1":{"start":{"line":14,"column":2},"end":{"line":35,"column":9}},"2":{"start":{"line":16,"column":4},"end":{"line":16,"column":17}},"3":{"start":{"line":19,"column":4},"end":{"line":19,"column":30}},"4":{"start":{"line":22,"column":33},"end":{"line":24,"column":5}},"5":{"start":{"line":23,"column":22},"end":{"line":23,"column":82}},"6":{"start":{"line":26,"column":29},"end":{"line":28,"column":5}},"7":{"start":{"line":27,"column":18},"end":{"line":27,"column":74}},"8":{"start":{"line":30,"column":4},"end":{"line":34,"column":6}},"9":{"start":{"line":31,"column":6},"end":{"line":31,"column":36}},"10":{"start":{"line":32,"column":6},"end":{"line":32,"column":32}},"11":{"start":{"line":33,"column":6},"end":{"line":33,"column":16}},"12":{"start":{"line":37,"column":34},"end":{"line":42,"column":3}},"13":{"start":{"line":38,"column":26},"end":{"line":38,"column":72}},"14":{"start":{"line":39,"column":4},"end":{"line":41,"column":5}},"15":{"start":{"line":40,"column":6},"end":{"line":40,"column":41}},"16":{"start":{"line":44,"column":2},"end":{"line":61,"column":4}}},"fnMap":{"0":{"name":"RootLayout","decl":{"start":{"line":11,"column":24},"end":{"line":11,"column":34}},"loc":{"start":{"line":11,"column":37},"end":{"line":62,"column":1}},"line":11},"1":{"name":"(anonymous_1)","decl":{"start":{"line":14,"column":12},"end":{"line":14,"column":13}},"loc":{"start":{"line":14,"column":18},"end":{"line":35,"column":3}},"line":14},"2":{"name":"(anonymous_2)","decl":{"start":{"line":23,"column":6},"end":{"line":23,"column":7}},"loc":{"start":{"line":23,"column":22},"end":{"line":23,"column":82}},"line":23},"3":{"name":"(anonymous_3)","decl":{"start":{"line":27,"column":6},"end":{"line":27,"column":7}},"loc":{"start":{"line":27,"column":18},"end":{"line":27,"column":74}},"line":27},"4":{"name":"(anonymous_4)","decl":{"start":{"line":30,"column":11},"end":{"line":30,"column":12}},"loc":{"start":{"line":30,"column":17},"end":{"line":34,"column":5}},"line":30},"5":{"name":"(anonymous_5)","decl":{"start":{"line":37,"column":34},"end":{"line":37,"column":35}},"loc":{"start":{"line":37,"column":46},"end":{"line":42,"column":3}},"line":37}},"branchMap":{"0":{"loc":{"start":{"line":39,"column":4},"end":{"line":41,"column":5}},"type":"if","locations":[{"start":{"line":39,"column":4},"end":{"line":41,"column":5}},{"start":{},"end":{}}],"line":39}},"s":{"0":0,"1":0,"2":0,"3":0,"4":0,"5":0,"6":0,"7":0,"8":0,"9":0,"10":0,"11":0,"12":0,"13":0,"14":0,"15":0,"16":0},"f":{"0":0,"1":0,"2":0,"3":0,"4":0,"5":0},"b":{"0":[0,0]}}
,"/Users/xiaochunliu/ai-todo/app/auth.tsx": {"path":"/Users/xiaochunliu/ai-todo/app/auth.tsx","statementMap":{"0":{"start":{"line":19,"column":17},"end":{"line":19,"column":28}},"1":{"start":{"line":20,"column":59},"end":{"line":20,"column":73}},"2":{"start":{"line":22,"column":34},"end":{"line":22,"column":49}},"3":{"start":{"line":23,"column":28},"end":{"line":23,"column":40}},"4":{"start":{"line":24,"column":34},"end":{"line":24,"column":46}},"5":{"start":{"line":25,"column":48},"end":{"line":25,"column":60}},"6":{"start":{"line":27,"column":23},"end":{"line":70,"column":3}},"7":{"start":{"line":29,"column":4},"end":{"line":29,"column":17}},"8":{"start":{"line":32,"column":4},"end":{"line":35,"column":5}},"9":{"start":{"line":33,"column":6},"end":{"line":33,"column":62}},"10":{"start":{"line":34,"column":6},"end":{"line":34,"column":13}},"11":{"start":{"line":37,"column":4},"end":{"line":40,"column":5}},"12":{"start":{"line":38,"column":6},"end":{"line":38,"column":53}},"13":{"start":{"line":39,"column":6},"end":{"line":39,"column":13}},"14":{"start":{"line":42,"column":4},"end":{"line":45,"column":5}},"15":{"start":{"line":43,"column":6},"end":{"line":43,"column":69}},"16":{"start":{"line":44,"column":6},"end":{"line":44,"column":13}},"17":{"start":{"line":48,"column":23},"end":{"line":48,"column":51}},"18":{"start":{"line":49,"column":4},"end":{"line":52,"column":5}},"19":{"start":{"line":50,"column":6},"end":{"line":50,"column":65}},"20":{"start":{"line":51,"column":6},"end":{"line":51,"column":13}},"21":{"start":{"line":54,"column":4},"end":{"line":69,"column":5}},"22":{"start":{"line":55,"column":6},"end":{"line":66,"column":7}},"23":{"start":{"line":56,"column":8},"end":{"line":56,"column":38}},"24":{"start":{"line":57,"column":8},"end":{"line":61,"column":10}},"25":{"start":{"line":60,"column":40},"end":{"line":60,"column":58}},"26":{"start":{"line":63,"column":8},"end":{"line":63,"column":38}},"27":{"start":{"line":65,"column":8},"end":{"line":65,"column":37}},"28":{"start":{"line":68,"column":6},"end":{"line":68,"column":40}},"29":{"start":{"line":72,"column":28},"end":{"line":74,"column":3}},"30":{"start":{"line":73,"column":4},"end":{"line":73,"column":33}},"31":{"start":{"line":76,"column":2},"end":{"line":183,"column":4}},"32":{"start":{"line":149,"column":16},"end":{"line":149,"column":39}},"33":{"start":{"line":150,"column":16},"end":{"line":150,"column":29}},"34":{"start":{"line":151,"column":16},"end":{"line":151,"column":39}},"35":{"start":{"line":186,"column":15},"end":{"line":287,"column":2}}},"fnMap":{"0":{"name":"AuthScreen","decl":{"start":{"line":18,"column":24},"end":{"line":18,"column":34}},"loc":{"start":{"line":18,"column":37},"end":{"line":184,"column":1}},"line":18},"1":{"name":"(anonymous_1)","decl":{"start":{"line":27,"column":23},"end":{"line":27,"column":24}},"loc":{"start":{"line":27,"column":35},"end":{"line":70,"column":3}},"line":27},"2":{"name":"(anonymous_2)","decl":{"start":{"line":60,"column":34},"end":{"line":60,"column":35}},"loc":{"start":{"line":60,"column":40},"end":{"line":60,"column":58}},"line":60},"3":{"name":"(anonymous_3)","decl":{"start":{"line":72,"column":28},"end":{"line":72,"column":29}},"loc":{"start":{"line":72,"column":34},"end":{"line":74,"column":3}},"line":72},"4":{"name":"(anonymous_4)","decl":{"start":{"line":148,"column":23},"end":{"line":148,"column":24}},"loc":{"start":{"line":148,"column":29},"end":{"line":152,"column":15}},"line":148}},"branchMap":{"0":{"loc":{"start":{"line":32,"column":4},"end":{"line":35,"column":5}},"type":"if","locations":[{"start":{"line":32,"column":4},"end":{"line":35,"column":5}},{"start":{},"end":{}}],"line":32},"1":{"loc":{"start":{"line":32,"column":8},"end":{"line":32,"column":27}},"type":"binary-expr","locations":[{"start":{"line":32,"column":8},"end":{"line":32,"column":14}},{"start":{"line":32,"column":18},"end":{"line":32,"column":27}}],"line":32},"2":{"loc":{"start":{"line":37,"column":4},"end":{"line":40,"column":5}},"type":"if","locations":[{"start":{"line":37,"column":4},"end":{"line":40,"column":5}},{"start":{},"end":{}}],"line":37},"3":{"loc":{"start":{"line":37,"column":8},"end":{"line":37,"column":48}},"type":"binary-expr","locations":[{"start":{"line":37,"column":8},"end":{"line":37,"column":16}},{"start":{"line":37,"column":20},"end":{"line":37,"column":48}}],"line":37},"4":{"loc":{"start":{"line":42,"column":4},"end":{"line":45,"column":5}},"type":"if","locations":[{"start":{"line":42,"column":4},"end":{"line":45,"column":5}},{"start":{},"end":{}}],"line":42},"5":{"loc":{"start":{"line":49,"column":4},"end":{"line":52,"column":5}},"type":"if","locations":[{"start":{"line":49,"column":4},"end":{"line":52,"column":5}},{"start":{},"end":{}}],"line":49},"6":{"loc":{"start":{"line":55,"column":6},"end":{"line":66,"column":7}},"type":"if","locations":[{"start":{"line":55,"column":6},"end":{"line":66,"column":7}},{"start":{"line":62,"column":13},"end":{"line":66,"column":7}}],"line":55},"7":{"loc":{"start":{"line":79,"column":18},"end":{"line":79,"column":62}},"type":"cond-expr","locations":[{"start":{"line":79,"column":42},"end":{"line":79,"column":51}},{"start":{"line":79,"column":54},"end":{"line":79,"column":62}}],"line":79},"8":{"loc":{"start":{"line":89,"column":15},"end":{"line":89,"column":64}},"type":"cond-expr","locations":[{"start":{"line":89,"column":26},"end":{"line":89,"column":47}},{"start":{"line":89,"column":50},"end":{"line":89,"column":64}}],"line":89},"9":{"loc":{"start":{"line":116,"column":13},"end":{"line":126,"column":13}},"type":"binary-expr","locations":[{"start":{"line":116,"column":13},"end":{"line":116,"column":21}},{"start":{"line":117,"column":14},"end":{"line":125,"column":16}}],"line":116},"10":{"loc":{"start":{"line":128,"column":13},"end":{"line":130,"column":13}},"type":"binary-expr","locations":[{"start":{"line":128,"column":13},"end":{"line":128,"column":18}},{"start":{"line":129,"column":14},"end":{"line":129,"column":59}}],"line":128},"11":{"loc":{"start":{"line":133,"column":59},"end":{"line":133,"column":93}},"type":"binary-expr","locations":[{"start":{"line":133,"column":59},"end":{"line":133,"column":68}},{"start":{"line":133,"column":72},"end":{"line":133,"column":93}}],"line":133},"12":{"loc":{"start":{"line":137,"column":15},"end":{"line":143,"column":15}},"type":"cond-expr","locations":[{"start":{"line":138,"column":16},"end":{"line":138,"column":50}},{"start":{"line":140,"column":16},"end":{"line":142,"column":23}}],"line":137},"13":{"loc":{"start":{"line":141,"column":19},"end":{"line":141,"column":51}},"type":"cond-expr","locations":[{"start":{"line":141,"column":30},"end":{"line":141,"column":39}},{"start":{"line":141,"column":42},"end":{"line":141,"column":51}}],"line":141},"14":{"loc":{"start":{"line":156,"column":17},"end":{"line":158,"column":52}},"type":"cond-expr","locations":[{"start":{"line":157,"column":20},"end":{"line":157,"column":54}},{"start":{"line":158,"column":20},"end":{"line":158,"column":52}}],"line":156}},"s":{"0":0,"1":0,"2":0,"3":0,"4":0,"5":0,"6":0,"7":0,"8":0,"9":0,"10":0,"11":0,"12":0,"13":0,"14":0,"15":0,"16":0,"17":0,"18":0,"19":0,"20":0,"21":0,"22":0,"23":0,"24":0,"25":0,"26":0,"27":0,"28":0,"29":0,"30":0,"31":0,"32":0,"33":0,"34":0,"35":0},"f":{"0":0,"1":0,"2":0,"3":0,"4":0},"b":{"0":[0,0],"1":[0,0],"2":[0,0],"3":[0,0],"4":[0,0],"5":[0,0],"6":[0,0],"7":[0,0],"8":[0,0],"9":[0,0],"10":[0,0],"11":[0,0],"12":[0,0],"13":[0,0],"14":[0,0]}}
,"/Users/xiaochunliu/ai-todo/app/index.tsx": {"path":"/Users/xiaochunliu/ai-todo/app/index.tsx","statementMap":{"0":{"start":{"line":8,"column":34},"end":{"line":8,"column":48}},"1":{"start":{"line":10,"column":2},"end":{"line":28,"column":28}},"2":{"start":{"line":11,"column":4},"end":{"line":13,"column":5}},"3":{"start":{"line":12,"column":6},"end":{"line":12,"column":13}},"4":{"start":{"line":16,"column":4},"end":{"line":19,"column":5}},"5":{"start":{"line":17,"column":6},"end":{"line":17,"column":35}},"6":{"start":{"line":18,"column":6},"end":{"line":18,"column":13}},"7":{"start":{"line":23,"column":4},"end":{"line":27,"column":5}},"8":{"start":{"line":24,"column":6},"end":{"line":24,"column":35}},"9":{"start":{"line":26,"column":6},"end":{"line":26,"column":30}},"10":{"start":{"line":30,"column":2},"end":{"line":34,"column":4}},"11":{"start":{"line":37,"column":15},"end":{"line":44,"column":2}}},"fnMap":{"0":{"name":"Index","decl":{"start":{"line":7,"column":24},"end":{"line":7,"column":29}},"loc":{"start":{"line":7,"column":32},"end":{"line":35,"column":1}},"line":7},"1":{"name":"(anonymous_1)","decl":{"start":{"line":10,"column":12},"end":{"line":10,"column":13}},"loc":{"start":{"line":10,"column":18},"end":{"line":28,"column":3}},"line":10}},"branchMap":{"0":{"loc":{"start":{"line":11,"column":4},"end":{"line":13,"column":5}},"type":"if","locations":[{"start":{"line":11,"column":4},"end":{"line":13,"column":5}},{"start":{},"end":{}}],"line":11},"1":{"loc":{"start":{"line":16,"column":4},"end":{"line":19,"column":5}},"type":"if","locations":[{"start":{"line":16,"column":4},"end":{"line":19,"column":5}},{"start":{},"end":{}}],"line":16},"2":{"loc":{"start":{"line":23,"column":4},"end":{"line":27,"column":5}},"type":"if","locations":[{"start":{"line":23,"column":4},"end":{"line":27,"column":5}},{"start":{"line":25,"column":11},"end":{"line":27,"column":5}}],"line":23}},"s":{"0":0,"1":0,"2":0,"3":0,"4":0,"5":0,"6":0,"7":0,"8":0,"9":0,"10":0,"11":0},"f":{"0":0,"1":0},"b":{"0":[0,0],"1":[0,0],"2":[0,0]}}
,"/Users/xiaochunliu/ai-todo/app/settings.tsx": {"path":"/Users/xiaochunliu/ai-todo/app/settings.tsx","statementMap":{"0":{"start":{"line":17,"column":28},"end":{"line":17,"column":42}},"1":{"start":{"line":18,"column":41},"end":{"line":18,"column":55}},"2":{"start":{"line":19,"column":34},"end":{"line":19,"column":51}},"3":{"start":{"line":20,"column":30},"end":{"line":20,"column":70}},"4":{"start":{"line":20,"column":48},"end":{"line":20,"column":62}},"5":{"start":{"line":22,"column":23},"end":{"line":38,"column":3}},"6":{"start":{"line":23,"column":4},"end":{"line":37,"column":6}},"7":{"start":{"line":32,"column":12},"end":{"line":32,"column":28}},"8":{"start":{"line":33,"column":12},"end":{"line":33,"column":36}},"9":{"start":{"line":40,"column":36},"end":{"line":61,"column":3}},"10":{"start":{"line":41,"column":4},"end":{"line":44,"column":5}},"11":{"start":{"line":42,"column":6},"end":{"line":42,"column":40}},"12":{"start":{"line":43,"column":6},"end":{"line":43,"column":13}},"13":{"start":{"line":46,"column":4},"end":{"line":60,"column":6}},"14":{"start":{"line":55,"column":12},"end":{"line":55,"column":40}},"15":{"start":{"line":56,"column":12},"end":{"line":56,"column":45}},"16":{"start":{"line":63,"column":31},"end":{"line":67,"column":3}},"17":{"start":{"line":64,"column":4},"end":{"line":64,"column":22}},"18":{"start":{"line":66,"column":4},"end":{"line":66,"column":36}},"19":{"start":{"line":69,"column":2},"end":{"line":177,"column":4}},"20":{"start":{"line":77,"column":25},"end":{"line":77,"column":38}},"21":{"start":{"line":111,"column":29},"end":{"line":111,"column":58}},"22":{"start":{"line":120,"column":29},"end":{"line":120,"column":58}},"23":{"start":{"line":180,"column":15},"end":{"line":332,"column":2}}},"fnMap":{"0":{"name":"SettingsScreen","decl":{"start":{"line":16,"column":24},"end":{"line":16,"column":38}},"loc":{"start":{"line":16,"column":41},"end":{"line":178,"column":1}},"line":16},"1":{"name":"(anonymous_1)","decl":{"start":{"line":20,"column":43},"end":{"line":20,"column":44}},"loc":{"start":{"line":20,"column":48},"end":{"line":20,"column":62}},"line":20},"2":{"name":"(anonymous_2)","decl":{"start":{"line":22,"column":23},"end":{"line":22,"column":24}},"loc":{"start":{"line":22,"column":35},"end":{"line":38,"column":3}},"line":22},"3":{"name":"(anonymous_3)","decl":{"start":{"line":31,"column":19},"end":{"line":31,"column":20}},"loc":{"start":{"line":31,"column":31},"end":{"line":34,"column":11}},"line":31},"4":{"name":"(anonymous_4)","decl":{"start":{"line":40,"column":36},"end":{"line":40,"column":37}},"loc":{"start":{"line":40,"column":42},"end":{"line":61,"column":3}},"line":40},"5":{"name":"(anonymous_5)","decl":{"start":{"line":54,"column":19},"end":{"line":54,"column":20}},"loc":{"start":{"line":54,"column":31},"end":{"line":57,"column":11}},"line":54},"6":{"name":"(anonymous_6)","decl":{"start":{"line":63,"column":31},"end":{"line":63,"column":32}},"loc":{"start":{"line":63,"column":49},"end":{"line":67,"column":3}},"line":63},"7":{"name":"(anonymous_7)","decl":{"start":{"line":77,"column":19},"end":{"line":77,"column":20}},"loc":{"start":{"line":77,"column":25},"end":{"line":77,"column":38}},"line":77},"8":{"name":"(anonymous_8)","decl":{"start":{"line":111,"column":23},"end":{"line":111,"column":24}},"loc":{"start":{"line":111,"column":29},"end":{"line":111,"column":58}},"line":111},"9":{"name":"(anonymous_9)","decl":{"start":{"line":120,"column":23},"end":{"line":120,"column":24}},"loc":{"start":{"line":120,"column":29},"end":{"line":120,"column":58}},"line":120}},"branchMap":{"0":{"loc":{"start":{"line":41,"column":4},"end":{"line":44,"column":5}},"type":"if","locations":[{"start":{"line":41,"column":4},"end":{"line":44,"column":5}},{"start":{},"end":{}}],"line":41},"1":{"loc":{"start":{"line":94,"column":19},"end":{"line":94,"column":57}},"type":"binary-expr","locations":[{"start":{"line":94,"column":19},"end":{"line":94,"column":50}},{"start":{"line":94,"column":54},"end":{"line":94,"column":57}}],"line":94},"2":{"loc":{"start":{"line":98,"column":48},"end":{"line":98,"column":68}},"type":"binary-expr","locations":[{"start":{"line":98,"column":48},"end":{"line":98,"column":59}},{"start":{"line":98,"column":63},"end":{"line":98,"column":68}}],"line":98},"3":{"loc":{"start":{"line":99,"column":49},"end":{"line":99,"column":79}},"type":"binary-expr","locations":[{"start":{"line":99,"column":49},"end":{"line":99,"column":70}},{"start":{"line":99,"column":74},"end":{"line":99,"column":79}}],"line":99},"4":{"loc":{"start":{"line":115,"column":15},"end":{"line":115,"column":78}},"type":"binary-expr","locations":[{"start":{"line":115,"column":15},"end":{"line":115,"column":35}},{"start":{"line":115,"column":39},"end":{"line":115,"column":78}}],"line":115},"5":{"loc":{"start":{"line":124,"column":15},"end":{"line":124,"column":78}},"type":"binary-expr","locations":[{"start":{"line":124,"column":15},"end":{"line":124,"column":35}},{"start":{"line":124,"column":39},"end":{"line":124,"column":78}}],"line":124}},"s":{"0":0,"1":0,"2":0,"3":0,"4":0,"5":0,"6":0,"7":0,"8":0,"9":0,"10":0,"11":0,"12":0,"13":0,"14":0,"15":0,"16":0,"17":0,"18":0,"19":0,"20":0,"21":0,"22":0,"23":0},"f":{"0":0,"1":0,"2":0,"3":0,"4":0,"5":0,"6":0,"7":0,"8":0,"9":0},"b":{"0":[0,0],"1":[0,0],"2":[0,0],"3":[0,0],"4":[0,0],"5":[0,0]}}
,"/Users/xiaochunliu/ai-todo/app/task-list.tsx": {"path":"/Users/xiaochunliu/ai-todo/app/task-list.tsx","statementMap":{"0":{"start":{"line":47,"column":6},"end":{"line":47,"column":20}},"1":{"start":{"line":59,"column":6},"end":{"line":59,"column":21}},"2":{"start":{"line":61,"column":19},"end":{"line":61,"column":33}},"3":{"start":{"line":63,"column":38},"end":{"line":63,"column":53}},"4":{"start":{"line":64,"column":34},"end":{"line":64,"column":105}},"5":{"start":{"line":65,"column":42},"end":{"line":65,"column":74}},"6":{"start":{"line":66,"column":36},"end":{"line":66,"column":58}},"7":{"start":{"line":67,"column":46},"end":{"line":67,"column":61}},"8":{"start":{"line":69,"column":24},"end":{"line":69,"column":56}},"9":{"start":{"line":70,"column":24},"end":{"line":70,"column":56}},"10":{"start":{"line":72,"column":2},"end":{"line":94,"column":13}},"11":{"start":{"line":73,"column":4},"end":{"line":73,"column":17}},"12":{"start":{"line":74,"column":4},"end":{"line":74,"column":18}},"13":{"start":{"line":77,"column":4},"end":{"line":77,"column":52}},"14":{"start":{"line":80,"column":24},"end":{"line":82,"column":6}},"15":{"start":{"line":81,"column":6},"end":{"line":81,"column":54}},"16":{"start":{"line":85,"column":4},"end":{"line":87,"column":5}},"17":{"start":{"line":86,"column":6},"end":{"line":86,"column":47}},"18":{"start":{"line":89,"column":4},"end":{"line":93,"column":6}},"19":{"start":{"line":90,"column":6},"end":{"line":90,"column":20}},"20":{"start":{"line":92,"column":6},"end":{"line":92,"column":32}},"21":{"start":{"line":97,"column":2},"end":{"line":106,"column":14}},"22":{"start":{"line":98,"column":34},"end":{"line":101,"column":5}},"23":{"start":{"line":99,"column":23},"end":{"line":99,"column":65}},"24":{"start":{"line":100,"column":6},"end":{"line":100,"column":69}},"25":{"start":{"line":103,"column":4},"end":{"line":105,"column":5}},"26":{"start":{"line":104,"column":6},"end":{"line":104,"column":30}},"27":{"start":{"line":108,"column":26},"end":{"line":119,"column":3}},"28":{"start":{"line":109,"column":4},"end":{"line":118,"column":5}},"29":{"start":{"line":111,"column":8},"end":{"line":111,"column":31}},"30":{"start":{"line":113,"column":8},"end":{"line":113,"column":33}},"31":{"start":{"line":115,"column":8},"end":{"line":115,"column":30}},"32":{"start":{"line":117,"column":8},"end":{"line":117,"column":18}},"33":{"start":{"line":121,"column":24},"end":{"line":132,"column":3}},"34":{"start":{"line":122,"column":4},"end":{"line":122,"column":24}},"35":{"start":{"line":125,"column":4},"end":{"line":127,"column":5}},"36":{"start":{"line":126,"column":6},"end":{"line":126,"column":50}},"37":{"start":{"line":129,"column":4},"end":{"line":129,"column":23}},"38":{"start":{"line":130,"column":4},"end":{"line":130,"column":24}},"39":{"start":{"line":131,"column":4},"end":{"line":131,"column":25}},"40":{"start":{"line":134,"column":26},"end":{"line":137,"column":3}},"41":{"start":{"line":135,"column":4},"end":{"line":135,"column":26}},"42":{"start":{"line":136,"column":4},"end":{"line":136,"column":41}},"43":{"start":{"line":139,"column":31},"end":{"line":144,"column":3}},"44":{"start":{"line":140,"column":4},"end":{"line":140,"column":36}},"45":{"start":{"line":141,"column":20},"end":{"line":141,"column":57}},"46":{"start":{"line":142,"column":4},"end":{"line":142,"column":86}},"47":{"start":{"line":143,"column":4},"end":{"line":143,"column":28}},"48":{"start":{"line":146,"column":30},"end":{"line":149,"column":3}},"49":{"start":{"line":147,"column":4},"end":{"line":147,"column":26}},"50":{"start":{"line":148,"column":4},"end":{"line":148,"column":37}},"51":{"start":{"line":151,"column":24},"end":{"line":153,"column":3}},"52":{"start":{"line":152,"column":4},"end":{"line":152,"column":37}},"53":{"start":{"line":155,"column":25},"end":{"line":161,"column":3}},"54":{"start":{"line":156,"column":4},"end":{"line":160,"column":5}},"55":{"start":{"line":157,"column":6},"end":{"line":157,"column":46}},"56":{"start":{"line":159,"column":6},"end":{"line":159,"column":33}},"57":{"start":{"line":163,"column":27},"end":{"line":182,"column":3}},"58":{"start":{"line":164,"column":15},"end":{"line":164,"column":41}},"59":{"start":{"line":165,"column":4},"end":{"line":165,"column":20}},"60":{"start":{"line":165,"column":13},"end":{"line":165,"column":20}},"61":{"start":{"line":167,"column":4},"end":{"line":181,"column":6}},"62":{"start":{"line":176,"column":12},"end":{"line":176,"column":33}},"63":{"start":{"line":177,"column":12},"end":{"line":177,"column":91}},"64":{"start":{"line":184,"column":25},"end":{"line":216,"column":3}},"65":{"start":{"line":185,"column":4},"end":{"line":185,"column":30}},"66":{"start":{"line":185,"column":23},"end":{"line":185,"column":30}},"67":{"start":{"line":188,"column":16},"end":{"line":188,"column":26}},"68":{"start":{"line":190,"column":4},"end":{"line":212,"column":5}},"69":{"start":{"line":192,"column":8},"end":{"line":192,"column":34}},"70":{"start":{"line":193,"column":8},"end":{"line":193,"column":33}},"71":{"start":{"line":194,"column":8},"end":{"line":194,"column":14}},"72":{"start":{"line":196,"column":8},"end":{"line":196,"column":39}},"73":{"start":{"line":197,"column":8},"end":{"line":197,"column":33}},"74":{"start":{"line":198,"column":8},"end":{"line":198,"column":33}},"75":{"start":{"line":199,"column":8},"end":{"line":199,"column":14}},"76":{"start":{"line":201,"column":34},"end":{"line":201,"column":65}},"77":{"start":{"line":202,"column":8},"end":{"line":202,"column":55}},"78":{"start":{"line":203,"column":8},"end":{"line":203,"column":33}},"79":{"start":{"line":204,"column":8},"end":{"line":204,"column":33}},"80":{"start":{"line":205,"column":8},"end":{"line":205,"column":14}},"81":{"start":{"line":208,"column":8},"end":{"line":208,"column":53}},"82":{"start":{"line":209,"column":8},"end":{"line":209,"column":15}},"83":{"start":{"line":211,"column":8},"end":{"line":211,"column":15}},"84":{"start":{"line":214,"column":4},"end":{"line":214,"column":50}},"85":{"start":{"line":215,"column":4},"end":{"line":215,"column":83}},"86":{"start":{"line":218,"column":20},"end":{"line":222,"column":3}},"87":{"start":{"line":219,"column":4},"end":{"line":219,"column":30}},"88":{"start":{"line":219,"column":23},"end":{"line":219,"column":30}},"89":{"start":{"line":220,"column":4},"end":{"line":220,"column":35}},"90":{"start":{"line":221,"column":4},"end":{"line":221,"column":83}},"91":{"start":{"line":224,"column":30},"end":{"line":228,"column":3}},"92":{"start":{"line":225,"column":19},"end":{"line":225,"column":48}},"93":{"start":{"line":226,"column":20},"end":{"line":226,"column":102}},"94":{"start":{"line":227,"column":4},"end":{"line":227,"column":88}},"95":{"start":{"line":230,"column":29},"end":{"line":241,"column":3}},"96":{"start":{"line":231,"column":4},"end":{"line":240,"column":5}},"97":{"start":{"line":233,"column":6},"end":{"line":235,"column":7}},"98":{"start":{"line":234,"column":8},"end":{"line":234,"column":39}},"99":{"start":{"line":236,"column":6},"end":{"line":236,"column":23}},"100":{"start":{"line":237,"column":11},"end":{"line":240,"column":5}},"101":{"start":{"line":239,"column":6},"end":{"line":239,"column":35}},"102":{"start":{"line":243,"column":39},"end":{"line":252,"column":3}},"103":{"start":{"line":244,"column":4},"end":{"line":251,"column":5}},"104":{"start":{"line":245,"column":6},"end":{"line":245,"column":50}},"105":{"start":{"line":246,"column":6},"end":{"line":246,"column":26}},"106":{"start":{"line":247,"column":6},"end":{"line":247,"column":92}},"107":{"start":{"line":249,"column":6},"end":{"line":249,"column":54}},"108":{"start":{"line":250,"column":6},"end":{"line":250,"column":44}},"109":{"start":{"line":254,"column":23},"end":{"line":254,"column":40}},"110":{"start":{"line":255,"column":29},"end":{"line":255,"column":66}},"111":{"start":{"line":255,"column":48},"end":{"line":255,"column":58}},"112":{"start":{"line":256,"column":28},"end":{"line":256,"column":78}},"113":{"start":{"line":256,"column":67},"end":{"line":256,"column":77}},"114":{"start":{"line":258,"column":25},"end":{"line":266,"column":3}},"115":{"start":{"line":259,"column":4},"end":{"line":265,"column":6}},"116":{"start":{"line":262,"column":21},"end":{"line":262,"column":42}},"117":{"start":{"line":263,"column":26},"end":{"line":263,"column":52}},"118":{"start":{"line":264,"column":25},"end":{"line":264,"column":50}},"119":{"start":{"line":268,"column":29},"end":{"line":313,"column":3}},"120":{"start":{"line":269,"column":4},"end":{"line":269,"column":75}},"121":{"start":{"line":269,"column":63},"end":{"line":269,"column":75}},"122":{"start":{"line":271,"column":4},"end":{"line":312,"column":6}},"123":{"start":{"line":285,"column":14},"end":{"line":304,"column":21}},"124":{"start":{"line":294,"column":33},"end":{"line":294,"column":63}},"125":{"start":{"line":302,"column":38},"end":{"line":302,"column":66}},"126":{"start":{"line":315,"column":2},"end":{"line":400,"column":4}},"127":{"start":{"line":331,"column":27},"end":{"line":331,"column":51}},"128":{"start":{"line":342,"column":32},"end":{"line":342,"column":39}},"129":{"start":{"line":382,"column":25},"end":{"line":382,"column":69}},"130":{"start":{"line":396,"column":24},"end":{"line":396,"column":42}},"131":{"start":{"line":403,"column":15},"end":{"line":533,"column":2}}},"fnMap":{"0":{"name":"TaskListScreen","decl":{"start":{"line":31,"column":24},"end":{"line":31,"column":38}},"loc":{"start":{"line":31,"column":41},"end":{"line":401,"column":1}},"line":31},"1":{"name":"(anonymous_1)","decl":{"start":{"line":72,"column":12},"end":{"line":72,"column":13}},"loc":{"start":{"line":72,"column":18},"end":{"line":94,"column":3}},"line":72},"2":{"name":"(anonymous_2)","decl":{"start":{"line":80,"column":49},"end":{"line":80,"column":50}},"loc":{"start":{"line":80,"column":58},"end":{"line":82,"column":5}},"line":80},"3":{"name":"(anonymous_3)","decl":{"start":{"line":89,"column":11},"end":{"line":89,"column":12}},"loc":{"start":{"line":89,"column":17},"end":{"line":93,"column":5}},"line":89},"4":{"name":"(anonymous_4)","decl":{"start":{"line":97,"column":12},"end":{"line":97,"column":13}},"loc":{"start":{"line":97,"column":18},"end":{"line":106,"column":3}},"line":97},"5":{"name":"(anonymous_5)","decl":{"start":{"line":98,"column":34},"end":{"line":98,"column":35}},"loc":{"start":{"line":98,"column":46},"end":{"line":101,"column":5}},"line":98},"6":{"name":"(anonymous_6)","decl":{"start":{"line":108,"column":26},"end":{"line":108,"column":27}},"loc":{"start":{"line":108,"column":32},"end":{"line":119,"column":3}},"line":108},"7":{"name":"(anonymous_7)","decl":{"start":{"line":121,"column":24},"end":{"line":121,"column":25}},"loc":{"start":{"line":121,"column":36},"end":{"line":132,"column":3}},"line":121},"8":{"name":"(anonymous_8)","decl":{"start":{"line":134,"column":26},"end":{"line":134,"column":27}},"loc":{"start":{"line":134,"column":46},"end":{"line":137,"column":3}},"line":134},"9":{"name":"(anonymous_9)","decl":{"start":{"line":139,"column":31},"end":{"line":139,"column":32}},"loc":{"start":{"line":139,"column":57},"end":{"line":144,"column":3}},"line":139},"10":{"name":"(anonymous_10)","decl":{"start":{"line":146,"column":30},"end":{"line":146,"column":31}},"loc":{"start":{"line":146,"column":50},"end":{"line":149,"column":3}},"line":146},"11":{"name":"(anonymous_11)","decl":{"start":{"line":151,"column":24},"end":{"line":151,"column":25}},"loc":{"start":{"line":151,"column":30},"end":{"line":153,"column":3}},"line":151},"12":{"name":"(anonymous_12)","decl":{"start":{"line":155,"column":25},"end":{"line":155,"column":26}},"loc":{"start":{"line":155,"column":64},"end":{"line":161,"column":3}},"line":155},"13":{"name":"(anonymous_13)","decl":{"start":{"line":163,"column":27},"end":{"line":163,"column":28}},"loc":{"start":{"line":163,"column":54},"end":{"line":182,"column":3}},"line":163},"14":{"name":"(anonymous_14)","decl":{"start":{"line":175,"column":19},"end":{"line":175,"column":20}},"loc":{"start":{"line":175,"column":31},"end":{"line":178,"column":11}},"line":175},"15":{"name":"(anonymous_15)","decl":{"start":{"line":184,"column":25},"end":{"line":184,"column":26}},"loc":{"start":{"line":184,"column":51},"end":{"line":216,"column":3}},"line":184},"16":{"name":"(anonymous_16)","decl":{"start":{"line":218,"column":20},"end":{"line":218,"column":21}},"loc":{"start":{"line":218,"column":32},"end":{"line":222,"column":3}},"line":218},"17":{"name":"(anonymous_17)","decl":{"start":{"line":224,"column":30},"end":{"line":224,"column":31}},"loc":{"start":{"line":224,"column":42},"end":{"line":228,"column":3}},"line":224},"18":{"name":"(anonymous_18)","decl":{"start":{"line":230,"column":29},"end":{"line":230,"column":30}},"loc":{"start":{"line":230,"column":41},"end":{"line":241,"column":3}},"line":230},"19":{"name":"(anonymous_19)","decl":{"start":{"line":243,"column":39},"end":{"line":243,"column":40}},"loc":{"start":{"line":243,"column":67},"end":{"line":252,"column":3}},"line":243},"20":{"name":"(anonymous_20)","decl":{"start":{"line":255,"column":43},"end":{"line":255,"column":44}},"loc":{"start":{"line":255,"column":48},"end":{"line":255,"column":58}},"line":255},"21":{"name":"(anonymous_21)","decl":{"start":{"line":256,"column":62},"end":{"line":256,"column":63}},"loc":{"start":{"line":256,"column":67},"end":{"line":256,"column":77}},"line":256},"22":{"name":"(anonymous_22)","decl":{"start":{"line":258,"column":25},"end":{"line":258,"column":26}},"loc":{"start":{"line":259,"column":4},"end":{"line":265,"column":6}},"line":259},"23":{"name":"(anonymous_23)","decl":{"start":{"line":262,"column":15},"end":{"line":262,"column":16}},"loc":{"start":{"line":262,"column":21},"end":{"line":262,"column":42}},"line":262},"24":{"name":"(anonymous_24)","decl":{"start":{"line":263,"column":20},"end":{"line":263,"column":21}},"loc":{"start":{"line":263,"column":26},"end":{"line":263,"column":52}},"line":263},"25":{"name":"(anonymous_25)","decl":{"start":{"line":264,"column":19},"end":{"line":264,"column":20}},"loc":{"start":{"line":264,"column":25},"end":{"line":264,"column":50}},"line":264},"26":{"name":"(anonymous_26)","decl":{"start":{"line":268,"column":29},"end":{"line":268,"column":30}},"loc":{"start":{"line":268,"column":35},"end":{"line":313,"column":3}},"line":268},"27":{"name":"(anonymous_27)","decl":{"start":{"line":284,"column":37},"end":{"line":284,"column":38}},"loc":{"start":{"line":285,"column":14},"end":{"line":304,"column":21}},"line":285},"28":{"name":"(anonymous_28)","decl":{"start":{"line":294,"column":27},"end":{"line":294,"column":28}},"loc":{"start":{"line":294,"column":33},"end":{"line":294,"column":63}},"line":294},"29":{"name":"(anonymous_29)","decl":{"start":{"line":302,"column":32},"end":{"line":302,"column":33}},"loc":{"start":{"line":302,"column":38},"end":{"line":302,"column":66}},"line":302},"30":{"name":"(anonymous_30)","decl":{"start":{"line":331,"column":21},"end":{"line":331,"column":22}},"loc":{"start":{"line":331,"column":27},"end":{"line":331,"column":51}},"line":331},"31":{"name":"(anonymous_31)","decl":{"start":{"line":342,"column":22},"end":{"line":342,"column":23}},"loc":{"start":{"line":342,"column":32},"end":{"line":342,"column":39}},"line":342},"32":{"name":"(anonymous_32)","decl":{"start":{"line":382,"column":19},"end":{"line":382,"column":20}},"loc":{"start":{"line":382,"column":25},"end":{"line":382,"column":69}},"line":382},"33":{"name":"(anonymous_33)","decl":{"start":{"line":396,"column":18},"end":{"line":396,"column":19}},"loc":{"start":{"line":396,"column":24},"end":{"line":396,"column":42}},"line":396}},"branchMap":{"0":{"loc":{"start":{"line":85,"column":4},"end":{"line":87,"column":5}},"type":"if","locations":[{"start":{"line":85,"column":4},"end":{"line":87,"column":5}},{"start":{},"end":{}}],"line":85},"1":{"loc":{"start":{"line":103,"column":4},"end":{"line":105,"column":5}},"type":"if","locations":[{"start":{"line":103,"column":4},"end":{"line":105,"column":5}},{"start":{},"end":{}}],"line":103},"2":{"loc":{"start":{"line":109,"column":4},"end":{"line":118,"column":5}},"type":"switch","locations":[{"start":{"line":110,"column":6},"end":{"line":111,"column":31}},{"start":{"line":112,"column":6},"end":{"line":113,"column":33}},{"start":{"line":114,"column":6},"end":{"line":115,"column":30}},{"start":{"line":116,"column":6},"end":{"line":117,"column":18}}],"line":109},"3":{"loc":{"start":{"line":125,"column":4},"end":{"line":127,"column":5}},"type":"if","locations":[{"start":{"line":125,"column":4},"end":{"line":127,"column":5}},{"start":{},"end":{}}],"line":125},"4":{"loc":{"start":{"line":141,"column":20},"end":{"line":141,"column":57}},"type":"cond-expr","locations":[{"start":{"line":141,"column":40},"end":{"line":141,"column":47}},{"start":{"line":141,"column":50},"end":{"line":141,"column":57}}],"line":141},"5":{"loc":{"start":{"line":156,"column":4},"end":{"line":160,"column":5}},"type":"if","locations":[{"start":{"line":156,"column":4},"end":{"line":160,"column":5}},{"start":{"line":158,"column":11},"end":{"line":160,"column":5}}],"line":156},"6":{"loc":{"start":{"line":164,"column":15},"end":{"line":164,"column":41}},"type":"binary-expr","locations":[{"start":{"line":164,"column":15},"end":{"line":164,"column":21}},{"start":{"line":164,"column":25},"end":{"line":164,"column":41}}],"line":164},"7":{"loc":{"start":{"line":165,"column":4},"end":{"line":165,"column":20}},"type":"if","locations":[{"start":{"line":165,"column":4},"end":{"line":165,"column":20}},{"start":{},"end":{}}],"line":165},"8":{"loc":{"start":{"line":185,"column":4},"end":{"line":185,"column":30}},"type":"if","locations":[{"start":{"line":185,"column":4},"end":{"line":185,"column":30}},{"start":{},"end":{}}],"line":185},"9":{"loc":{"start":{"line":190,"column":4},"end":{"line":212,"column":5}},"type":"switch","locations":[{"start":{"line":191,"column":6},"end":{"line":194,"column":14}},{"start":{"line":195,"column":6},"end":{"line":199,"column":14}},{"start":{"line":200,"column":6},"end":{"line":205,"column":14}},{"start":{"line":206,"column":6},"end":{"line":209,"column":15}},{"start":{"line":210,"column":6},"end":{"line":211,"column":15}}],"line":190},"10":{"loc":{"start":{"line":201,"column":34},"end":{"line":201,"column":65}},"type":"binary-expr","locations":[{"start":{"line":201,"column":34},"end":{"line":201,"column":60}},{"start":{"line":201,"column":64},"end":{"line":201,"column":65}}],"line":201},"11":{"loc":{"start":{"line":219,"column":4},"end":{"line":219,"column":30}},"type":"if","locations":[{"start":{"line":219,"column":4},"end":{"line":219,"column":30}},{"start":{},"end":{}}],"line":219},"12":{"loc":{"start":{"line":226,"column":44},"end":{"line":226,"column":100}},"type":"cond-expr","locations":[{"start":{"line":226,"column":67},"end":{"line":226,"column":95}},{"start":{"line":226,"column":98},"end":{"line":226,"column":100}}],"line":226},"13":{"loc":{"start":{"line":231,"column":4},"end":{"line":240,"column":5}},"type":"if","locations":[{"start":{"line":231,"column":4},"end":{"line":240,"column":5}},{"start":{"line":237,"column":11},"end":{"line":240,"column":5}}],"line":231},"14":{"loc":{"start":{"line":231,"column":8},"end":{"line":231,"column":66}},"type":"binary-expr","locations":[{"start":{"line":231,"column":8},"end":{"line":231,"column":42}},{"start":{"line":231,"column":46},"end":{"line":231,"column":66}}],"line":231},"15":{"loc":{"start":{"line":237,"column":11},"end":{"line":240,"column":5}},"type":"if","locations":[{"start":{"line":237,"column":11},"end":{"line":240,"column":5}},{"start":{},"end":{}}],"line":237},"16":{"loc":{"start":{"line":256,"column":28},"end":{"line":256,"column":78}},"type":"binary-expr","locations":[{"start":{"line":256,"column":28},"end":{"line":256,"column":45}},{"start":{"line":256,"column":49},"end":{"line":256,"column":78}}],"line":256},"17":{"loc":{"start":{"line":269,"column":4},"end":{"line":269,"column":75}},"type":"if","locations":[{"start":{"line":269,"column":4},"end":{"line":269,"column":75}},{"start":{},"end":{}}],"line":269},"18":{"loc":{"start":{"line":269,"column":8},"end":{"line":269,"column":61}},"type":"binary-expr","locations":[{"start":{"line":269,"column":8},"end":{"line":269,"column":27}},{"start":{"line":269,"column":31},"end":{"line":269,"column":61}}],"line":269},"19":{"loc":{"start":{"line":279,"column":43},"end":{"line":279,"column":65}},"type":"cond-expr","locations":[{"start":{"line":279,"column":56},"end":{"line":279,"column":59}},{"start":{"line":279,"column":62},"end":{"line":279,"column":65}}],"line":279},"20":{"loc":{"start":{"line":282,"column":9},"end":{"line":310,"column":9}},"type":"binary-expr","locations":[{"start":{"line":282,"column":9},"end":{"line":282,"column":19}},{"start":{"line":283,"column":10},"end":{"line":309,"column":17}}],"line":282},"21":{"loc":{"start":{"line":287,"column":19},"end":{"line":287,"column":85}},"type":"binary-expr","locations":[{"start":{"line":287,"column":19},"end":{"line":287,"column":44}},{"start":{"line":287,"column":48},"end":{"line":287,"column":85}}],"line":287},"22":{"loc":{"start":{"line":288,"column":19},"end":{"line":288,"column":92}},"type":"binary-expr","locations":[{"start":{"line":288,"column":19},"end":{"line":288,"column":47}},{"start":{"line":288,"column":51},"end":{"line":288,"column":92}}],"line":288},"23":{"loc":{"start":{"line":289,"column":19},"end":{"line":289,"column":95}},"type":"binary-expr","locations":[{"start":{"line":289,"column":19},"end":{"line":289,"column":49}},{"start":{"line":289,"column":53},"end":{"line":289,"column":95}}],"line":289},"24":{"loc":{"start":{"line":290,"column":19},"end":{"line":290,"column":92}},"type":"binary-expr","locations":[{"start":{"line":290,"column":19},"end":{"line":290,"column":47}},{"start":{"line":290,"column":51},"end":{"line":290,"column":92}}],"line":290},"25":{"loc":{"start":{"line":296,"column":19},"end":{"line":296,"column":76}},"type":"binary-expr","locations":[{"start":{"line":296,"column":19},"end":{"line":296,"column":33}},{"start":{"line":296,"column":37},"end":{"line":296,"column":76}}],"line":296},"26":{"loc":{"start":{"line":306,"column":13},"end":{"line":308,"column":13}},"type":"binary-expr","locations":[{"start":{"line":306,"column":13},"end":{"line":306,"column":31}},{"start":{"line":307,"column":14},"end":{"line":307,"column":66}}],"line":306},"27":{"loc":{"start":{"line":350,"column":10},"end":{"line":350,"column":62}},"type":"binary-expr","locations":[{"start":{"line":350,"column":10},"end":{"line":350,"column":35}},{"start":{"line":350,"column":39},"end":{"line":350,"column":62}}],"line":350},"28":{"loc":{"start":{"line":369,"column":17},"end":{"line":369,"column":48}},"type":"binary-expr","locations":[{"start":{"line":369,"column":17},"end":{"line":369,"column":34}},{"start":{"line":369,"column":38},"end":{"line":369,"column":48}}],"line":369},"29":{"loc":{"start":{"line":395,"column":15},"end":{"line":395,"column":69}},"type":"cond-expr","locations":[{"start":{"line":395,"column":48},"end":{"line":395,"column":57}},{"start":{"line":395,"column":60},"end":{"line":395,"column":69}}],"line":395}},"s":{"0":0,"1":0,"2":0,"3":0,"4":0,"5":0,"6":0,"7":0,"8":0,"9":0,"10":0,"11":0,"12":0,"13":0,"14":0,"15":0,"16":0,"17":0,"18":0,"19":0,"20":0,"21":0,"22":0,"23":0,"24":0,"25":0,"26":0,"27":0,"28":0,"29":0,"30":0,"31":0,"32":0,"33":0,"34":0,"35":0,"36":0,"37":0,"38":0,"39":0,"40":0,"41":0,"42":0,"43":0,"44":0,"45":0,"46":0,"47":0,"48":0,"49":0,"50":0,"51":0,"52":0,"53":0,"54":0,"55":0,"56":0,"57":0,"58":0,"59":0,"60":0,"61":0,"62":0,"63":0,"64":0,"65":0,"66":0,"67":0,"68":0,"69":0,"70":0,"71":0,"72":0,"73":0,"74":0,"75":0,"76":0,"77":0,"78":0,"79":0,"80":0,"81":0,"82":0,"83":0,"84":0,"85":0,"86":0,"87":0,"88":0,"89":0,"90":0,"91":0,"92":0,"93":0,"94":0,"95":0,"96":0,"97":0,"98":0,"99":0,"100":0,"101":0,"102":0,"103":0,"104":0,"105":0,"106":0,"107":0,"108":0,"109":0,"110":0,"111":0,"112":0,"113":0,"114":0,"115":0,"116":0,"117":0,"118":0,"119":0,"120":0,"121":0,"122":0,"123":0,"124":0,"125":0,"126":0,"127":0,"128":0,"129":0,"130":0,"131":0},"f":{"0":0,"1":0,"2":0,"3":0,"4":0,"5":0,"6":0,"7":0,"8":0,"9":0,"10":0,"11":0,"12":0,"13":0,"14":0,"15":0,"16":0,"17":0,"18":0,"19":0,"20":0,"21":0,"22":0,"23":0,"24":0,"25":0,"26":0,"27":0,"28":0,"29":0,"30":0,"31":0,"32":0,"33":0},"b":{"0":[0,0],"1":[0,0],"2":[0,0,0,0],"3":[0,0],"4":[0,0],"5":[0,0],"6":[0,0],"7":[0,0],"8":[0,0],"9":[0,0,0,0,0],"10":[0,0],"11":[0,0],"12":[0,0],"13":[0,0],"14":[0,0],"15":[0,0],"16":[0,0],"17":[0,0],"18":[0,0],"19":[0,0],"20":[0,0],"21":[0,0],"22":[0,0],"23":[0,0],"24":[0,0],"25":[0,0],"26":[0,0],"27":[0,0],"28":[0,0],"29":[0,0]}}
,"/Users/xiaochunliu/ai-todo/components/BottomSheet.tsx": {"path":"/Users/xiaochunliu/ai-todo/components/BottomSheet.tsx","statementMap":{"0":{"start":{"line":22,"column":20},"end":{"line":81,"column":1}},"1":{"start":{"line":33,"column":27},"end":{"line":43,"column":5}},"2":{"start":{"line":35,"column":8},"end":{"line":40,"column":10}},"3":{"start":{"line":45,"column":31},"end":{"line":52,"column":5}},"4":{"start":{"line":47,"column":8},"end":{"line":49,"column":9}},"5":{"start":{"line":48,"column":10},"end":{"line":48,"column":20}},"6":{"start":{"line":54,"column":4},"end":{"line":79,"column":6}},"7":{"start":{"line":69,"column":31},"end":{"line":69,"column":63}},"8":{"start":{"line":83,"column":35},"end":{"line":83,"column":59}},"9":{"start":{"line":85,"column":15},"end":{"line":129,"column":2}}},"fnMap":{"0":{"name":"(anonymous_0)","decl":{"start":{"line":23,"column":2},"end":{"line":23,"column":3}},"loc":{"start":{"line":32,"column":7},"end":{"line":80,"column":3}},"line":32},"1":{"name":"(anonymous_1)","decl":{"start":{"line":34,"column":6},"end":{"line":34,"column":7}},"loc":{"start":{"line":35,"column":8},"end":{"line":40,"column":10}},"line":35},"2":{"name":"(anonymous_2)","decl":{"start":{"line":46,"column":6},"end":{"line":46,"column":7}},"loc":{"start":{"line":46,"column":25},"end":{"line":50,"column":7}},"line":46},"3":{"name":"(anonymous_3)","decl":{"start":{"line":69,"column":25},"end":{"line":69,"column":26}},"loc":{"start":{"line":69,"column":31},"end":{"line":69,"column":63}},"line":69}},"branchMap":{"0":{"loc":{"start":{"line":26,"column":6},"end":{"line":26,"column":33}},"type":"default-arg","locations":[{"start":{"line":26,"column":19},"end":{"line":26,"column":33}}],"line":26},"1":{"loc":{"start":{"line":28,"column":6},"end":{"line":28,"column":33}},"type":"default-arg","locations":[{"start":{"line":28,"column":29},"end":{"line":28,"column":33}}],"line":28},"2":{"loc":{"start":{"line":47,"column":8},"end":{"line":49,"column":9}},"type":"if","locations":[{"start":{"line":47,"column":8},"end":{"line":49,"column":9}},{"start":{},"end":{}}],"line":47},"3":{"loc":{"start":{"line":47,"column":12},"end":{"line":47,"column":35}},"type":"binary-expr","locations":[{"start":{"line":47,"column":12},"end":{"line":47,"column":24}},{"start":{"line":47,"column":28},"end":{"line":47,"column":35}}],"line":47},"4":{"loc":{"start":{"line":65,"column":11},"end":{"line":75,"column":11}},"type":"binary-expr","locations":[{"start":{"line":65,"column":11},"end":{"line":65,"column":16}},{"start":{"line":66,"column":12},"end":{"line":74,"column":19}}],"line":65}},"s":{"0":0,"1":0,"2":0,"3":0,"4":0,"5":0,"6":0,"7":0,"8":0,"9":0},"f":{"0":0,"1":0,"2":0,"3":0},"b":{"0":[0],"1":[0],"2":[0,0],"3":[0,0],"4":[0,0]}}
,"/Users/xiaochunliu/ai-todo/components/DateTimeButton.tsx": {"path":"/Users/xiaochunliu/ai-todo/components/DateTimeButton.tsx","statementMap":{"0":{"start":{"line":17,"column":54},"end":{"line":139,"column":1}},"1":{"start":{"line":22,"column":38},"end":{"line":22,"column":53}},"2":{"start":{"line":23,"column":34},"end":{"line":23,"column":63}},"3":{"start":{"line":25,"column":21},"end":{"line":37,"column":3}},"4":{"start":{"line":26,"column":48},"end":{"line":29,"column":5}},"5":{"start":{"line":31,"column":4},"end":{"line":34,"column":5}},"6":{"start":{"line":32,"column":6},"end":{"line":32,"column":31}},"7":{"start":{"line":33,"column":6},"end":{"line":33,"column":33}},"8":{"start":{"line":36,"column":4},"end":{"line":36,"column":49}},"9":{"start":{"line":39,"column":22},"end":{"line":41,"column":3}},"10":{"start":{"line":40,"column":4},"end":{"line":40,"column":24}},"11":{"start":{"line":43,"column":22},"end":{"line":45,"column":3}},"12":{"start":{"line":44,"column":4},"end":{"line":44,"column":24}},"13":{"start":{"line":47,"column":27},"end":{"line":65,"column":3}},"14":{"start":{"line":48,"column":4},"end":{"line":50,"column":5}},"15":{"start":{"line":49,"column":6},"end":{"line":49,"column":27}},"16":{"start":{"line":52,"column":4},"end":{"line":64,"column":5}},"17":{"start":{"line":54,"column":6},"end":{"line":58,"column":7}},"18":{"start":{"line":57,"column":8},"end":{"line":57,"column":42}},"19":{"start":{"line":60,"column":6},"end":{"line":60,"column":32}},"20":{"start":{"line":61,"column":6},"end":{"line":63,"column":7}},"21":{"start":{"line":62,"column":8},"end":{"line":62,"column":31}},"22":{"start":{"line":67,"column":21},"end":{"line":78,"column":3}},"23":{"start":{"line":69,"column":22},"end":{"line":69,"column":40}},"24":{"start":{"line":70,"column":4},"end":{"line":74,"column":5}},"25":{"start":{"line":73,"column":6},"end":{"line":73,"column":37}},"26":{"start":{"line":76,"column":4},"end":{"line":76,"column":24}},"27":{"start":{"line":77,"column":4},"end":{"line":77,"column":25}},"28":{"start":{"line":80,"column":2},"end":{"line":138,"column":4}},"29":{"start":{"line":108,"column":49},"end":{"line":108,"column":69}},"30":{"start":{"line":141,"column":15},"end":{"line":200,"column":2}}},"fnMap":{"0":{"name":"(anonymous_0)","decl":{"start":{"line":17,"column":54},"end":{"line":17,"column":55}},"loc":{"start":{"line":21,"column":6},"end":{"line":139,"column":1}},"line":21},"1":{"name":"(anonymous_1)","decl":{"start":{"line":25,"column":21},"end":{"line":25,"column":22}},"loc":{"start":{"line":25,"column":37},"end":{"line":37,"column":3}},"line":25},"2":{"name":"(anonymous_2)","decl":{"start":{"line":39,"column":22},"end":{"line":39,"column":23}},"loc":{"start":{"line":39,"column":28},"end":{"line":41,"column":3}},"line":39},"3":{"name":"(anonymous_3)","decl":{"start":{"line":43,"column":22},"end":{"line":43,"column":23}},"loc":{"start":{"line":43,"column":28},"end":{"line":45,"column":3}},"line":43},"4":{"name":"(anonymous_4)","decl":{"start":{"line":47,"column":27},"end":{"line":47,"column":28}},"loc":{"start":{"line":47,"column":64},"end":{"line":65,"column":3}},"line":47},"5":{"name":"(anonymous_5)","decl":{"start":{"line":67,"column":21},"end":{"line":67,"column":22}},"loc":{"start":{"line":67,"column":27},"end":{"line":78,"column":3}},"line":67},"6":{"name":"(anonymous_6)","decl":{"start":{"line":108,"column":43},"end":{"line":108,"column":44}},"loc":{"start":{"line":108,"column":49},"end":{"line":108,"column":69}},"line":108}},"branchMap":{"0":{"loc":{"start":{"line":20,"column":2},"end":{"line":20,"column":19}},"type":"default-arg","locations":[{"start":{"line":20,"column":9},"end":{"line":20,"column":19}}],"line":20},"1":{"loc":{"start":{"line":23,"column":43},"end":{"line":23,"column":62}},"type":"binary-expr","locations":[{"start":{"line":23,"column":43},"end":{"line":23,"column":48}},{"start":{"line":23,"column":52},"end":{"line":23,"column":62}}],"line":23},"2":{"loc":{"start":{"line":31,"column":4},"end":{"line":34,"column":5}},"type":"if","locations":[{"start":{"line":31,"column":4},"end":{"line":34,"column":5}},{"start":{},"end":{}}],"line":31},"3":{"loc":{"start":{"line":31,"column":8},"end":{"line":31,"column":46}},"type":"binary-expr","locations":[{"start":{"line":31,"column":8},"end":{"line":31,"column":23}},{"start":{"line":31,"column":27},"end":{"line":31,"column":46}}],"line":31},"4":{"loc":{"start":{"line":48,"column":4},"end":{"line":50,"column":5}},"type":"if","locations":[{"start":{"line":48,"column":4},"end":{"line":50,"column":5}},{"start":{},"end":{}}],"line":48},"5":{"loc":{"start":{"line":52,"column":4},"end":{"line":64,"column":5}},"type":"if","locations":[{"start":{"line":52,"column":4},"end":{"line":64,"column":5}},{"start":{},"end":{}}],"line":52},"6":{"loc":{"start":{"line":54,"column":6},"end":{"line":58,"column":7}},"type":"if","locations":[{"start":{"line":54,"column":6},"end":{"line":58,"column":7}},{"start":{},"end":{}}],"line":54},"7":{"loc":{"start":{"line":54,"column":10},"end":{"line":56,"column":41}},"type":"binary-expr","locations":[{"start":{"line":54,"column":11},"end":{"line":54,"column":26}},{"start":{"line":54,"column":30},"end":{"line":54,"column":49}},{"start":{"line":55,"column":10},"end":{"line":55,"column":39}},{"start":{"line":56,"column":10},"end":{"line":56,"column":41}}],"line":54},"8":{"loc":{"start":{"line":61,"column":6},"end":{"line":63,"column":7}},"type":"if","locations":[{"start":{"line":61,"column":6},"end":{"line":63,"column":7}},{"start":{},"end":{}}],"line":61},"9":{"loc":{"start":{"line":70,"column":4},"end":{"line":74,"column":5}},"type":"if","locations":[{"start":{"line":70,"column":4},"end":{"line":74,"column":5}},{"start":{},"end":{}}],"line":70},"10":{"loc":{"start":{"line":70,"column":8},"end":{"line":72,"column":36}},"type":"binary-expr","locations":[{"start":{"line":70,"column":9},"end":{"line":70,"column":24}},{"start":{"line":70,"column":28},"end":{"line":70,"column":47}},{"start":{"line":71,"column":8},"end":{"line":71,"column":34}},{"start":{"line":72,"column":8},"end":{"line":72,"column":36}}],"line":70},"11":{"loc":{"start":{"line":89,"column":11},"end":{"line":89,"column":45}},"type":"cond-expr","locations":[{"start":{"line":89,"column":19},"end":{"line":89,"column":36}},{"start":{"line":89,"column":39},"end":{"line":89,"column":45}}],"line":89},"12":{"loc":{"start":{"line":93,"column":7},"end":{"line":101,"column":7}},"type":"binary-expr","locations":[{"start":{"line":93,"column":7},"end":{"line":93,"column":12}},{"start":{"line":94,"column":8},"end":{"line":100,"column":27}}],"line":93},"13":{"loc":{"start":{"line":103,"column":7},"end":{"line":136,"column":7}},"type":"binary-expr","locations":[{"start":{"line":103,"column":7},"end":{"line":103,"column":17}},{"start":{"line":104,"column":8},"end":{"line":135,"column":11}}],"line":103},"14":{"loc":{"start":{"line":105,"column":11},"end":{"line":125,"column":11}},"type":"binary-expr","locations":[{"start":{"line":105,"column":11},"end":{"line":105,"column":32}},{"start":{"line":106,"column":12},"end":{"line":124,"column":19}}],"line":105},"15":{"loc":{"start":{"line":127,"column":11},"end":{"line":134,"column":11}},"type":"binary-expr","locations":[{"start":{"line":127,"column":11},"end":{"line":127,"column":36}},{"start":{"line":128,"column":12},"end":{"line":133,"column":14}}],"line":127}},"s":{"0":0,"1":0,"2":0,"3":0,"4":0,"5":0,"6":0,"7":0,"8":0,"9":0,"10":0,"11":0,"12":0,"13":0,"14":0,"15":0,"16":0,"17":0,"18":0,"19":0,"20":0,"21":0,"22":0,"23":0,"24":0,"25":0,"26":0,"27":0,"28":0,"29":0,"30":0},"f":{"0":0,"1":0,"2":0,"3":0,"4":0,"5":0,"6":0},"b":{"0":[0],"1":[0,0],"2":[0,0],"3":[0,0],"4":[0,0],"5":[0,0],"6":[0,0],"7":[0,0,0,0],"8":[0,0],"9":[0,0],"10":[0,0,0,0],"11":[0,0],"12":[0,0],"13":[0,0],"14":[0,0],"15":[0,0]}}
,"/Users/xiaochunliu/ai-todo/components/EmptyState.tsx": {"path":"/Users/xiaochunliu/ai-todo/components/EmptyState.tsx","statementMap":{"0":{"start":{"line":14,"column":46},"end":{"line":55,"column":1}},"1":{"start":{"line":15,"column":21},"end":{"line":42,"column":3}},"2":{"start":{"line":16,"column":4},"end":{"line":41,"column":5}},"3":{"start":{"line":18,"column":8},"end":{"line":22,"column":10}},"4":{"start":{"line":24,"column":8},"end":{"line":28,"column":10}},"5":{"start":{"line":30,"column":8},"end":{"line":34,"column":10}},"6":{"start":{"line":36,"column":8},"end":{"line":40,"column":10}},"7":{"start":{"line":44,"column":18},"end":{"line":44,"column":30}},"8":{"start":{"line":46,"column":2},"end":{"line":54,"column":4}},"9":{"start":{"line":57,"column":15},"end":{"line":81,"column":2}}},"fnMap":{"0":{"name":"(anonymous_0)","decl":{"start":{"line":14,"column":46},"end":{"line":14,"column":47}},"loc":{"start":{"line":14,"column":60},"end":{"line":55,"column":1}},"line":14},"1":{"name":"(anonymous_1)","decl":{"start":{"line":15,"column":21},"end":{"line":15,"column":22}},"loc":{"start":{"line":15,"column":27},"end":{"line":42,"column":3}},"line":15}},"branchMap":{"0":{"loc":{"start":{"line":16,"column":4},"end":{"line":41,"column":5}},"type":"switch","locations":[{"start":{"line":17,"column":6},"end":{"line":22,"column":10}},{"start":{"line":23,"column":6},"end":{"line":28,"column":10}},{"start":{"line":29,"column":6},"end":{"line":34,"column":10}},{"start":{"line":35,"column":6},"end":{"line":40,"column":10}}],"line":16},"1":{"loc":{"start":{"line":50,"column":7},"end":{"line":52,"column":14}},"type":"cond-expr","locations":[{"start":{"line":51,"column":8},"end":{"line":51,"column":63}},{"start":{"line":52,"column":10},"end":{"line":52,"column":14}}],"line":50}},"s":{"0":0,"1":0,"2":0,"3":0,"4":0,"5":0,"6":0,"7":0,"8":0,"9":0},"f":{"0":0,"1":0},"b":{"0":[0,0,0,0],"1":[0,0]}}
,"/Users/xiaochunliu/ai-todo/components/FloatingBar.tsx": {"path":"/Users/xiaochunliu/ai-todo/components/FloatingBar.tsx","statementMap":{"0":{"start":{"line":19,"column":48},"end":{"line":113,"column":1}},"1":{"start":{"line":27,"column":21},"end":{"line":27,"column":60}},"2":{"start":{"line":28,"column":18},"end":{"line":28,"column":55}},"3":{"start":{"line":30,"column":2},"end":{"line":59,"column":16}},"4":{"start":{"line":31,"column":4},"end":{"line":58,"column":5}},"5":{"start":{"line":32,"column":6},"end":{"line":44,"column":17}},"6":{"start":{"line":46,"column":6},"end":{"line":57,"column":17}},"7":{"start":{"line":61,"column":2},"end":{"line":63,"column":3}},"8":{"start":{"line":62,"column":4},"end":{"line":62,"column":16}},"9":{"start":{"line":65,"column":2},"end":{"line":112,"column":4}},"10":{"start":{"line":115,"column":15},"end":{"line":177,"column":2}}},"fnMap":{"0":{"name":"(anonymous_0)","decl":{"start":{"line":19,"column":48},"end":{"line":19,"column":49}},"loc":{"start":{"line":26,"column":6},"end":{"line":113,"column":1}},"line":26},"1":{"name":"(anonymous_1)","decl":{"start":{"line":30,"column":12},"end":{"line":30,"column":13}},"loc":{"start":{"line":30,"column":18},"end":{"line":59,"column":3}},"line":30}},"branchMap":{"0":{"loc":{"start":{"line":31,"column":4},"end":{"line":58,"column":5}},"type":"if","locations":[{"start":{"line":31,"column":4},"end":{"line":58,"column":5}},{"start":{"line":45,"column":11},"end":{"line":58,"column":5}}],"line":31},"1":{"loc":{"start":{"line":61,"column":2},"end":{"line":63,"column":3}},"type":"if","locations":[{"start":{"line":61,"column":2},"end":{"line":63,"column":3}},{"start":{},"end":{}}],"line":61},"2":{"loc":{"start":{"line":82,"column":13},"end":{"line":82,"column":40}},"type":"cond-expr","locations":[{"start":{"line":82,"column":27},"end":{"line":82,"column":33}},{"start":{"line":82,"column":36},"end":{"line":82,"column":40}}],"line":82},"3":{"loc":{"start":{"line":95,"column":12},"end":{"line":95,"column":63}},"type":"binary-expr","locations":[{"start":{"line":95,"column":12},"end":{"line":95,"column":31}},{"start":{"line":95,"column":35},"end":{"line":95,"column":63}}],"line":95},"4":{"loc":{"start":{"line":104,"column":14},"end":{"line":104,"column":63}},"type":"binary-expr","locations":[{"start":{"line":104,"column":14},"end":{"line":104,"column":33}},{"start":{"line":104,"column":37},"end":{"line":104,"column":63}}],"line":104}},"s":{"0":0,"1":0,"2":0,"3":0,"4":0,"5":0,"6":0,"7":0,"8":0,"9":0,"10":0},"f":{"0":0,"1":0},"b":{"0":[0,0],"1":[0,0],"2":[0,0],"3":[0,0],"4":[0,0]}}
,"/Users/xiaochunliu/ai-todo/components/MoreActionSheet.tsx": {"path":"/Users/xiaochunliu/ai-todo/components/MoreActionSheet.tsx","statementMap":{"0":{"start":{"line":23,"column":24},"end":{"line":108,"column":1}},"1":{"start":{"line":25,"column":27},"end":{"line":25,"column":57}},"2":{"start":{"line":27,"column":4},"end":{"line":34,"column":8}},"3":{"start":{"line":27,"column":36},"end":{"line":34,"column":5}},"4":{"start":{"line":29,"column":8},"end":{"line":29,"column":42}},"5":{"start":{"line":32,"column":8},"end":{"line":32,"column":42}},"6":{"start":{"line":36,"column":25},"end":{"line":39,"column":5}},"7":{"start":{"line":37,"column":6},"end":{"line":37,"column":15}},"8":{"start":{"line":38,"column":6},"end":{"line":38,"column":40}},"9":{"start":{"line":41,"column":4},"end":{"line":106,"column":6}},"10":{"start":{"line":54,"column":29},"end":{"line":54,"column":70}},"11":{"start":{"line":54,"column":48},"end":{"line":54,"column":69}},"12":{"start":{"line":61,"column":29},"end":{"line":61,"column":71}},"13":{"start":{"line":61,"column":48},"end":{"line":61,"column":70}},"14":{"start":{"line":68,"column":29},"end":{"line":68,"column":70}},"15":{"start":{"line":68,"column":48},"end":{"line":68,"column":69}},"16":{"start":{"line":75,"column":29},"end":{"line":75,"column":69}},"17":{"start":{"line":75,"column":48},"end":{"line":75,"column":68}},"18":{"start":{"line":88,"column":31},"end":{"line":88,"column":50}},"19":{"start":{"line":99,"column":27},"end":{"line":99,"column":49}},"20":{"start":{"line":110,"column":15},"end":{"line":158,"column":2}}},"fnMap":{"0":{"name":"(anonymous_0)","decl":{"start":{"line":24,"column":2},"end":{"line":24,"column":3}},"loc":{"start":{"line":24,"column":61},"end":{"line":107,"column":3}},"line":24},"1":{"name":"(anonymous_1)","decl":{"start":{"line":27,"column":29},"end":{"line":27,"column":30}},"loc":{"start":{"line":27,"column":36},"end":{"line":34,"column":5}},"line":27},"2":{"name":"(anonymous_2)","decl":{"start":{"line":28,"column":15},"end":{"line":28,"column":16}},"loc":{"start":{"line":28,"column":21},"end":{"line":30,"column":7}},"line":28},"3":{"name":"(anonymous_3)","decl":{"start":{"line":31,"column":15},"end":{"line":31,"column":16}},"loc":{"start":{"line":31,"column":21},"end":{"line":33,"column":7}},"line":31},"4":{"name":"(anonymous_4)","decl":{"start":{"line":36,"column":25},"end":{"line":36,"column":26}},"loc":{"start":{"line":36,"column":49},"end":{"line":39,"column":5}},"line":36},"5":{"name":"(anonymous_5)","decl":{"start":{"line":54,"column":23},"end":{"line":54,"column":24}},"loc":{"start":{"line":54,"column":29},"end":{"line":54,"column":70}},"line":54},"6":{"name":"(anonymous_6)","decl":{"start":{"line":54,"column":42},"end":{"line":54,"column":43}},"loc":{"start":{"line":54,"column":48},"end":{"line":54,"column":69}},"line":54},"7":{"name":"(anonymous_7)","decl":{"start":{"line":61,"column":23},"end":{"line":61,"column":24}},"loc":{"start":{"line":61,"column":29},"end":{"line":61,"column":71}},"line":61},"8":{"name":"(anonymous_8)","decl":{"start":{"line":61,"column":42},"end":{"line":61,"column":43}},"loc":{"start":{"line":61,"column":48},"end":{"line":61,"column":70}},"line":61},"9":{"name":"(anonymous_9)","decl":{"start":{"line":68,"column":23},"end":{"line":68,"column":24}},"loc":{"start":{"line":68,"column":29},"end":{"line":68,"column":70}},"line":68},"10":{"name":"(anonymous_10)","decl":{"start":{"line":68,"column":42},"end":{"line":68,"column":43}},"loc":{"start":{"line":68,"column":48},"end":{"line":68,"column":69}},"line":68},"11":{"name":"(anonymous_11)","decl":{"start":{"line":75,"column":23},"end":{"line":75,"column":24}},"loc":{"start":{"line":75,"column":29},"end":{"line":75,"column":69}},"line":75},"12":{"name":"(anonymous_12)","decl":{"start":{"line":75,"column":42},"end":{"line":75,"column":43}},"loc":{"start":{"line":75,"column":48},"end":{"line":75,"column":68}},"line":75},"13":{"name":"(anonymous_13)","decl":{"start":{"line":88,"column":25},"end":{"line":88,"column":26}},"loc":{"start":{"line":88,"column":31},"end":{"line":88,"column":50}},"line":88},"14":{"name":"(anonymous_14)","decl":{"start":{"line":99,"column":21},"end":{"line":99,"column":22}},"loc":{"start":{"line":99,"column":27},"end":{"line":99,"column":49}},"line":99}},"branchMap":{"0":{"loc":{"start":{"line":24,"column":34},"end":{"line":24,"column":49}},"type":"default-arg","locations":[{"start":{"line":24,"column":44},"end":{"line":24,"column":49}}],"line":24},"1":{"loc":{"start":{"line":84,"column":11},"end":{"line":95,"column":11}},"type":"binary-expr","locations":[{"start":{"line":84,"column":11},"end":{"line":84,"column":18}},{"start":{"line":84,"column":22},"end":{"line":84,"column":27}},{"start":{"line":85,"column":12},"end":{"line":94,"column":15}}],"line":84}},"s":{"0":0,"1":0,"2":0,"3":0,"4":0,"5":0,"6":0,"7":0,"8":0,"9":0,"10":0,"11":0,"12":0,"13":0,"14":0,"15":0,"16":0,"17":0,"18":0,"19":0,"20":0},"f":{"0":0,"1":0,"2":0,"3":0,"4":0,"5":0,"6":0,"7":0,"8":0,"9":0,"10":0,"11":0,"12":0,"13":0,"14":0},"b":{"0":[0],"1":[0,0,0]}}
,"/Users/xiaochunliu/ai-todo/components/Snackbar.tsx": {"path":"/Users/xiaochunliu/ai-todo/components/Snackbar.tsx","statementMap":{"0":{"start":{"line":19,"column":42},"end":{"line":103,"column":1}},"1":{"start":{"line":27,"column":21},"end":{"line":27,"column":60}},"2":{"start":{"line":28,"column":21},"end":{"line":28,"column":66}},"3":{"start":{"line":30,"column":2},"end":{"line":53,"column":16}},"4":{"start":{"line":31,"column":4},"end":{"line":46,"column":5}},"5":{"start":{"line":32,"column":6},"end":{"line":37,"column":17}},"6":{"start":{"line":39,"column":6},"end":{"line":43,"column":7}},"7":{"start":{"line":40,"column":8},"end":{"line":42,"column":21}},"8":{"start":{"line":41,"column":10},"end":{"line":41,"column":17}},"9":{"start":{"line":45,"column":6},"end":{"line":45,"column":13}},"10":{"start":{"line":48,"column":4},"end":{"line":52,"column":6}},"11":{"start":{"line":49,"column":6},"end":{"line":51,"column":7}},"12":{"start":{"line":50,"column":8},"end":{"line":50,"column":41}},"13":{"start":{"line":55,"column":15},"end":{"line":65,"column":3}},"14":{"start":{"line":56,"column":4},"end":{"line":64,"column":7}},"15":{"start":{"line":61,"column":6},"end":{"line":63,"column":7}},"16":{"start":{"line":62,"column":8},"end":{"line":62,"column":20}},"17":{"start":{"line":67,"column":28},"end":{"line":75,"column":3}},"18":{"start":{"line":68,"column":4},"end":{"line":70,"column":5}},"19":{"start":{"line":69,"column":6},"end":{"line":69,"column":39}},"20":{"start":{"line":71,"column":4},"end":{"line":71,"column":11}},"21":{"start":{"line":72,"column":4},"end":{"line":74,"column":5}},"22":{"start":{"line":73,"column":6},"end":{"line":73,"column":22}},"23":{"start":{"line":77,"column":2},"end":{"line":79,"column":3}},"24":{"start":{"line":78,"column":4},"end":{"line":78,"column":16}},"25":{"start":{"line":81,"column":2},"end":{"line":102,"column":4}},"26":{"start":{"line":105,"column":15},"end":{"line":140,"column":2}}},"fnMap":{"0":{"name":"(anonymous_0)","decl":{"start":{"line":19,"column":42},"end":{"line":19,"column":43}},"loc":{"start":{"line":26,"column":6},"end":{"line":103,"column":1}},"line":26},"1":{"name":"(anonymous_1)","decl":{"start":{"line":30,"column":12},"end":{"line":30,"column":13}},"loc":{"start":{"line":30,"column":18},"end":{"line":53,"column":3}},"line":30},"2":{"name":"(anonymous_2)","decl":{"start":{"line":40,"column":40},"end":{"line":40,"column":41}},"loc":{"start":{"line":40,"column":46},"end":{"line":42,"column":9}},"line":40},"3":{"name":"(anonymous_3)","decl":{"start":{"line":48,"column":11},"end":{"line":48,"column":12}},"loc":{"start":{"line":48,"column":17},"end":{"line":52,"column":5}},"line":48},"4":{"name":"(anonymous_4)","decl":{"start":{"line":55,"column":15},"end":{"line":55,"column":16}},"loc":{"start":{"line":55,"column":21},"end":{"line":65,"column":3}},"line":55},"5":{"name":"(anonymous_5)","decl":{"start":{"line":60,"column":13},"end":{"line":60,"column":14}},"loc":{"start":{"line":60,"column":19},"end":{"line":64,"column":5}},"line":60},"6":{"name":"(anonymous_6)","decl":{"start":{"line":67,"column":28},"end":{"line":67,"column":29}},"loc":{"start":{"line":67,"column":34},"end":{"line":75,"column":3}},"line":67}},"branchMap":{"0":{"loc":{"start":{"line":24,"column":2},"end":{"line":24,"column":17}},"type":"default-arg","locations":[{"start":{"line":24,"column":13},"end":{"line":24,"column":17}}],"line":24},"1":{"loc":{"start":{"line":31,"column":4},"end":{"line":46,"column":5}},"type":"if","locations":[{"start":{"line":31,"column":4},"end":{"line":46,"column":5}},{"start":{"line":44,"column":11},"end":{"line":46,"column":5}}],"line":31},"2":{"loc":{"start":{"line":39,"column":6},"end":{"line":43,"column":7}},"type":"if","locations":[{"start":{"line":39,"column":6},"end":{"line":43,"column":7}},{"start":{},"end":{}}],"line":39},"3":{"loc":{"start":{"line":49,"column":6},"end":{"line":51,"column":7}},"type":"if","locations":[{"start":{"line":49,"column":6},"end":{"line":51,"column":7}},{"start":{},"end":{}}],"line":49},"4":{"loc":{"start":{"line":61,"column":6},"end":{"line":63,"column":7}},"type":"if","locations":[{"start":{"line":61,"column":6},"end":{"line":63,"column":7}},{"start":{},"end":{}}],"line":61},"5":{"loc":{"start":{"line":68,"column":4},"end":{"line":70,"column":5}},"type":"if","locations":[{"start":{"line":68,"column":4},"end":{"line":70,"column":5}},{"start":{},"end":{}}],"line":68},"6":{"loc":{"start":{"line":72,"column":4},"end":{"line":74,"column":5}},"type":"if","locations":[{"start":{"line":72,"column":4},"end":{"line":74,"column":5}},{"start":{},"end":{}}],"line":72},"7":{"loc":{"start":{"line":77,"column":2},"end":{"line":79,"column":3}},"type":"if","locations":[{"start":{"line":77,"column":2},"end":{"line":79,"column":3}},{"start":{},"end":{}}],"line":77},"8":{"loc":{"start":{"line":93,"column":7},"end":{"line":100,"column":7}},"type":"binary-expr","locations":[{"start":{"line":93,"column":7},"end":{"line":93,"column":17}},{"start":{"line":94,"column":8},"end":{"line":99,"column":27}}],"line":93}},"s":{"0":0,"1":0,"2":0,"3":0,"4":0,"5":0,"6":0,"7":0,"8":0,"9":0,"10":0,"11":0,"12":0,"13":0,"14":0,"15":0,"16":0,"17":0,"18":0,"19":0,"20":0,"21":0,"22":0,"23":0,"24":0,"25":0,"26":0},"f":{"0":0,"1":0,"2":0,"3":0,"4":0,"5":0,"6":0},"b":{"0":[0],"1":[0,0],"2":[0,0],"3":[0,0],"4":[0,0],"5":[0,0],"6":[0,0],"7":[0,0],"8":[0,0]}}
,"/Users/xiaochunliu/ai-todo/components/TaskCell.tsx": {"path":"/Users/xiaochunliu/ai-todo/components/TaskCell.tsx","statementMap":{"0":{"start":{"line":23,"column":42},"end":{"line":135,"column":1}},"1":{"start":{"line":32,"column":22},"end":{"line":32,"column":39}},"2":{"start":{"line":33,"column":22},"end":{"line":33,"column":52}},"3":{"start":{"line":34,"column":25},"end":{"line":34,"column":42}},"4":{"start":{"line":36,"column":21},"end":{"line":49,"column":3}},"5":{"start":{"line":37,"column":4},"end":{"line":37,"column":30}},"6":{"start":{"line":37,"column":20},"end":{"line":37,"column":30}},"7":{"start":{"line":38,"column":17},"end":{"line":38,"column":36}},"8":{"start":{"line":40,"column":4},"end":{"line":48,"column":5}},"9":{"start":{"line":41,"column":20},"end":{"line":41,"column":63}},"10":{"start":{"line":42,"column":22},"end":{"line":42,"column":67}},"11":{"start":{"line":43,"column":6},"end":{"line":43,"column":35}},"12":{"start":{"line":45,"column":20},"end":{"line":45,"column":69}},"13":{"start":{"line":46,"column":18},"end":{"line":46,"column":60}},"14":{"start":{"line":47,"column":6},"end":{"line":47,"column":31}},"15":{"start":{"line":51,"column":29},"end":{"line":67,"column":3}},"16":{"start":{"line":52,"column":23},"end":{"line":55,"column":6}},"17":{"start":{"line":57,"column":4},"end":{"line":66,"column":6}},"18":{"start":{"line":69,"column":28},"end":{"line":75,"column":3}},"19":{"start":{"line":70,"column":4},"end":{"line":74,"column":6}},"20":{"start":{"line":77,"column":2},"end":{"line":134,"column":4}},"21":{"start":{"line":82,"column":8},"end":{"line":86,"column":9}},"22":{"start":{"line":83,"column":10},"end":{"line":83,"column":25}},"23":{"start":{"line":84,"column":15},"end":{"line":86,"column":9}},"24":{"start":{"line":85,"column":10},"end":{"line":85,"column":24}},"25":{"start":{"line":137,"column":15},"end":{"line":223,"column":2}}},"fnMap":{"0":{"name":"(anonymous_0)","decl":{"start":{"line":23,"column":42},"end":{"line":23,"column":43}},"loc":{"start":{"line":31,"column":6},"end":{"line":135,"column":1}},"line":31},"1":{"name":"(anonymous_1)","decl":{"start":{"line":36,"column":21},"end":{"line":36,"column":22}},"loc":{"start":{"line":36,"column":45},"end":{"line":49,"column":3}},"line":36},"2":{"name":"(anonymous_2)","decl":{"start":{"line":51,"column":29},"end":{"line":51,"column":30}},"loc":{"start":{"line":51,"column":83},"end":{"line":67,"column":3}},"line":51},"3":{"name":"(anonymous_3)","decl":{"start":{"line":69,"column":28},"end":{"line":69,"column":29}},"loc":{"start":{"line":69,"column":34},"end":{"line":75,"column":3}},"line":69},"4":{"name":"(anonymous_4)","decl":{"start":{"line":81,"column":23},"end":{"line":81,"column":24}},"loc":{"start":{"line":81,"column":38},"end":{"line":87,"column":7}},"line":81}},"branchMap":{"0":{"loc":{"start":{"line":25,"column":2},"end":{"line":25,"column":17}},"type":"default-arg","locations":[{"start":{"line":25,"column":13},"end":{"line":25,"column":17}}],"line":25},"1":{"loc":{"start":{"line":26,"column":2},"end":{"line":26,"column":17}},"type":"default-arg","locations":[{"start":{"line":26,"column":12},"end":{"line":26,"column":17}}],"line":26},"2":{"loc":{"start":{"line":37,"column":4},"end":{"line":37,"column":30}},"type":"if","locations":[{"start":{"line":37,"column":4},"end":{"line":37,"column":30}},{"start":{},"end":{}}],"line":37},"3":{"loc":{"start":{"line":40,"column":4},"end":{"line":48,"column":5}},"type":"if","locations":[{"start":{"line":40,"column":4},"end":{"line":48,"column":5}},{"start":{"line":44,"column":11},"end":{"line":48,"column":5}}],"line":40},"4":{"loc":{"start":{"line":72,"column":41},"end":{"line":72,"column":64}},"type":"cond-expr","locations":[{"start":{"line":72,"column":55},"end":{"line":72,"column":58}},{"start":{"line":72,"column":61},"end":{"line":72,"column":64}}],"line":72},"5":{"loc":{"start":{"line":79,"column":25},"end":{"line":79,"column":69}},"type":"cond-expr","locations":[{"start":{"line":79,"column":40},"end":{"line":79,"column":57}},{"start":{"line":79,"column":60},"end":{"line":79,"column":69}}],"line":79},"6":{"loc":{"start":{"line":80,"column":26},"end":{"line":80,"column":70}},"type":"cond-expr","locations":[{"start":{"line":80,"column":40},"end":{"line":80,"column":58}},{"start":{"line":80,"column":61},"end":{"line":80,"column":70}}],"line":80},"7":{"loc":{"start":{"line":82,"column":8},"end":{"line":86,"column":9}},"type":"if","locations":[{"start":{"line":82,"column":8},"end":{"line":86,"column":9}},{"start":{"line":84,"column":15},"end":{"line":86,"column":9}}],"line":82},"8":{"loc":{"start":{"line":82,"column":12},"end":{"line":82,"column":48}},"type":"binary-expr","locations":[{"start":{"line":82,"column":12},"end":{"line":82,"column":32}},{"start":{"line":82,"column":36},"end":{"line":82,"column":48}}],"line":82},"9":{"loc":{"start":{"line":84,"column":15},"end":{"line":86,"column":9}},"type":"if","locations":[{"start":{"line":84,"column":15},"end":{"line":86,"column":9}},{"start":{},"end":{}}],"line":84},"10":{"loc":{"start":{"line":84,"column":19},"end":{"line":84,"column":55}},"type":"binary-expr","locations":[{"start":{"line":84,"column":19},"end":{"line":84,"column":40}},{"start":{"line":84,"column":44},"end":{"line":84,"column":55}}],"line":84},"11":{"loc":{"start":{"line":100,"column":11},"end":{"line":102,"column":11}},"type":"binary-expr","locations":[{"start":{"line":100,"column":11},"end":{"line":100,"column":22}},{"start":{"line":100,"column":26},"end":{"line":100,"column":38}},{"start":{"line":101,"column":12},"end":{"line":101,"column":51}}],"line":100},"12":{"loc":{"start":{"line":105,"column":13},"end":{"line":105,"column":67}},"type":"binary-expr","locations":[{"start":{"line":105,"column":13},"end":{"line":105,"column":24}},{"start":{"line":105,"column":28},"end":{"line":105,"column":67}}],"line":105},"13":{"loc":{"start":{"line":111,"column":14},"end":{"line":111,"column":50}},"type":"binary-expr","locations":[{"start":{"line":111,"column":14},"end":{"line":111,"column":25}},{"start":{"line":111,"column":29},"end":{"line":111,"column":50}}],"line":111},"14":{"loc":{"start":{"line":112,"column":14},"end":{"line":112,"column":63}},"type":"binary-expr","locations":[{"start":{"line":112,"column":14},"end":{"line":112,"column":25}},{"start":{"line":112,"column":29},"end":{"line":112,"column":41}},{"start":{"line":112,"column":45},"end":{"line":112,"column":63}}],"line":112},"15":{"loc":{"start":{"line":120,"column":11},"end":{"line":124,"column":11}},"type":"binary-expr","locations":[{"start":{"line":120,"column":11},"end":{"line":120,"column":21}},{"start":{"line":121,"column":12},"end":{"line":123,"column":19}}],"line":120},"16":{"loc":{"start":{"line":121,"column":39},"end":{"line":121,"column":74}},"type":"binary-expr","locations":[{"start":{"line":121,"column":39},"end":{"line":121,"column":50}},{"start":{"line":121,"column":54},"end":{"line":121,"column":74}}],"line":121},"17":{"loc":{"start":{"line":127,"column":9},"end":{"line":131,"column":9}},"type":"binary-expr","locations":[{"start":{"line":127,"column":9},"end":{"line":127,"column":16}},{"start":{"line":128,"column":10},"end":{"line":130,"column":17}}],"line":127}},"s":{"0":0,"1":0,"2":0,"3":0,"4":0,"5":0,"6":0,"7":0,"8":0,"9":0,"10":0,"11":0,"12":0,"13":0,"14":0,"15":0,"16":0,"17":0,"18":0,"19":0,"20":0,"21":0,"22":0,"23":0,"24":0,"25":0},"f":{"0":0,"1":0,"2":0,"3":0,"4":0},"b":{"0":[0],"1":[0],"2":[0,0],"3":[0,0],"4":[0,0],"5":[0,0],"6":[0,0],"7":[0,0],"8":[0,0],"9":[0,0],"10":[0,0],"11":[0,0,0],"12":[0,0],"13":[0,0],"14":[0,0,0],"15":[0,0],"16":[0,0],"17":[0,0]}}
,"/Users/xiaochunliu/ai-todo/components/TaskDetailSheet.tsx": {"path":"/Users/xiaochunliu/ai-todo/components/TaskDetailSheet.tsx","statementMap":{"0":{"start":{"line":28,"column":24},"end":{"line":204,"column":1}},"1":{"start":{"line":30,"column":27},"end":{"line":30,"column":57}},"2":{"start":{"line":31,"column":30},"end":{"line":31,"column":42}},"3":{"start":{"line":32,"column":34},"end":{"line":32,"column":62}},"4":{"start":{"line":33,"column":36},"end":{"line":33,"column":51}},"5":{"start":{"line":34,"column":42},"end":{"line":34,"column":74}},"6":{"start":{"line":35,"column":27},"end":{"line":35,"column":72}},"7":{"start":{"line":36,"column":23},"end":{"line":36,"column":36}},"8":{"start":{"line":39,"column":30},"end":{"line":53,"column":5}},"9":{"start":{"line":41,"column":8},"end":{"line":41,"column":47}},"10":{"start":{"line":41,"column":40},"end":{"line":41,"column":47}},"11":{"start":{"line":43,"column":44},"end":{"line":48,"column":9}},"12":{"start":{"line":50,"column":8},"end":{"line":50,"column":25}},"13":{"start":{"line":55,"column":4},"end":{"line":72,"column":8}},"14":{"start":{"line":55,"column":36},"end":{"line":72,"column":5}},"15":{"start":{"line":57,"column":8},"end":{"line":57,"column":29}},"16":{"start":{"line":58,"column":8},"end":{"line":58,"column":36}},"17":{"start":{"line":59,"column":8},"end":{"line":59,"column":67}},"18":{"start":{"line":60,"column":8},"end":{"line":60,"column":43}},"19":{"start":{"line":61,"column":8},"end":{"line":61,"column":42}},"20":{"start":{"line":65,"column":8},"end":{"line":67,"column":9}},"21":{"start":{"line":66,"column":10},"end":{"line":66,"column":47}},"22":{"start":{"line":68,"column":8},"end":{"line":68,"column":35}},"23":{"start":{"line":69,"column":8},"end":{"line":69,"column":21}},"24":{"start":{"line":70,"column":8},"end":{"line":70,"column":42}},"25":{"start":{"line":75,"column":4},"end":{"line":79,"column":67}},"26":{"start":{"line":76,"column":6},"end":{"line":78,"column":7}},"27":{"start":{"line":77,"column":8},"end":{"line":77,"column":65}},"28":{"start":{"line":82,"column":4},"end":{"line":86,"column":28}},"29":{"start":{"line":83,"column":6},"end":{"line":85,"column":7}},"30":{"start":{"line":84,"column":8},"end":{"line":84,"column":65}},"31":{"start":{"line":88,"column":23},"end":{"line":104,"column":5}},"32":{"start":{"line":89,"column":6},"end":{"line":91,"column":7}},"33":{"start":{"line":90,"column":8},"end":{"line":90,"column":15}},"34":{"start":{"line":93,"column":42},"end":{"line":97,"column":7}},"35":{"start":{"line":99,"column":6},"end":{"line":101,"column":7}},"36":{"start":{"line":100,"column":8},"end":{"line":100,"column":37}},"37":{"start":{"line":103,"column":6},"end":{"line":103,"column":23}},"38":{"start":{"line":106,"column":24},"end":{"line":115,"column":5}},"39":{"start":{"line":108,"column":6},"end":{"line":108,"column":33}},"40":{"start":{"line":110,"column":6},"end":{"line":112,"column":7}},"41":{"start":{"line":111,"column":8},"end":{"line":111,"column":21}},"42":{"start":{"line":114,"column":6},"end":{"line":114,"column":33}},"43":{"start":{"line":117,"column":25},"end":{"line":119,"column":5}},"44":{"start":{"line":118,"column":6},"end":{"line":118,"column":29}},"45":{"start":{"line":122,"column":4},"end":{"line":126,"column":28}},"46":{"start":{"line":123,"column":6},"end":{"line":125,"column":8}},"47":{"start":{"line":124,"column":8},"end":{"line":124,"column":35}},"48":{"start":{"line":128,"column":4},"end":{"line":202,"column":6}},"49":{"start":{"line":141,"column":29},"end":{"line":141,"column":62}},"50":{"start":{"line":191,"column":16},"end":{"line":191,"column":42}},"51":{"start":{"line":192,"column":16},"end":{"line":192,"column":41}},"52":{"start":{"line":193,"column":16},"end":{"line":193,"column":50}},"53":{"start":{"line":206,"column":15},"end":{"line":272,"column":2}}},"fnMap":{"0":{"name":"(anonymous_0)","decl":{"start":{"line":29,"column":2},"end":{"line":29,"column":3}},"loc":{"start":{"line":29,"column":39},"end":{"line":203,"column":3}},"line":29},"1":{"name":"(anonymous_1)","decl":{"start":{"line":40,"column":15},"end":{"line":40,"column":16}},"loc":{"start":{"line":40,"column":107},"end":{"line":51,"column":7}},"line":40},"2":{"name":"(anonymous_2)","decl":{"start":{"line":55,"column":29},"end":{"line":55,"column":30}},"loc":{"start":{"line":55,"column":36},"end":{"line":72,"column":5}},"line":55},"3":{"name":"(anonymous_3)","decl":{"start":{"line":56,"column":15},"end":{"line":56,"column":16}},"loc":{"start":{"line":56,"column":36},"end
[...]
lumn":8},"end":{"line":23,"column":57}},"9":{"start":{"line":27,"column":25},"end":{"line":27,"column":74}},"10":{"start":{"line":29,"column":6},"end":{"line":31,"column":7}},"11":{"start":{"line":30,"column":8},"end":{"line":30,"column":58}},"12":{"start":{"line":34,"column":6},"end":{"line":34,"column":46}},"13":{"start":{"line":37,"column":6},"end":{"line":37,"column":48}},"14":{"start":{"line":38,"column":6},"end":{"line":38,"column":18}},"15":{"start":{"line":40,"column":6},"end":{"line":40,"column":32}},"16":{"start":{"line":45,"column":23},"end":{"line":45,"column":25}},"17":{"start":{"line":47,"column":4},"end":{"line":127,"column":5}},"18":{"start":{"line":48,"column":6},"end":{"line":126,"column":7}},"19":{"start":{"line":50,"column":28},"end":{"line":57,"column":11}},"20":{"start":{"line":58,"column":10},"end":{"line":58,"column":37}},"21":{"start":{"line":59,"column":10},"end":{"line":59,"column":16}},"22":{"start":{"line":63,"column":10},"end":{"line":84,"column":11}},"23":{"start":{"line":64,"column":33},"end":{"line":66,"column":83}},"24":{"start":{"line":68,"column":12},"end":{"line":83,"column":13}},"25":{"start":{"line":69,"column":34},"end":{"line":81,"column":15}},"26":{"start":{"line":82,"column":14},"end":{"line":82,"column":43}},"27":{"start":{"line":85,"column":10},"end":{"line":85,"column":16}},"28":{"start":{"line":89,"column":33},"end":{"line":91,"column":81}},"29":{"start":{"line":93,"column":10},"end":{"line":104,"column":11}},"30":{"start":{"line":94,"column":34},"end":{"line":102,"column":13}},"31":{"start":{"line":103,"column":12},"end":{"line":103,"column":43}},"32":{"start":{"line":105,"column":10},"end":{"line":105,"column":16}},"33":{"start":{"line":109,"column":31},"end":{"line":111,"column":81}},"34":{"start":{"line":113,"column":10},"end":{"line":124,"column":11}},"35":{"start":{"line":114,"column":32},"end":{"line":122,"column":13}},"36":{"start":{"line":123,"column":12},"end":{"line":123,"column":41}},"37":{"start":{"line":125,"column":10},"end":{"line":125,"column":16}},"38":{"start":{"line":130,"column":4},"end":{"line":132,"column":5}},"39":{"start":{"line":131,"column":6},"end":{"line":131,"column":60}},"40":{"start":{"line":136,"column":4},"end":{"line":136,"column":59}},"41":{"start":{"line":140,"column":4},"end":{"line":140,"column":58}},"42":{"start":{"line":144,"column":4},"end":{"line":144,"column":55}},"43":{"start":{"line":149,"column":4},"end":{"line":151,"column":5}},"44":{"start":{"line":150,"column":6},"end":{"line":150,"column":19}},"45":{"start":{"line":154,"column":21},"end":{"line":154,"column":42}},"46":{"start":{"line":155,"column":4},"end":{"line":155,"column":83}}},"fnMap":{"0":{"name":"(anonymous_0)","decl":{"start":{"line":10,"column":2},"end":{"line":10,"column":3}},"loc":{"start":{"line":10,"column":59},"end":{"line":42,"column":3}},"line":10},"1":{"name":"(anonymous_1)","decl":{"start":{"line":44,"column":2},"end":{"line":44,"column":3}},"loc":{"start":{"line":44,"column":77},"end":{"line":133,"column":3}},"line":44},"2":{"name":"(anonymous_2)","decl":{"start":{"line":135,"column":2},"end":{"line":135,"column":3}},"loc":{"start":{"line":135,"column":60},"end":{"line":137,"column":3}},"line":135},"3":{"name":"(anonymous_3)","decl":{"start":{"line":139,"column":2},"end":{"line":139,"column":3}},"loc":{"start":{"line":139,"column":59},"end":{"line":141,"column":3}},"line":139},"4":{"name":"(anonymous_4)","decl":{"start":{"line":143,"column":2},"end":{"line":143,"column":3}},"loc":{"start":{"line":143,"column":46},"end":{"line":145,"column":3}},"line":143},"5":{"name":"(anonymous_5)","decl":{"start":{"line":147,"column":2},"end":{"line":147,"column":3}},"loc":{"start":{"line":147,"column":40},"end":{"line":156,"column":3}},"line":147}},"branchMap":{"0":{"loc":{"start":{"line":11,"column":4},"end":{"line":14,"column":5}},"type":"if","locations":[{"start":{"line":11,"column":4},"end":{"line":14,"column":5}},{"start":{},"end":{}}],"line":11},"1":{"loc":{"start":{"line":22,"column":6},"end":{"line":24,"column":7}},"type":"if","locations":[{"start":{"line":22,"column":6},"end":{"line":24,"column":7}},{"start":{},"end":{}}],"line":22},"2":{"loc":{"start":{"line":29,"column":6},"end":{"line":31,"column":7}},"type":"if","locations":[{"start":{"line":29,"column":6},"end":{"line":31,"column":7}},{"start":{},"end":{}}],"line":29},"3":{"loc":{"start":{"line":48,"column":6},"end":{"line":126,"column":7}},"type":"switch","locations":[{"start":{"line":49,"column":8},"end":{"line":59,"column":16}},{"start":{"line":61,"column":8},"end":{"line":85,"column":16}},{"start":{"line":87,"column":8},"end":{"line":105,"column":16}},{"start":{"line":107,"column":8},"end":{"line":125,"column":16}}],"line":48},"4":{"loc":{"start":{"line":52,"column":20},"end":{"line":52,"column":52}},"type":"binary-expr","locations":[{"start":{"line":52,"column":20},"end":{"line":52,"column":44}},{"start":{"line":52,"column":48},"end":{"line":52,"column":52}}],"line":52},"5":{"loc":{"start":{"line":53,"column":20},"end":{"line":53,"column":53}},"type":"binary-expr","locations":[{"start":{"line":53,"column":20},"end":{"line":53,"column":44}},{"start":{"line":53,"column":48},"end":{"line":53,"column":53}}],"line":53},"6":{"loc":{"start":{"line":63,"column":10},"end":{"line":84,"column":11}},"type":"if","locations":[{"start":{"line":63,"column":10},"end":{"line":84,"column":11}},{"start":{},"end":{}}],"line":63},"7":{"loc":{"start":{"line":63,"column":14},"end":{"line":63,"column":61}},"type":"binary-expr","locations":[{"start":{"line":63,"column":14},"end":{"line":63,"column":34}},{"start":{"line":63,"column":38},"end":{"line":63,"column":61}}],"line":63},"8":{"loc":{"start":{"line":64,"column":33},"end":{"line":66,"column":83}},"type":"cond-expr","locations":[{"start":{"line":65,"column":16},"end":{"line":65,"column":76}},{"start":{"line":66,"column":16},"end":{"line":66,"column":83}}],"line":64},"9":{"loc":{"start":{"line":68,"column":12},"end":{"line":83,"column":13}},"type":"if","locations":[{"start":{"line":68,"column":12},"end":{"line":83,"column":13}},{"start":{},"end":{}}],"line":68},"10":{"loc":{"start":{"line":70,"column":23},"end":{"line":70,"column":68}},"type":"binary-expr","locations":[{"start":{"line":70,"column":23},"end":{"line":70,"column":46}},{"start":{"line":70,"column":50},"end":{"line":70,"column":68}}],"line":70},"11":{"loc":{"start":{"line":71,"column":24},"end":{"line":73,"column":38}},"type":"cond-expr","locations":[{"start":{"line":72,"column":20},"end":{"line":72,"column":44}},{"start":{"line":73,"column":20},"end":{"line":73,"column":38}}],"line":71},"12":{"loc":{"start":{"line":74,"column":24},"end":{"line":76,"column":39}},"type":"cond-expr","locations":[{"start":{"line":75,"column":20},"end":{"line":75,"column":44}},{"start":{"line":76,"column":20},"end":{"line":76,"column":39}}],"line":74},"13":{"loc":{"start":{"line":89,"column":33},"end":{"line":91,"column":81}},"type":"cond-expr","locations":[{"start":{"line":90,"column":14},"end":{"line":90,"column":74}},{"start":{"line":91,"column":14},"end":{"line":91,"column":81}}],"line":89},"14":{"loc":{"start":{"line":93,"column":10},"end":{"line":104,"column":11}},"type":"if","locations":[{"start":{"line":93,"column":10},"end":{"line":104,"column":11}},{"start":{},"end":{}}],"line":93},"15":{"loc":{"start":{"line":109,"column":31},"end":{"line":111,"column":81}},"type":"cond-expr","locations":[{"start":{"line":110,"column":14},"end":{"line":110,"column":74}},{"start":{"line":111,"column":14},"end":{"line":111,"column":81}}],"line":109},"16":{"loc":{"start":{"line":113,"column":10},"end":{"line":124,"column":11}},"type":"if","locations":[{"start":{"line":113,"column":10},"end":{"line":124,"column":11}},{"start":{},"end":{}}],"line":113},"17":{"loc":{"start":{"line":130,"column":4},"end":{"line":132,"column":5}},"type":"if","locations":[{"start":{"line":130,"column":4},"end":{"line":132,"column":5}},{"start":{},"end":{}}],"line":130},"18":{"loc":{"start":{"line":149,"column":4},"end":{"line":151,"column":5}},"type":"if","locations":[{"start":{"line":149,"column":4},"end":{"line":151,"column":5}},{"start":{},"end":{}}],"line":149},"19":{"loc":{"start":{"line":155,"column":11},"end":{"line":155,"column":82}},"type":"binary-expr","locations":[{"start":{"line":155,"column":11},"end":{"line":155,"column":40}},{"start":{"line":155,"column":44},"end":{"line":155,"column":82}}],"line":155}},"s":{"0":1,"1":4,"2":0,"3":0,"4":4,"5":4,"6":4,"7":2,"8":0,"9":2,"10":1,"11":0,"12":1,"13":3,"14":3,"15":4,"16":1,"17":1,"18":3,"19":2,"20":2,"21":2,"22":0,"23":0,"24":0,"25":0,"26":0,"27":0,"28":1,"29":1,"30":0,"31":0,"32":1,"33":0,"34":0,"35":0,"36":0,"37":0,"38":1,"39":1,"40":0,"41":0,"42":0,"43":1,"44":0,"45":1,"46":1},"f":{"0":4,"1":1,"2":0,"3":0,"4":0,"5":1},"b":{"0":[0,4],"1":[0,2],"2":[0,1],"3":[2,0,1,0],"4":[2,0],"5":[2,2],"6":[0,0],"7":[0,0],"8":[0,0],"9":[0,0],"10":[0,0],"11":[0,0],"12":[0,0],"13":[0,1],"14":[0,1],"15":[0,0],"16":[0,0],"17":[1,0],"18":[0,1],"19":[1,1]},"_coverageSchema":"1a1c01bbd47fc00a2c39e90264f33305004495a9","hash":"0d1b93e3669c889db6d0bd0e569f3250625657bc"}
,"/Users/xiaochunliu/ai-todo/services/openai.ts": {"path":"/Users/xiaochunliu/ai-todo/services/openai.ts","statementMap":{"0":{"start":{"line":3,"column":23},"end":{"line":3,"column":67}},"1":{"start":{"line":4,"column":24},"end":{"line":4,"column":72}},"2":{"start":{"line":5,"column":21},"end":{"line":5,"column":65}},"3":{"start":{"line":21,"column":4},"end":{"line":21,"column":33}},"4":{"start":{"line":23,"column":4},"end":{"line":25,"column":5}},"5":{"start":{"line":24,"column":6},"end":{"line":24,"column":35}},"6":{"start":{"line":26,"column":4},"end":{"line":28,"column":5}},"7":{"start":{"line":27,"column":6},"end":{"line":27,"column":52}},"8":{"start":{"line":32,"column":4},"end":{"line":34,"column":5}},"9":{"start":{"line":33,"column":6},"end":{"line":33,"column":55}},"10":{"start":{"line":36,"column":4},"end":{"line":77,"column":5}},"11":{"start":{"line":38,"column":26},"end":{"line":40,"column":8}},"12":{"start":{"line":43,"column":23},"end":{"line":43,"column":37}},"13":{"start":{"line":44,"column":6},"end":{"line":48,"column":16}},"14":{"start":{"line":49,"column":6},"end":{"line":49,"column":44}},"15":{"start":{"line":50,"column":6},"end":{"line":50,"column":40}},"16":{"start":{"line":53,"column":23},"end":{"line":59,"column":8}},"17":{"start":{"line":61,"column":6},"end":{"line":70,"column":7}},"18":{"start":{"line":62,"column":8},"end":{"line":69,"column":9}},"19":{"start":{"line":63,"column":28},"end":{"line":63,"column":49}},"20":{"start":{"line":64,"column":26},"end":{"line":64,"column":69}},"21":{"start":{"line":65,"column":10},"end":{"line":65,"column":35}},"22":{"start":{"line":67,"column":24},"end":{"line":67,"column":45}},"23":{"start":{"line":68,"column":10},"end":{"line":68,"column":57}},"24":{"start":{"line":72,"column":21},"end":{"line":72,"column":42}},"25":{"start":{"line":73,"column":6},"end":{"line":73,"column":31}},"26":{"start":{"line":75,"column":6},"end":{"line":75,"column":58}},"27":{"start":{"line":76,"column":6},"end":{"line":76,"column":18}},"28":{"start":{"line":81,"column":4},"end":{"line":83,"column":5}},"29":{"start":{"line":82,"column":6},"end":{"line":82,"column":55}},"30":{"start":{"line":85,"column":22},"end":{"line":132,"column":5}},"31":{"start":{"line":134,"column":25},"end":{"line":149,"column":32}},"32":{"start":{"line":151,"column":4},"end":{"line":187,"column":5}},"33":{"start":{"line":152,"column":23},"end":{"line":168,"column":8}},"34":{"start":{"line":170,"column":6},"end":{"line":173,"column":7}},"35":{"start":{"line":171,"column":22},"end":{"line":171,"column":43}},"36":{"start":{"line":172,"column":8},"end":{"line":172,"column":51}},"37":{"start":{"line":175,"column":21},"end":{"line":175,"column":42}},"38":{"start":{"line":176,"column":27},"end":{"line":176,"column":68}},"39":{"start":{"line":178,"column":6},"end":{"line":180,"column":7}},"40":{"start":{"line":179,"column":8},"end":{"line":179,"column":18}},"41":{"start":{"line":182,"column":19},"end":{"line":182,"column":53}},"42":{"start":{"line":183,"column":6},"end":{"line":183,"column":35}},"43":{"start":{"line":185,"column":6},"end":{"line":185,"column":63}},"44":{"start":{"line":186,"column":6},"end":{"line":186,"column":18}},"45":{"start":{"line":191,"column":4},"end":{"line":191,"column":25}}},"fnMap":{"0":{"name":"(anonymous_0)","decl":{"start":{"line":20,"column":2},"end":{"line":20,"column":3}},"loc":{"start":{"line":20,"column":16},"end":{"line":29,"column":3}},"line":20},"1":{"name":"(anonymous_1)","decl":{"start":{"line":31,"column":2},"end":{"line":31,"column":3}},"loc":{"start":{"line":31,"column":59},"end":{"line":78,"column":3}},"line":31},"2":{"name":"(anonymous_2)","decl":{"start":{"line":80,"column":2},"end":{"line":80,"column":3}},"loc":{"start":{"line":80,"column":68},"end":{"line":188,"column":3}},"line":80},"3":{"name":"(anonymous_3)","decl":{"start":{"line":190,"column":2},"end":{"line":190,"column":3}},"loc":{"start":{"line":190,"column":26},"end":{"line":192,"column":3}},"line":190}},"branchMap":{"0":{"loc":{"start":{"line":3,"column":23},"end":{"line":3,"column":67}},"type":"binary-expr","locations":[{"start":{"line":3,"column":23},"end":{"line":3,"column":61}},{"start":{"line":3,"column":65},"end":{"line":3,"column":67}}],"line":3},"1":{"loc":{"start":{"line":23,"column":4},"end":{"line":25,"column":5}},"type":"if","locations":[{"start":{"line":23,"column":4},"end":{"line":25,"column":5}},{"start":{},"end":{}}],"line":23},"2":{"loc":{"start":{"line":23,"column":8},"end":{"line":23,"column":55}},"type":"binary-expr","locations":[{"start":{"line":23,"column":8},"end":{"line":23,"column":39}},{"start":{"line":23,"column":43},"end":{"line":23,"column":55}}],"line":23},"3":{"loc":{"start":{"line":26,"column":4},"end":{"line":28,"column":5}},"type":"if","locations":[{"start":{"line":26,"column":4},"end":{"line":28,"column":5}},{"start":{},"end":{}}],"line":26},"4":{"loc":{"start":{"line":32,"column":4},"end":{"line":34,"column":5}},"type":"if","locations":[{"start":{"line":32,"column":4},"end":{"line":34,"column":5}},{"start":{},"end":{}}],"line":32},"5":{"loc":{"start":{"line":61,"column":6},"end":{"line":70,"column":7}},"type":"if","locations":[{"start":{"line":61,"column":6},"end":{"line":70,"column":7}},{"start":{},"end":{}}],"line":61},"6":{"loc":{"start":{"line":64,"column":26},"end":{"line":64,"column":69}},"type":"binary-expr","locations":[{"start":{"line":64,"column":26},"end":{"line":64,"column":50}},{"start":{"line":64,"column":54},"end":{"line":64,"column":69}}],"line":64},"7":{"loc":{"start":{"line":73,"column":13},"end":{"line":73,"column":30}},"type":"binary-expr","locations":[{"start":{"line":73,"column":13},"end":{"line":73,"column":24}},{"start":{"line":73,"column":28},"end":{"line":73,"column":30}}],"line":73},"8":{"loc":{"start":{"line":81,"column":4},"end":{"line":83,"column":5}},"type":"if","locations":[{"start":{"line":81,"column":4},"end":{"line":83,"column":5}},{"start":{},"end":{}}],"line":81},"9":{"loc":{"start":{"line":170,"column":6},"end":{"line":173,"column":7}},"type":"if","locations":[{"start":{"line":170,"column":6},"end":{"line":173,"column":7}},{"start":{},"end":{}}],"line":170},"10":{"loc":{"start":{"line":178,"column":6},"end":{"line":180,"column":7}},"type":"if","locations":[{"start":{"line":178,"column":6},"end":{"line":180,"column":7}},{"start":{},"end":{}}],"line":178},"11":{"loc":{"start":{"line":178,"column":10},"end":{"line":178,"column":50}},"type":"binary-expr","locations":[{"start":{"line":178,"column":10},"end":{"line":178,"column":23}},{"start":{"line":178,"column":27},"end":{"line":178,"column":50}}],"line":178},"12":{"loc":{"start":{"line":183,"column":13},"end":{"line":183,"column":34}},"type":"binary-expr","locations":[{"start":{"line":183,"column":13},"end":{"line":183,"column":28}},{"start":{"line":183,"column":32},"end":{"line":183,"column":34}}],"line":183}},"s":{"0":1,"1":1,"2":1,"3":1,"4":1,"5":1,"6":1,"7":0,"8":4,"9":0,"10":4,"11":4,"12":4,"13":4,"14":4,"15":4,"16":4,"17":4,"18":2,"19":2,"20":2,"21":2,"22":2,"23":0,"24":2,"25":2,"26":2,"27":2,"28":2,"29":0,"30":2,"31":2,"32":2,"33":2,"34":2,"35":1,"36":1,"37":1,"38":1,"39":1,"40":0,"41":1,"42":1,"43":1,"44":1,"45":1},"f":{"0":1,"1":4,"2":2,"3":1},"b":{"0":[1,1],"1":[1,0],"2":[1,1],"3":[0,1],"4":[0,4],"5":[2,2],"6":[2,0],"7":[2,0],"8":[0,2],"9":[1,1],"10":[0,1],"11":[1,1],"12":[1,0]},"_coverageSchema":"1a1c01bbd47fc00a2c39e90264f33305004495a9","hash":"e018e1f98ce8c5f400aaa0a34fec9cf67c8c6460"}
,"/Users/xiaochunliu/ai-todo/services/supabase.ts": {"path":"/Users/xiaochunliu/ai-todo/services/supabase.ts","statementMap":{"0":{"start":{"line":5,"column":20},"end":{"line":5,"column":56}},"1":{"start":{"line":6,"column":24},"end":{"line":6,"column":65}},"2":{"start":{"line":8,"column":0},"end":{"line":10,"column":1}},"3":{"start":{"line":9,"column":2},"end":{"line":9,"column":75}},"4":{"start":{"line":13,"column":27},"end":{"line":36,"column":1}},"5":{"start":{"line":15,"column":4},"end":{"line":20,"column":5}},"6":{"start":{"line":16,"column":6},"end":{"line":16,"column":49}},"7":{"start":{"line":18,"column":6},"end":{"line":18,"column":57}},"8":{"start":{"line":19,"column":6},"end":{"line":19,"column":18}},"9":{"start":{"line":23,"column":4},"end":{"line":27,"column":5}},"10":{"start":{"line":24,"column":6},"end":{"line":24,"column":49}},"11":{"start":{"line":26,"column":6},"end":{"line":26,"column":57}},"12":{"start":{"line":30,"column":4},"end":{"line":34,"column":5}},"13":{"start":{"line":31,"column":6},"end":{"line":31,"column":45}},"14":{"start":{"line":33,"column":6},"end":{"line":33,"column":60}},"15":{"start":{"line":39,"column":24},"end":{"line":48,"column":8}},"16":{"start":{"line":75,"column":36},"end":{"line":77,"column":1}},"17":{"start":{"line":76,"column":2},"end":{"line":76,"column":27}},"18":{"start":{"line":80,"column":22},"end":{"line":83,"column":10}}},"fnMap":{"0":{"name":"(anonymous_0)","decl":{"start":{"line":14,"column":11},"end":{"line":14,"column":12}},"loc":{"start":{"line":14,"column":34},"end":{"line":21,"column":3}},"line":14},"1":{"name":"(anonymous_1)","decl":{"start":{"line":22,"column":11},"end":{"line":22,"column":12}},"loc":{"start":{"line":22,"column":49},"end":{"line":28,"column":3}},"line":22},"2":{"name":"(anonymous_2)","decl":{"start":{"line":29,"column":14},"end":{"line":29,"column":15}},"loc":{"start":{"line":29,"column":37},"end":{"line":35,"column":3}},"line":29},"3":{"name":"(anonymous_3)","decl":{"start":{"line":75,"column":36},"end":{"line":75,"column":37}},"loc":{"start":{"line":75,"column":42},"end":{"line":77,"column":1}},"line":75}},"branchMap":{"0":{"loc":{"start":{"line":8,"column":0},"end":{"line":10,"column":1}},"type":"if","locations":[{"start":{"line":8,"column":0},"end":{"line":10,"column":1}},{"start":{},"end":{}}],"line":8},"1":{"loc":{"start":{"line":8,"column":4},"end":{"line":8,"column":36}},"type":"binary-expr","locations":[{"start":{"line":8,"column":4},"end":{"line":8,"column":16}},{"start":{"line":8,"column":20},"end":{"line":8,"column":36}}],"line":8},"2":{"loc":{"start":{"line":39,"column":24},"end":{"line":48,"column":8}},"type":"cond-expr","locations":[{"start":{"line":40,"column":4},"end":{"line":47,"column":6}},{"start":{"line":48,"column":4},"end":{"line":48,"column":8}}],"line":39},"3":{"loc":{"start":{"line":39,"column":24},"end":{"line":39,"column":54}},"type":"binary-expr","locations":[{"start":{"line":39,"column":24},"end":{"line":39,"column":35}},{"start":{"line":39,"column":39},"end":{"line":39,"column":54}}],"line":39}},"s":{"0":6,"1":6,"2":6,"3":6,"4":6,"5":0,"6":0,"7":0,"8":0,"9":0,"10":0,"11":0,"12":0,"13":0,"14":0,"15":6,"16":6,"17":443,"18":6},"f":{"0":0,"1":0,"2":0,"3":443},"b":{"0":[6,0],"1":[6,0],"2":[0,6],"3":[6,0]},"_coverageSchema":"1a1c01bbd47fc00a2c39e90264f33305004495a9","hash":"c8bb4050d081c25be43b170ec1586627c76ad13d"}
}
