{"/Users/xiaochunliu/ai-todo/app/_layout.tsx": {"path":"/Users/xiaochunliu/ai-todo/app/_layout.tsx","statementMap":{"0":{"start":{"line":8,"column":2},"end":{"line":23,"column":4}}},"fnMap":{"0":{"name":"RootLayout","decl":{"start":{"line":7,"column":24},"end":{"line":7,"column":34}},"loc":{"start":{"line":7,"column":37},"end":{"line":24,"column":1}},"line":7}},"branchMap":{},"s":{"0":0},"f":{"0":0},"b":{}}
,"/Users/xiaochunliu/ai-todo/app/index.tsx": {"path":"/Users/xiaochunliu/ai-todo/app/index.tsx","statementMap":{"0":{"start":{"line":5,"column":2},"end":{"line":7,"column":9}},"1":{"start":{"line":6,"column":4},"end":{"line":6,"column":33}},"2":{"start":{"line":9,"column":2},"end":{"line":9,"column":14}}},"fnMap":{"0":{"name":"Index","decl":{"start":{"line":4,"column":24},"end":{"line":4,"column":29}},"loc":{"start":{"line":4,"column":32},"end":{"line":10,"column":1}},"line":4},"1":{"name":"(anonymous_1)","decl":{"start":{"line":5,"column":12},"end":{"line":5,"column":13}},"loc":{"start":{"line":5,"column":18},"end":{"line":7,"column":3}},"line":5}},"branchMap":{},"s":{"0":0,"1":0,"2":0},"f":{"0":0,"1":0},"b":{}}
,"/Users/xiaochunliu/ai-todo/app/task-list.tsx": {"path":"/Users/xiaochunliu/ai-todo/app/task-list.tsx","statementMap":{"0":{"start":{"line":43,"column":6},"end":{"line":43,"column":20}},"1":{"start":{"line":55,"column":6},"end":{"line":55,"column":21}},"2":{"start":{"line":57,"column":38},"end":{"line":57,"column":53}},"3":{"start":{"line":58,"column":34},"end":{"line":58,"column":105}},"4":{"start":{"line":59,"column":42},"end":{"line":59,"column":74}},"5":{"start":{"line":60,"column":36},"end":{"line":60,"column":58}},"6":{"start":{"line":61,"column":46},"end":{"line":61,"column":61}},"7":{"start":{"line":63,"column":24},"end":{"line":63,"column":56}},"8":{"start":{"line":64,"column":24},"end":{"line":64,"column":56}},"9":{"start":{"line":66,"column":2},"end":{"line":79,"column":9}},"10":{"start":{"line":67,"column":4},"end":{"line":67,"column":17}},"11":{"start":{"line":68,"column":4},"end":{"line":68,"column":18}},"12":{"start":{"line":71,"column":4},"end":{"line":71,"column":52}},"13":{"start":{"line":74,"column":24},"end":{"line":76,"column":6}},"14":{"start":{"line":75,"column":6},"end":{"line":75,"column":54}},"15":{"start":{"line":78,"column":4},"end":{"line":78,"column":31}},"16":{"start":{"line":78,"column":17},"end":{"line":78,"column":30}},"17":{"start":{"line":81,"column":26},"end":{"line":92,"column":3}},"18":{"start":{"line":82,"column":4},"end":{"line":91,"column":5}},"19":{"start":{"line":84,"column":8},"end":{"line":84,"column":31}},"20":{"start":{"line":86,"column":8},"end":{"line":86,"column":33}},"21":{"start":{"line":88,"column":8},"end":{"line":88,"column":30}},"22":{"start":{"line":90,"column":8},"end":{"line":90,"column":18}},"23":{"start":{"line":94,"column":24},"end":{"line":99,"column":3}},"24":{"start":{"line":95,"column":4},"end":{"line":95,"column":24}},"25":{"start":{"line":96,"column":4},"end":{"line":96,"column":23}},"26":{"start":{"line":97,"column":4},"end":{"line":97,"column":24}},"27":{"start":{"line":98,"column":4},"end":{"line":98,"column":25}},"28":{"start":{"line":101,"column":26},"end":{"line":104,"column":3}},"29":{"start":{"line":102,"column":4},"end":{"line":102,"column":26}},"30":{"start":{"line":103,"column":4},"end":{"line":103,"column":41}},"31":{"start":{"line":106,"column":31},"end":{"line":111,"column":3}},"32":{"start":{"line":107,"column":4},"end":{"line":107,"column":36}},"33":{"start":{"line":108,"column":20},"end":{"line":108,"column":57}},"34":{"start":{"line":109,"column":4},"end":{"line":109,"column":86}},"35":{"start":{"line":110,"column":4},"end":{"line":110,"column":28}},"36":{"start":{"line":113,"column":30},"end":{"line":116,"column":3}},"37":{"start":{"line":114,"column":4},"end":{"line":114,"column":26}},"38":{"start":{"line":115,"column":4},"end":{"line":115,"column":37}},"39":{"start":{"line":118,"column":24},"end":{"line":120,"column":3}},"40":{"start":{"line":119,"column":4},"end":{"line":119,"column":37}},"41":{"start":{"line":122,"column":25},"end":{"line":128,"column":3}},"42":{"start":{"line":123,"column":4},"end":{"line":127,"column":5}},"43":{"start":{"line":124,"column":6},"end":{"line":124,"column":46}},"44":{"start":{"line":126,"column":6},"end":{"line":126,"column":73}},"45":{"start":{"line":130,"column":27},"end":{"line":149,"column":3}},"46":{"start":{"line":131,"column":15},"end":{"line":131,"column":41}},"47":{"start":{"line":132,"column":4},"end":{"line":132,"column":20}},"48":{"start":{"line":132,"column":13},"end":{"line":132,"column":20}},"49":{"start":{"line":134,"column":4},"end":{"line":148,"column":6}},"50":{"start":{"line":143,"column":12},"end":{"line":143,"column":33}},"51":{"start":{"line":144,"column":12},"end":{"line":144,"column":91}},"52":{"start":{"line":151,"column":25},"end":{"line":183,"column":3}},"53":{"start":{"line":152,"column":4},"end":{"line":152,"column":30}},"54":{"start":{"line":152,"column":23},"end":{"line":152,"column":30}},"55":{"start":{"line":155,"column":16},"end":{"line":155,"column":26}},"56":{"start":{"line":157,"column":4},"end":{"line":179,"column":5}},"57":{"start":{"line":159,"column":8},"end":{"line":159,"column":34}},"58":{"start":{"line":160,"column":8},"end":{"line":160,"column":33}},"59":{"start":{"line":161,"column":8},"end":{"line":161,"column":14}},"60":{"start":{"line":163,"column":8},"end":{"line":163,"column":39}},"61":{"start":{"line":164,"column":8},"end":{"line":164,"column":33}},"62":{"start":{"line":165,"column":8},"end":{"line":165,"column":33}},"63":{"start":{"line":166,"column":8},"end":{"line":166,"column":14}},"64":{"start":{"line":168,"column":34},"end":{"line":168,"column":65}},"65":{"start":{"line":169,"column":8},"end":{"line":169,"column":55}},"66":{"start":{"line":170,"column":8},"end":{"line":170,"column":33}},"67":{"start":{"line":171,"column":8},"end":{"line":171,"column":33}},"68":{"start":{"line":172,"column":8},"end":{"line":172,"column":14}},"69":{"start":{"line":175,"column":8},"end":{"line":175,"column":53}},"70":{"start":{"line":176,"column":8},"end":{"line":176,"column":15}},"71":{"start":{"line":178,"column":8},"end":{"line":178,"column":15}},"72":{"start":{"line":181,"column":4},"end":{"line":181,"column":50}},"73":{"start":{"line":182,"column":4},"end":{"line":182,"column":83}},"74":{"start":{"line":185,"column":20},"end":{"line":189,"column":3}},"75":{"start":{"line":186,"column":4},"end":{"line":186,"column":30}},"76":{"start":{"line":186,"column":23},"end":{"line":186,"column":30}},"77":{"start":{"line":187,"column":4},"end":{"line":187,"column":35}},"78":{"start":{"line":188,"column":4},"end":{"line":188,"column":83}},"79":{"start":{"line":191,"column":30},"end":{"line":195,"column":3}},"80":{"start":{"line":192,"column":19},"end":{"line":192,"column":48}},"81":{"start":{"line":193,"column":20},"end":{"line":193,"column":102}},"82":{"start":{"line":194,"column":4},"end":{"line":194,"column":88}},"83":{"start":{"line":197,"column":29},"end":{"line":208,"column":3}},"84":{"start":{"line":198,"column":4},"end":{"line":207,"column":5}},"85":{"start":{"line":200,"column":6},"end":{"line":202,"column":7}},"86":{"start":{"line":201,"column":8},"end":{"line":201,"column":39}},"87":{"start":{"line":203,"column":6},"end":{"line":203,"column":23}},"88":{"start":{"line":204,"column":11},"end":{"line":207,"column":5}},"89":{"start":{"line":206,"column":6},"end":{"line":206,"column":35}},"90":{"start":{"line":210,"column":39},"end":{"line":219,"column":3}},"91":{"start":{"line":211,"column":4},"end":{"line":218,"column":5}},"92":{"start":{"line":212,"column":6},"end":{"line":212,"column":50}},"93":{"start":{"line":213,"column":6},"end":{"line":213,"column":26}},"94":{"start":{"line":214,"column":6},"end":{"line":214,"column":92}},"95":{"start":{"line":216,"column":6},"end":{"line":216,"column":54}},"96":{"start":{"line":217,"column":6},"end":{"line":217,"column":44}},"97":{"start":{"line":221,"column":23},"end":{"line":221,"column":40}},"98":{"start":{"line":222,"column":29},"end":{"line":222,"column":66}},"99":{"start":{"line":222,"column":48},"end":{"line":222,"column":58}},"100":{"start":{"line":223,"column":28},"end":{"line":223,"column":78}},"101":{"start":{"line":223,"column":67},"end":{"line":223,"column":77}},"102":{"start":{"line":225,"column":25},"end":{"line":233,"column":3}},"103":{"start":{"line":226,"column":4},"end":{"line":232,"column":6}},"104":{"start":{"line":229,"column":21},"end":{"line":229,"column":42}},"105":{"start":{"line":230,"column":26},"end":{"line":230,"column":52}},"106":{"start":{"line":231,"column":25},"end":{"line":231,"column":50}},"107":{"start":{"line":235,"column":29},"end":{"line":280,"column":3}},"108":{"start":{"line":236,"column":4},"end":{"line":236,"column":75}},"109":{"start":{"line":236,"column":63},"end":{"line":236,"column":75}},"110":{"start":{"line":238,"column":4},"end":{"line":279,"column":6}},"111":{"start":{"line":252,"column":14},"end":{"line":271,"column":21}},"112":{"start":{"line":261,"column":33},"end":{"line":261,"column":63}},"113":{"start":{"line":269,"column":38},"end":{"line":269,"column":66}},"114":{"start":{"line":282,"column":2},"end":{"line":357,"column":4}},"115":{"start":{"line":299,"column":32},"end":{"line":299,"column":39}},"116":{"start":{"line":339,"column":25},"end":{"line":339,"column":69}},"117":{"start":{"line":353,"column":24},"end":{"line":353,"column":42}},"118":{"start":{"line":360,"column":15},"end":{"line":475,"column":2}}},"fnMap":{"0":{"name":"TaskListScreen","decl":{"start":{"line":27,"column":24},"end":{"line":27,"column":38}},"loc":{"start":{"line":27,"column":41},"end":{"line":358,"column":1}},"line":27},"1":{"name":"(anonymous_1)","decl":{"start":{"line":66,"column":12},"end":{"line":66,"column":13}},"loc":{"start":{"line":66,"column":18},"end":{"line":79,"column":3}},"line":66},"2":{"name":"(anonymous_2)","decl":{"start":{"line":74,"column":49},"end":{"line":74,"column":50}},"loc":{"start":{"line":74,"column":58},"end":{"line":76,"column":5}},"line":74},"3":{"name":"(anonymous_3)","decl":{"start":{"line":78,"column":11},"end":{"line":78,"column":12}},"loc":{"start":{"line":78,"column":17},"end":{"line":78,"column":30}},"line":78},"4":{"name":"(anonymous_4)","decl":{"start":{"line":81,"column":26},"end":{"line":81,"column":27}},"loc":{"start":{"line":81,"column":32},"end":{"line":92,"column":3}},"line":81},"5":{"name":"(anonymous_5)","decl":{"start":{"line":94,"column":24},"end":{"line":94,"column":25}},"loc":{"start":{"line":94,"column":36},"end":{"line":99,"column":3}},"line":94},"6":{"name":"(anonymous_6)","decl":{"start":{"line":101,"column":26},"end":{"line":101,"column":27}},"loc":{"start":{"line":101,"column":46},"end":{"line":104,"column":3}},"line":101},"7":{"name":"(anonymous_7)","decl":{"start":{"line":106,"column":31},"end":{"line":106,"column":32}},"loc":{"start":{"line":106,"column":57},"end":{"line":111,"column":3}},"line":106},"8":{"name":"(anonymous_8)","decl":{"start":{"line":113,"column":30},"end":{"line":113,"column":31}},"loc":{"start":{"line":113,"column":50},"end":{"line":116,"column":3}},"line":113},"9":{"name":"(anonymous_9)","decl":{"start":{"line":118,"column":24},"end":{"line":118,"column":25}},"loc":{"start":{"line":118,"column":30},"end":{"line":120,"column":3}},"line":118},"10":{"name":"(anonymous_10)","decl":{"start":{"line":122,"column":25},"end":{"line":122,"column":26}},"loc":{"start":{"line":122,"column":64},"end":{"line":128,"column":3}},"line":122},"11":{"name":"(anonymous_11)","decl":{"start":{"line":130,"column":27},"end":{"line":130,"column":28}},"loc":{"start":{"line":130,"column":54},"end":{"line":149,"column":3}},"line":130},"12":{"name":"(anonymous_12)","decl":{"start":{"line":142,"column":19},"end":{"line":142,"column":20}},"loc":{"start":{"line":142,"column":31},"end":{"line":145,"column":11}},"line":142},"13":{"name":"(anonymous_13)","decl":{"start":{"line":151,"column":25},"end":{"line":151,"column":26}},"loc":{"start":{"line":151,"column":51},"end":{"line":183,"column":3}},"line":151},"14":{"name":"(anonymous_14)","decl":{"start":{"line":185,"column":20},"end":{"line":185,"column":21}},"loc":{"start":{"line":185,"column":32},"end":{"line":189,"column":3}},"line":185},"15":{"name":"(anonymous_15)","decl":{"start":{"line":191,"column":30},"end":{"line":191,"column":31}},"loc":{"start":{"line":191,"column":42},"end":{"line":195,"column":3}},"line":191},"16":{"name":"(anonymous_16)","decl":{"start":{"line":197,"column":29},"end":{"line":197,"column":30}},"loc":{"start":{"line":197,"column":41},"end":{"line":208,"column":3}},"line":197},"17":{"name":"(anonymous_17)","decl":{"start":{"line":210,"column":39},"end":{"line":210,"column":40}},"loc":{"start":{"line":210,"column":67},"end":{"line":219,"column":3}},"line":210},"18":{"name":"(anonymous_18)","decl":{"start":{"line":222,"column":43},"end":{"line":222,"column":44}},"loc":{"start":{"line":222,"column":48},"end":{"line":222,"column":58}},"line":222},"19":{"name":"(anonymous_19)","decl":{"start":{"line":223,"column":62},"end":{"line":223,"column":63}},"loc":{"start":{"line":223,"column":67},"end":{"line":223,"column":77}},"line":223},"20":{"name":"(anonymous_20)","decl":{"start":{"line":225,"column":25},"end":{"line":225,"column":26}},"loc":{"start":{"line":226,"column":4},"end":{"line":232,"column":6}},"line":226},"21":{"name":"(anonymous_21)","decl":{"start":{"line":229,"column":15},"end":{"line":229,"column":16}},"loc":{"start":{"line":229,"column":21},"end":{"line":229,"column":42}},"line":229},"22":{"name":"(anonymous_22)","decl":{"start":{"line":230,"column":20},"end":{"line":230,"column":21}},"loc":{"start":{"line":230,"column":26},"end":{"line":230,"column":52}},"line":230},"23":{"name":"(anonymous_23)","decl":{"start":{"line":231,"column":19},"end":{"line":231,"column":20}},"loc":{"start":{"line":231,"column":25},"end":{"line":231,"column":50}},"line":231},"24":{"name":"(anonymous_24)","decl":{"start":{"line":235,"column":29},"end":{"line":235,"column":30}},"loc":{"start":{"line":235,"column":35},"end":{"line":280,"column":3}},"line":235},"25":{"name":"(anonymous_25)","decl":{"start":{"line":251,"column":37},"end":{"line":251,"column":38}},"loc":{"start":{"line":252,"column":14},"end":{"line":271,"column":21}},"line":252},"26":{"name":"(anonymous_26)","decl":{"start":{"line":261,"column":27},"end":{"line":261,"column":28}},"loc":{"start":{"line":261,"column":33},"end":{"line":261,"column":63}},"line":261},"27":{"name":"(anonymous_27)","decl":{"start":{"line":269,"column":32},"end":{"line":269,"column":33}},"loc":{"start":{"line":269,"column":38},"end":{"line":269,"column":66}},"line":269},"28":{"name":"(anonymous_28)","decl":{"start":{"line":299,"column":22},"end":{"line":299,"column":23}},"loc":{"start":{"line":299,"column":32},"end":{"line":299,"column":39}},"line":299},"29":{"name":"(anonymous_29)","decl":{"start":{"line":339,"column":19},"end":{"line":339,"column":20}},"loc":{"start":{"line":339,"column":25},"end":{"line":339,"column":69}},"line":339},"30":{"name":"(anonymous_30)","decl":{"start":{"line":353,"column":18},"end":{"line":353,"column":19}},"loc":{"start":{"line":353,"column":24},"end":{"line":353,"column":42}},"line":353}},"branchMap":{"0":{"loc":{"start":{"line":82,"column":4},"end":{"line":91,"column":5}},"type":"switch","locations":[{"start":{"line":83,"column":6},"end":{"line":84,"column":31}},{"start":{"line":85,"column":6},"end":{"line":86,"column":33}},{"start":{"line":87,"column":6},"end":{"line":88,"column":30}},{"start":{"line":89,"column":6},"end":{"line":90,"column":18}}],"line":82},"1":{"loc":{"start":{"line":108,"column":20},"end":{"line":108,"column":57}},"type":"cond-expr","locations":[{"start":{"line":108,"column":40},"end":{"line":108,"column":47}},{"start":{"line":108,"column":50},"end":{"line":108,"column":57}}],"line":108},"2":{"loc":{"start":{"line":123,"column":4},"end":{"line":127,"column":5}},"type":"if","locations":[{"start":{"line":123,"column":4},"end":{"line":127,"column":5}},{"start":{"line":125,"column":11},"end":{"line":127,"column":5}}],"line":123},"3":{"loc":{"start":{"line":131,"column":15},"end":{"line":131,"column":41}},"type":"binary-expr","locations":[{"start":{"line":131,"column":15},"end":{"line":131,"column":21}},{"start":{"line":131,"column":25},"end":{"line":131,"column":41}}],"line":131},"4":{"loc":{"start":{"line":132,"column":4},"end":{"line":132,"column":20}},"type":"if","locations":[{"start":{"line":132,"column":4},"end":{"line":132,"column":20}},{"start":{},"end":{}}],"line":132},"5":{"loc":{"start":{"line":152,"column":4},"end":{"line":152,"column":30}},"type":"if","locations":[{"start":{"line":152,"column":4},"end":{"line":152,"column":30}},{"start":{},"end":{}}],"line":152},"6":{"loc":{"start":{"line":157,"column":4},"end":{"line":179,"column":5}},"type":"switch","locations":[{"start":{"line":158,"column":6},"end":{"line":161,"column":14}},{"start":{"line":162,"column":6},"end":{"line":166,"column":14}},{"start":{"line":167,"column":6},"end":{"line":172,"column":14}},{"start":{"line":173,"column":6},"end":{"line":176,"column":15}},{"start":{"line":177,"column":6},"end":{"line":178,"column":15}}],"line":157},"7":{"loc":{"start":{"line":168,"column":34},"end":{"line":168,"column":65}},"type":"binary-expr","locations":[{"start":{"line":168,"column":34},"end":{"line":168,"column":60}},{"start":{"line":168,"column":64},"end":{"line":168,"column":65}}],"line":168},"8":{"loc":{"start":{"line":186,"column":4},"end":{"line":186,"column":30}},"type":"if","locations":[{"start":{"line":186,"column":4},"end":{"line":186,"column":30}},{"start":{},"end":{}}],"line":186},"9":{"loc":{"start":{"line":193,"column":44},"end":{"line":193,"column":100}},"type":"cond-expr","locations":[{"start":{"line":193,"column":67},"end":{"line":193,"column":95}},{"start":{"line":193,"column":98},"end":{"line":193,"column":100}}],"line":193},"10":{"loc":{"start":{"line":198,"column":4},"end":{"line":207,"column":5}},"type":"if","locations":[{"start":{"line":198,"column":4},"end":{"line":207,"column":5}},{"start":{"line":204,"column":11},"end":{"line":207,"column":5}}],"line":198},"11":{"loc":{"start":{"line":198,"column":8},"end":{"line":198,"column":66}},"type":"binary-expr","locations":[{"start":{"line":198,"column":8},"end":{"line":198,"column":42}},{"start":{"line":198,"column":46},"end":{"line":198,"column":66}}],"line":198},"12":{"loc":{"start":{"line":204,"column":11},"end":{"line":207,"column":5}},"type":"if","locations":[{"start":{"line":204,"column":11},"end":{"line":207,"column":5}},{"start":{},"end":{}}],"line":204},"13":{"loc":{"start":{"line":223,"column":28},"end":{"line":223,"column":78}},"type":"binary-expr","locations":[{"start":{"line":223,"column":28},"end":{"line":223,"column":45}},{"start":{"line":223,"column":49},"end":{"line":223,"column":78}}],"line":223},"14":{"loc":{"start":{"line":236,"column":4},"end":{"line":236,"column":75}},"type":"if","locations":[{"start":{"line":236,"column":4},"end":{"line":236,"column":75}},{"start":{},"end":{}}],"line":236},"15":{"loc":{"start":{"line":236,"column":8},"end":{"line":236,"column":61}},"type":"binary-expr","locations":[{"start":{"line":236,"column":8},"end":{"line":236,"column":27}},{"start":{"line":236,"column":31},"end":{"line":236,"column":61}}],"line":236},"16":{"loc":{"start":{"line":246,"column":43},"end":{"line":246,"column":65}},"type":"cond-expr","locations":[{"start":{"line":246,"column":56},"end":{"line":246,"column":59}},{"start":{"line":246,"column":62},"end":{"line":246,"column":65}}],"line":246},"17":{"loc":{"start":{"line":249,"column":9},"end":{"line":277,"column":9}},"type":"binary-expr","locations":[{"start":{"line":249,"column":9},"end":{"line":249,"column":19}},{"start":{"line":250,"column":10},"end":{"line":276,"column":17}}],"line":249},"18":{"loc":{"start":{"line":254,"column":19},"end":{"line":254,"column":85}},"type":"binary-expr","locations":[{"start":{"line":254,"column":19},"end":{"line":254,"column":44}},{"start":{"line":254,"column":48},"end":{"line":254,"column":85}}],"line":254},"19":{"loc":{"start":{"line":255,"column":19},"end":{"line":255,"column":92}},"type":"binary-expr","locations":[{"start":{"line":255,"column":19},"end":{"line":255,"column":47}},{"start":{"line":255,"column":51},"end":{"line":255,"column":92}}],"line":255},"20":{"loc":{"start":{"line":256,"column":19},"end":{"line":256,"column":95}},"type":"binary-expr","locations":[{"start":{"line":256,"column":19},"end":{"line":256,"column":49}},{"start":{"line":256,"column":53},"end":{"line":256,"column":95}}],"line":256},"21":{"loc":{"start":{"line":257,"column":19},"end":{"line":257,"column":92}},"type":"binary-expr","locations":[{"start":{"line":257,"column":19},"end":{"line":257,"column":47}},{"start":{"line":257,"column":51},"end":{"line":257,"column":92}}],"line":257},"22":{"loc":{"start":{"line":263,"column":19},"end":{"line":263,"column":76}},"type":"binary-expr","locations":[{"start":{"line":263,"column":19},"end":{"line":263,"column":33}},{"start":{"line":263,"column":37},"end":{"line":263,"column":76}}],"line":263},"23":{"loc":{"start":{"line":273,"column":13},"end":{"line":275,"column":13}},"type":"binary-expr","locations":[{"start":{"line":273,"column":13},"end":{"line":273,"column":31}},{"start":{"line":274,"column":14},"end":{"line":274,"column":66}}],"line":273},"24":{"loc":{"start":{"line":307,"column":10},"end":{"line":307,"column":62}},"type":"binary-expr","locations":[{"start":{"line":307,"column":10},"end":{"line":307,"column":35}},{"start":{"line":307,"column":39},"end":{"line":307,"column":62}}],"line":307},"25":{"loc":{"start":{"line":326,"column":17},"end":{"line":326,"column":48}},"type":"binary-expr","locations":[{"start":{"line":326,"column":17},"end":{"line":326,"column":34}},{"start":{"line":326,"column":38},"end":{"line":326,"column":48}}],"line":326},"26":{"loc":{"start":{"line":352,"column":15},"end":{"line":352,"column":69}},"type":"cond-expr","locations":[{"start":{"line":352,"column":48},"end":{"line":352,"column":57}},{"start":{"line":352,"column":60},"end":{"line":352,"column":69}}],"line":352}},"s":{"0":0,"1":0,"2":0,"3":0,"4":0,"5":0,"6":0,"7":0,"8":0,"9":0,"10":0,"11":0,"12":0,"13":0,"14":0,"15":0,"16":0,"17":0,"18":0,"19":0,"20":0,"21":0,"22":0,"23":0,"24":0,"25":0,"26":0,"27":0,"28":0,"29":0,"30":0,"31":0,"32":0,"33":0,"34":0,"35":0,"36":0,"37":0,"38":0,"39":0,"40":0,"41":0,"42":0,"43":0,"44":0,"45":0,"46":0,"47":0,"48":0,"49":0,"50":0,"51":0,"52":0,"53":0,"54":0,"55":0,"56":0,"57":0,"58":0,"59":0,"60":0,"61":0,"62":0,"63":0,"64":0,"65":0,"66":0,"67":0,"68":0,"69":0,"70":0,"71":0,"72":0,"73":0,"74":0,"75":0,"76":0,"77":0,"78":0,"79":0,"80":0,"81":0,"82":0,"83":0,"84":0,"85":0,"86":0,"87":0,"88":0,"89":0,"90":0,"91":0,"92":0,"93":0,"94":0,"95":0,"96":0,"97":0,"98":0,"99":0,"100":0,"101":0,"102":0,"103":0,"104":0,"105":0,"106":0,"107":0,"108":0,"109":0,"110":0,"111":0,"112":0,"113":0,"114":0,"115":0,"116":0,"117":0,"118":0},"f":{"0":0,"1":0,"2":0,"3":0,"4":0,"5":0,"6":0,"7":0,"8":0,"9":0,"10":0,"11":0,"12":0,"13":0,"14":0,"15":0,"16":0,"17":0,"18":0,"19":0,"20":0,"21":0,"22":0,"23":0,"24":0,"25":0,"26":0,"27":0,"28":0,"29":0,"30":0},"b":{"0":[0,0,0,0],"1":[0,0],"2":[0,0],"3":[0,0],"4":[0,0],"5":[0,0],"6":[0,0,0,0,0],"7":[0,0],"8":[0,0],"9":[0,0],"10":[0,0],"11":[0,0],"12":[0,0],"13":[0,0],"14":[0,0],"15":[0,0],"16":[0,0],"17":[0,0],"18":[0,0],"19":[0,0],"20":[0,0],"21":[0,0],"22":[0,0],"23":[0,0],"24":[0,0],"25":[0,0],"26":[0,0]}}
,"/Users/xiaochunliu/ai-todo/components/BottomSheet.tsx": {"path":"/Users/xiaochunliu/ai-todo/components/BottomSheet.tsx","statementMap":{"0":{"start":{"line":22,"column":20},"end":{"line":81,"column":1}},"1":{"start":{"line":33,"column":27},"end":{"line":43,"column":5}},"2":{"start":{"line":35,"column":8},"end":{"line":40,"column":10}},"3":{"start":{"line":45,"column":31},"end":{"line":52,"column":5}},"4":{"start":{"line":47,"column":8},"end":{"line":49,"column":9}},"5":{"start":{"line":48,"column":10},"end":{"line":48,"column":20}},"6":{"start":{"line":54,"column":4},"end":{"line":79,"column":6}},"7":{"start":{"line":69,"column":31},"end":{"line":69,"column":63}},"8":{"start":{"line":83,"column":35},"end":{"line":83,"column":59}},"9":{"start":{"line":85,"column":15},"end":{"line":129,"column":2}}},"fnMap":{"0":{"name":"(anonymous_0)","decl":{"start":{"line":23,"column":2},"end":{"line":23,"column":3}},"loc":{"start":{"line":32,"column":7},"end":{"line":80,"column":3}},"line":32},"1":{"name":"(anonymous_1)","decl":{"start":{"line":34,"column":6},"end":{"line":34,"column":7}},"loc":{"start":{"line":35,"column":8},"end":{"line":40,"column":10}},"line":35},"2":{"name":"(anonymous_2)","decl":{"start":{"line":46,"column":6},"end":{"line":46,"column":7}},"loc":{"start":{"line":46,"column":25},"end":{"line":50,"column":7}},"line":46},"3":{"name":"(anonymous_3)","decl":{"start":{"line":69,"column":25},"end":{"line":69,"column":26}},"loc":{"start":{"line":69,"column":31},"end":{"line":69,"column":63}},"line":69}},"branchMap":{"0":{"loc":{"start":{"line":26,"column":6},"end":{"line":26,"column":33}},"type":"default-arg","locations":[{"start":{"line":26,"column":19},"end":{"line":26,"column":33}}],"line":26},"1":{"loc":{"start":{"line":28,"column":6},"end":{"line":28,"column":33}},"type":"default-arg","locations":[{"start":{"line":28,"column":29},"end":{"line":28,"column":33}}],"line":28},"2":{"loc":{"start":{"line":47,"column":8},"end":{"line":49,"column":9}},"type":"if","locations":[{"start":{"line":47,"column":8},"end":{"line":49,"column":9}},{"start":{},"end":{}}],"line":47},"3":{"loc":{"start":{"line":47,"column":12},"end":{"line":47,"column":35}},"type":"binary-expr","locations":[{"start":{"line":47,"column":12},"end":{"line":47,"column":24}},{"start":{"line":47,"column":28},"end":{"line":47,"column":35}}],"line":47},"4":{"loc":{"start":{"line":65,"column":11},"end":{"line":75,"column":11}},"type":"binary-expr","locations":[{"start":{"line":65,"column":11},"end":{"line":65,"column":16}},{"start":{"line":66,"column":12},"end":{"line":74,"column":19}}],"line":65}},"s":{"0":0,"1":0,"2":0,"3":0,"4":0,"5":0,"6":0,"7":0,"8":0,"9":0},"f":{"0":0,"1":0,"2":0,"3":0},"b":{"0":[0],"1":[0],"2":[0,0],"3":[0,0],"4":[0,0]}}
,"/Users/xiaochunliu/ai-todo/components/DateTimeButton.tsx": {"path":"/Users/xiaochunliu/ai-todo/components/DateTimeButton.tsx","statementMap":{"0":{"start":{"line":17,"column":54},"end":{"line":139,"column":1}},"1":{"start":{"line":22,"column":38},"end":{"line":22,"column":53}},"2":{"start":{"line":23,"column":34},"end":{"line":23,"column":63}},"3":{"start":{"line":25,"column":21},"end":{"line":37,"column":3}},"4":{"start":{"line":26,"column":48},"end":{"line":29,"column":5}},"5":{"start":{"line":31,"column":4},"end":{"line":34,"column":5}},"6":{"start":{"line":32,"column":6},"end":{"line":32,"column":31}},"7":{"start":{"line":33,"column":6},"end":{"line":33,"column":33}},"8":{"start":{"line":36,"column":4},"end":{"line":36,"column":49}},"9":{"start":{"line":39,"column":22},"end":{"line":41,"column":3}},"10":{"start":{"line":40,"column":4},"end":{"line":40,"column":24}},"11":{"start":{"line":43,"column":22},"end":{"line":45,"column":3}},"12":{"start":{"line":44,"column":4},"end":{"line":44,"column":24}},"13":{"start":{"line":47,"column":27},"end":{"line":65,"column":3}},"14":{"start":{"line":48,"column":4},"end":{"line":50,"column":5}},"15":{"start":{"line":49,"column":6},"end":{"line":49,"column":27}},"16":{"start":{"line":52,"column":4},"end":{"line":64,"column":5}},"17":{"start":{"line":54,"column":6},"end":{"line":58,"column":7}},"18":{"start":{"line":57,"column":8},"end":{"line":57,"column":42}},"19":{"start":{"line":60,"column":6},"end":{"line":60,"column":32}},"20":{"start":{"line":61,"column":6},"end":{"line":63,"column":7}},"21":{"start":{"line":62,"column":8},"end":{"line":62,"column":31}},"22":{"start":{"line":67,"column":21},"end":{"line":78,"column":3}},"23":{"start":{"line":69,"column":22},"end":{"line":69,"column":40}},"24":{"start":{"line":70,"column":4},"end":{"line":74,"column":5}},"25":{"start":{"line":73,"column":6},"end":{"line":73,"column":37}},"26":{"start":{"line":76,"column":4},"end":{"line":76,"column":24}},"27":{"start":{"line":77,"column":4},"end":{"line":77,"column":25}},"28":{"start":{"line":80,"column":2},"end":{"line":138,"column":4}},"29":{"start":{"line":108,"column":49},"end":{"line":108,"column":69}},"30":{"start":{"line":141,"column":15},"end":{"line":200,"column":2}}},"fnMap":{"0":{"name":"(anonymous_0)","decl":{"start":{"line":17,"column":54},"end":{"line":17,"column":55}},"loc":{"start":{"line":21,"column":6},"end":{"line":139,"column":1}},"line":21},"1":{"name":"(anonymous_1)","decl":{"start":{"line":25,"column":21},"end":{"line":25,"column":22}},"loc":{"start":{"line":25,"column":37},"end":{"line":37,"column":3}},"line":25},"2":{"name":"(anonymous_2)","decl":{"start":{"line":39,"column":22},"end":{"line":39,"column":23}},"loc":{"start":{"line":39,"column":28},"end":{"line":41,"column":3}},"line":39},"3":{"name":"(anonymous_3)","decl":{"start":{"line":43,"column":22},"end":{"line":43,"column":23}},"loc":{"start":{"line":43,"column":28},"end":{"line":45,"column":3}},"line":43},"4":{"name":"(anonymous_4)","decl":{"start":{"line":47,"column":27},"end":{"line":47,"column":28}},"loc":{"start":{"line":47,"column":64},"end":{"line":65,"column":3}},"line":47},"5":{"name":"(anonymous_5)","decl":{"start":{"line":67,"column":21},"end":{"line":67,"column":22}},"loc":{"start":{"line":67,"column":27},"end":{"line":78,"column":3}},"line":67},"6":{"name":"(anonymous_6)","decl":{"start":{"line":108,"column":43},"end":{"line":108,"column":44}},"loc":{"start":{"line":108,"column":49},"end":{"line":108,"column":69}},"line":108}},"branchMap":{"0":{"loc":{"start":{"line":20,"column":2},"end":{"line":20,"column":19}},"type":"default-arg","locations":[{"start":{"line":20,"column":9},"end":{"line":20,"column":19}}],"line":20},"1":{"loc":{"start":{"line":23,"column":43},"end":{"line":23,"column":62}},"type":"binary-expr","locations":[{"start":{"line":23,"column":43},"end":{"line":23,"column":48}},{"start":{"line":23,"column":52},"end":{"line":23,"column":62}}],"line":23},"2":{"loc":{"start":{"line":31,"column":4},"end":{"line":34,"column":5}},"type":"if","locations":[{"start":{"line":31,"column":4},"end":{"line":34,"column":5}},{"start":{},"end":{}}],"line":31},"3":{"loc":{"start":{"line":31,"column":8},"end":{"line":31,"column":46}},"type":"binary-expr","locations":[{"start":{"line":31,"column":8},"end":{"line":31,"column":23}},{"start":{"line":31,"column":27},"end":{"line":31,"column":46}}],"line":31},"4":{"loc":{"start":{"line":48,"column":4},"end":{"line":50,"column":5}},"type":"if","locations":[{"start":{"line":48,"column":4},"end":{"line":50,"column":5}},{"start":{},"end":{}}],"line":48},"5":{"loc":{"start":{"line":52,"column":4},"end":{"line":64,"column":5}},"type":"if","locations":[{"start":{"line":52,"column":4},"end":{"line":64,"column":5}},{"start":{},"end":{}}],"line":52},"6":{"loc":{"start":{"line":54,"column":6},"end":{"line":58,"column":7}},"type":"if","locations":[{"start":{"line":54,"column":6},"end":{"line":58,"column":7}},{"start":{},"end":{}}],"line":54},"7":{"loc":{"start":{"line":54,"column":10},"end":{"line":56,"column":41}},"type":"binary-expr","locations":[{"start":{"line":54,"column":10},"end":{"line":54,"column":25}},{"start":{"line":55,"column":10},"end":{"line":55,"column":39}},{"start":{"line":56,"column":10},"end":{"line":56,"column":41}}],"line":54},"8":{"loc":{"start":{"line":61,"column":6},"end":{"line":63,"column":7}},"type":"if","locations":[{"start":{"line":61,"column":6},"end":{"line":63,"column":7}},{"start":{},"end":{}}],"line":61},"9":{"loc":{"start":{"line":70,"column":4},"end":{"line":74,"column":5}},"type":"if","locations":[{"start":{"line":70,"column":4},"end":{"line":74,"column":5}},{"start":{},"end":{}}],"line":70},"10":{"loc":{"start":{"line":70,"column":8},"end":{"line":72,"column":36}},"type":"binary-expr","locations":[{"start":{"line":70,"column":8},"end":{"line":70,"column":23}},{"start":{"line":71,"column":8},"end":{"line":71,"column":34}},{"start":{"line":72,"column":8},"end":{"line":72,"column":36}}],"line":70},"11":{"loc":{"start":{"line":89,"column":11},"end":{"line":89,"column":45}},"type":"cond-expr","locations":[{"start":{"line":89,"column":19},"end":{"line":89,"column":36}},{"start":{"line":89,"column":39},"end":{"line":89,"column":45}}],"line":89},"12":{"loc":{"start":{"line":93,"column":7},"end":{"line":101,"column":7}},"type":"binary-expr","locations":[{"start":{"line":93,"column":7},"end":{"line":93,"column":12}},{"start":{"line":94,"column":8},"end":{"line":100,"column":27}}],"line":93},"13":{"loc":{"start":{"line":103,"column":7},"end":{"line":136,"column":7}},"type":"binary-expr","locations":[{"start":{"line":103,"column":7},"end":{"line":103,"column":17}},{"start":{"line":104,"column":8},"end":{"line":135,"column":11}}],"line":103},"14":{"loc":{"start":{"line":105,"column":11},"end":{"line":125,"column":11}},"type":"binary-expr","locations":[{"start":{"line":105,"column":11},"end":{"line":105,"column":32}},{"start":{"line":106,"column":12},"end":{"line":124,"column":19}}],"line":105},"15":{"loc":{"start":{"line":127,"column":11},"end":{"line":134,"column":11}},"type":"binary-expr","locations":[{"start":{"line":127,"column":11},"end":{"line":127,"column":36}},{"start":{"line":128,"column":12},"end":{"line":133,"column":14}}],"line":127}},"s":{"0":0,"1":0,"2":0,"3":0,"4":0,"5":0,"6":0,"7":0,"8":0,"9":0,"10":0,"11":0,"12":0,"13":0,"14":0,"15":0,"16":0,"17":0,"18":0,"19":0,"20":0,"21":0,"22":0,"23":0,"24":0,"25":0,"26":0,"27":0,"28":0,"29":0,"30":0},"f":{"0":0,"1":0,"2":0,"3":0,"4":0,"5":0,"6":0},"b":{"0":[0],"1":[0,0],"2":[0,0],"3":[0,0],"4":[0,0],"5":[0,0],"6":[0,0],"7":[0,0,0],"8":[0,0],"9":[0,0],"10":[0,0,0],"11":[0,0],"12":[0,0],"13":[0,0],"14":[0,0],"15":[0,0]}}
,"/Users/xiaochunliu/ai-todo/components/EmptyState.tsx": {"path":"/Users/xiaochunliu/ai-todo/components/EmptyState.tsx","statementMap":{"0":{"start":{"line":14,"column":46},"end":{"line":55,"column":1}},"1":{"start":{"line":15,"column":21},"end":{"line":42,"column":3}},"2":{"start":{"line":16,"column":4},"end":{"line":41,"column":5}},"3":{"start":{"line":18,"column":8},"end":{"line":22,"column":10}},"4":{"start":{"line":24,"column":8},"end":{"line":28,"column":10}},"5":{"start":{"line":30,"column":8},"end":{"line":34,"column":10}},"6":{"start":{"line":36,"column":8},"end":{"line":40,"column":10}},"7":{"start":{"line":44,"column":18},"end":{"line":44,"column":30}},"8":{"start":{"line":46,"column":2},"end":{"line":54,"column":4}},"9":{"start":{"line":57,"column":15},"end":{"line":81,"column":2}}},"fnMap":{"0":{"name":"(anonymous_0)","decl":{"start":{"line":14,"column":46},"end":{"line":14,"column":47}},"loc":{"start":{"line":14,"column":60},"end":{"line":55,"column":1}},"line":14},"1":{"name":"(anonymous_1)","decl":{"start":{"line":15,"column":21},"end":{"line":15,"column":22}},"loc":{"start":{"line":15,"column":27},"end":{"line":42,"column":3}},"line":15}},"branchMap":{"0":{"loc":{"start":{"line":16,"column":4},"end":{"line":41,"column":5}},"type":"switch","locations":[{"start":{"line":17,"column":6},"end":{"line":22,"column":10}},{"start":{"line":23,"column":6},"end":{"line":28,"column":10}},{"start":{"line":29,"column":6},"end":{"line":34,"column":10}},{"start":{"line":35,"column":6},"end":{"line":40,"column":10}}],"line":16},"1":{"loc":{"start":{"line":50,"column":7},"end":{"line":52,"column":14}},"type":"cond-expr","locations":[{"start":{"line":51,"column":8},"end":{"line":51,"column":63}},{"start":{"line":52,"column":10},"end":{"line":52,"column":14}}],"line":50}},"s":{"0":0,"1":0,"2":0,"3":0,"4":0,"5":0,"6":0,"7":0,"8":0,"9":0},"f":{"0":0,"1":0},"b":{"0":[0,0,0,0],"1":[0,0]}}
,"/Users/xiaochunliu/ai-todo/components/FloatingBar.tsx": {"path":"/Users/xiaochunliu/ai-todo/components/FloatingBar.tsx","statementMap":{"0":{"start":{"line":19,"column":48},"end":{"line":113,"column":1}},"1":{"start":{"line":27,"column":21},"end":{"line":27,"column":60}},"2":{"start":{"line":28,"column":18},"end":{"line":28,"column":55}},"3":{"start":{"line":30,"column":2},"end":{"line":59,"column":16}},"4":{"start":{"line":31,"column":4},"end":{"line":58,"column":5}},"5":{"start":{"line":32,"column":6},"end":{"line":44,"column":17}},"6":{"start":{"line":46,"column":6},"end":{"line":57,"column":17}},"7":{"start":{"line":61,"column":2},"end":{"line":63,"column":3}},"8":{"start":{"line":62,"column":4},"end":{"line":62,"column":16}},"9":{"start":{"line":65,"column":2},"end":{"line":112,"column":4}},"10":{"start":{"line":115,"column":15},"end":{"line":177,"column":2}}},"fnMap":{"0":{"name":"(anonymous_0)","decl":{"start":{"line":19,"column":48},"end":{"line":19,"column":49}},"loc":{"start":{"line":26,"column":6},"end":{"line":113,"column":1}},"line":26},"1":{"name":"(anonymous_1)","decl":{"start":{"line":30,"column":12},"end":{"line":30,"column":13}},"loc":{"start":{"line":30,"column":18},"end":{"line":59,"column":3}},"line":30}},"branchMap":{"0":{"loc":{"start":{"line":31,"column":4},"end":{"line":58,"column":5}},"type":"if","locations":[{"start":{"line":31,"column":4},"end":{"line":58,"column":5}},{"start":{"line":45,"column":11},"end":{"line":58,"column":5}}],"line":31},"1":{"loc":{"start":{"line":61,"column":2},"end":{"line":63,"column":3}},"type":"if","locations":[{"start":{"line":61,"column":2},"end":{"line":63,"column":3}},{"start":{},"end":{}}],"line":61},"2":{"loc":{"start":{"line":82,"column":13},"end":{"line":82,"column":40}},"type":"cond-expr","locations":[{"start":{"line":82,"column":27},"end":{"line":82,"column":33}},{"start":{"line":82,"column":36},"end":{"line":82,"column":40}}],"line":82},"3":{"loc":{"start":{"line":95,"column":12},"end":{"line":95,"column":63}},"type":"binary-expr","locations":[{"start":{"line":95,"column":12},"end":{"line":95,"column":31}},{"start":{"line":95,"column":35},"end":{"line":95,"column":63}}],"line":95},"4":{"loc":{"start":{"line":104,"column":14},"end":{"line":104,"column":63}},"type":"binary-expr","locations":[{"start":{"line":104,"column":14},"end":{"line":104,"column":33}},{"start":{"line":104,"column":37},"end":{"line":104,"column":63}}],"line":104}},"s":{"0":0,"1":0,"2":0,"3":0,"4":0,"5":0,"6":0,"7":0,"8":0,"9":0,"10":0},"f":{"0":0,"1":0},"b":{"0":[0,0],"1":[0,0],"2":[0,0],"3":[0,0],"4":[0,0]}}
,"/Users/xiaochunliu/ai-todo/components/MoreActionSheet.tsx": {"path":"/Users/xiaochunliu/ai-todo/components/MoreActionSheet.tsx","statementMap":{"0":{"start":{"line":23,"column":24},"end":{"line":108,"column":1}},"1":{"start":{"line":25,"column":27},"end":{"line":25,"column":57}},"2":{"start":{"line":27,"column":4},"end":{"line":34,"column":8}},"3":{"start":{"line":27,"column":36},"end":{"line":34,"column":5}},"4":{"start":{"line":29,"column":8},"end":{"line":29,"column":42}},"5":{"start":{"line":32,"column":8},"end":{"line":32,"column":42}},"6":{"start":{"line":36,"column":25},"end":{"line":39,"column":5}},"7":{"start":{"line":37,"column":6},"end":{"line":37,"column":15}},"8":{"start":{"line":38,"column":6},"end":{"line":38,"column":40}},"9":{"start":{"line":41,"column":4},"end":{"line":106,"column":6}},"10":{"start":{"line":54,"column":29},"end":{"line":54,"column":70}},"11":{"start":{"line":54,"column":48},"end":{"line":54,"column":69}},"12":{"start":{"line":61,"column":29},"end":{"line":61,"column":71}},"13":{"start":{"line":61,"column":48},"end":{"line":61,"column":70}},"14":{"start":{"line":68,"column":29},"end":{"line":68,"column":70}},"15":{"start":{"line":68,"column":48},"end":{"line":68,"column":69}},"16":{"start":{"line":75,"column":29},"end":{"line":75,"column":69}},"17":{"start":{"line":75,"column":48},"end":{"line":75,"column":68}},"18":{"start":{"line":88,"column":31},"end":{"line":88,"column":50}},"19":{"start":{"line":99,"column":27},"end":{"line":99,"column":49}},"20":{"start":{"line":110,"column":15},"end":{"line":158,"column":2}}},"fnMap":{"0":{"name":"(anonymous_0)","decl":{"start":{"line":24,"column":2},"end":{"line":24,"column":3}},"loc":{"start":{"line":24,"column":61},"end":{"line":107,"column":3}},"line":24},"1":{"name":"(anonymous_1)","decl":{"start":{"line":27,"column":29},"end":{"line":27,"column":30}},"loc":{"start":{"line":27,"column":36},"end":{"line":34,"column":5}},"line":27},"2":{"name":"(anonymous_2)","decl":{"start":{"line":28,"column":15},"end":{"line":28,"column":16}},"loc":{"start":{"line":28,"column":21},"end":{"line":30,"column":7}},"line":28},"3":{"name":"(anonymous_3)","decl":{"start":{"line":31,"column":15},"end":{"line":31,"column":16}},"loc":{"start":{"line":31,"column":21},"end":{"line":33,"column":7}},"line":31},"4":{"name":"(anonymous_4)","decl":{"start":{"line":36,"column":25},"end":{"line":36,"column":26}},"loc":{"start":{"line":36,"column":49},"end":{"line":39,"column":5}},"line":36},"5":{"name":"(anonymous_5)","decl":{"start":{"line":54,"column":23},"end":{"line":54,"column":24}},"loc":{"start":{"line":54,"column":29},"end":{"line":54,"column":70}},"line":54},"6":{"name":"(anonymous_6)","decl":{"start":{"line":54,"column":42},"end":{"line":54,"column":43}},"loc":{"start":{"line":54,"column":48},"end":{"line":54,"column":69}},"line":54},"7":{"name":"(anonymous_7)","decl":{"start":{"line":61,"column":23},"end":{"line":61,"column":24}},"loc":{"start":{"line":61,"column":29},"end":{"line":61,"column":71}},"line":61},"8":{"name":"(anonymous_8)","decl":{"start":{"line":61,"column":42},"end":{"line":61,"column":43}},"loc":{"start":{"line":61,"column":48},"end":{"line":61,"column":70}},"line":61},"9":{"name":"(anonymous_9)","decl":{"start":{"line":68,"column":23},"end":{"line":68,"column":24}},"loc":{"start":{"line":68,"column":29},"end":{"line":68,"column":70}},"line":68},"10":{"name":"(anonymous_10)","decl":{"start":{"line":68,"column":42},"end":{"line":68,"column":43}},"loc":{"start":{"line":68,"column":48},"end":{"line":68,"column":69}},"line":68},"11":{"name":"(anonymous_11)","decl":{"start":{"line":75,"column":23},"end":{"line":75,"column":24}},"loc":{"start":{"line":75,"column":29},"end":{"line":75,"column":69}},"line":75},"12":{"name":"(anonymous_12)","decl":{"start":{"line":75,"column":42},"end":{"line":75,"column":43}},"loc":{"start":{"line":75,"column":48},"end":{"line":75,"column":68}},"line":75},"13":{"name":"(anonymous_13)","decl":{"start":{"line":88,"column":25},"end":{"line":88,"column":26}},"loc":{"start":{"line":88,"column":31},"end":{"line":88,"column":50}},"line":88},"14":{"name":"(anonymous_14)","decl":{"start":{"line":99,"column":21},"end":{"line":99,"column":22}},"loc":{"start":{"line":99,"column":27},"end":{"line":99,"column":49}},"line":99}},"branchMap":{"0":{"loc":{"start":{"line":24,"column":34},"end":{"line":24,"column":49}},"type":"default-arg","locations":[{"start":{"line":24,"column":44},"end":{"line":24,"column":49}}],"line":24},"1":{"loc":{"start":{"line":84,"column":11},"end":{"line":95,"column":11}},"type":"binary-expr","locations":[{"start":{"line":84,"column":11},"end":{"line":84,"column":18}},{"start":{"line":84,"column":22},"end":{"line":84,"column":27}},{"start":{"line":85,"column":12},"end":{"line":94,"column":15}}],"line":84}},"s":{"0":0,"1":0,"2":0,"3":0,"4":0,"5":0,"6":0,"7":0,"8":0,"9":0,"10":0,"11":0,"12":0,"13":0,"14":0,"15":0,"16":0,"17":0,"18":0,"19":0,"20":0},"f":{"0":0,"1":0,"2":0,"3":0,"4":0,"5":0,"6":0,"7":0,"8":0,"9":0,"10":0,"11":0,"12":0,"13":0,"14":0},"b":{"0":[0],"1":[0,0,0]}}
,"/Users/xiaochunliu/ai-todo/components/Snackbar.tsx": {"path":"/Users/xiaochunliu/ai-todo/components/Snackbar.tsx","statementMap":{"0":{"start":{"line":19,"column":42},"end":{"line":103,"column":1}},"1":{"start":{"line":27,"column":21},"end":{"line":27,"column":60}},"2":{"start":{"line":28,"column":21},"end":{"line":28,"column":66}},"3":{"start":{"line":30,"column":2},"end":{"line":53,"column":16}},"4":{"start":{"line":31,"column":4},"end":{"line":46,"column":5}},"5":{"start":{"line":32,"column":6},"end":{"line":37,"column":17}},"6":{"start":{"line":39,"column":6},"end":{"line":43,"column":7}},"7":{"start":{"line":40,"column":8},"end":{"line":42,"column":21}},"8":{"start":{"line":41,"column":10},"end":{"line":41,"column":17}},"9":{"start":{"line":45,"column":6},"end":{"line":45,"column":13}},"10":{"start":{"line":48,"column":4},"end":{"line":52,"column":6}},"11":{"start":{"line":49,"column":6},"end":{"line":51,"column":7}},"12":{"start":{"line":50,"column":8},"end":{"line":50,"column":41}},"13":{"start":{"line":55,"column":15},"end":{"line":65,"column":3}},"14":{"start":{"line":56,"column":4},"end":{"line":64,"column":7}},"15":{"start":{"line":61,"column":6},"end":{"line":63,"column":7}},"16":{"start":{"line":62,"column":8},"end":{"line":62,"column":20}},"17":{"start":{"line":67,"column":28},"end":{"line":75,"column":3}},"18":{"start":{"line":68,"column":4},"end":{"line":70,"column":5}},"19":{"start":{"line":69,"column":6},"end":{"line":69,"column":39}},"20":{"start":{"line":71,"column":4},"end":{"line":71,"column":11}},"21":{"start":{"line":72,"column":4},"end":{"line":74,"column":5}},"22":{"start":{"line":73,"column":6},"end":{"line":73,"column":22}},"23":{"start":{"line":77,"column":2},"end":{"line":79,"column":3}},"24":{"start":{"line":78,"column":4},"end":{"line":78,"column":16}},"25":{"start":{"line":81,"column":2},"end":{"line":102,"column":4}},"26":{"start":{"line":105,"column":15},"end":{"line":140,"column":2}}},"fnMap":{"0":{"name":"(anonymous_0)","decl":{"start":{"line":19,"column":42},"end":{"line":19,"column":43}},"loc":{"start":{"line":26,"column":6},"end":{"line":103,"column":1}},"line":26},"1":{"name":"(anonymous_1)","decl":{"start":{"line":30,"column":12},"end":{"line":30,"column":13}},"loc":{"start":{"line":30,"column":18},"end":{"line":53,"column":3}},"line":30},"2":{"name":"(anonymous_2)","decl":{"start":{"line":40,"column":40},"end":{"line":40,"column":41}},"loc":{"start":{"line":40,"column":46},"end":{"line":42,"column":9}},"line":40},"3":{"name":"(anonymous_3)","decl":{"start":{"line":48,"column":11},"end":{"line":48,"column":12}},"loc":{"start":{"line":48,"column":17},"end":{"line":52,"column":5}},"line":48},"4":{"name":"(anonymous_4)","decl":{"start":{"line":55,"column":15},"end":{"line":55,"column":16}},"loc":{"start":{"line":55,"column":21},"end":{"line":65,"column":3}},"line":55},"5":{"name":"(anonymous_5)","decl":{"start":{"line":60,"column":13},"end":{"line":60,"column":14}},"loc":{"start":{"line":60,"column":19},"end":{"line":64,"column":5}},"line":60},"6":{"name":"(anonymous_6)","decl":{"start":{"line":67,"column":28},"end":{"line":67,"column":29}},"loc":{"start":{"line":67,"column":34},"end":{"line":75,"column":3}},"line":67}},"branchMap":{"0":{"loc":{"start":{"line":24,"column":2},"end":{"line":24,"column":17}},"type":"default-arg","locations":[{"start":{"line":24,"column":13},"end":{"line":24,"column":17}}],"line":24},"1":{"loc":{"start":{"line":31,"column":4},"end":{"line":46,"column":5}},"type":"if","locations":[{"start":{"line":31,"column":4},"end":{"line":46,"column":5}},{"start":{"line":44,"column":11},"end":{"line":46,"column":5}}],"line":31},"2":{"loc":{"start":{"line":39,"column":6},"end":{"line":43,"column":7}},"type":"if","locations":[{"start":{"line":39,"column":6},"end":{"line":43,"column":7}},{"start":{},"end":{}}],"line":39},"3":{"loc":{"start":{"line":49,"column":6},"end":{"line":51,"column":7}},"type":"if","locations":[{"start":{"line":49,"column":6},"end":{"line":51,"column":7}},{"start":{},"end":{}}],"line":49},"4":{"loc":{"start":{"line":61,"column":6},"end":{"line":63,"column":7}},"type":"if","locations":[{"start":{"line":61,"column":6},"end":{"line":63,"column":7}},{"start":{},"end":{}}],"line":61},"5":{"loc":{"start":{"line":68,"column":4},"end":{"line":70,"column":5}},"type":"if","locations":[{"start":{"line":68,"column":4},"end":{"line":70,"column":5}},{"start":{},"end":{}}],"line":68},"6":{"loc":{"start":{"line":72,"column":4},"end":{"line":74,"column":5}},"type":"if","locations":[{"start":{"line":72,"column":4},"end":{"line":74,"column":5}},{"start":{},"end":{}}],"line":72},"7":{"loc":{"start":{"line":77,"column":2},"end":{"line":79,"column":3}},"type":"if","locations":[{"start":{"line":77,"column":2},"end":{"line":79,"column":3}},{"start":{},"end":{}}],"line":77},"8":{"loc":{"start":{"line":93,"column":7},"end":{"line":100,"column":7}},"type":"binary-expr","locations":[{"start":{"line":93,"column":7},"end":{"line":93,"column":17}},{"start":{"line":94,"column":8},"end":{"line":99,"column":27}}],"line":93}},"s":{"0":0,"1":0,"2":0,"3":0,"4":0,"5":0,"6":0,"7":0,"8":0,"9":0,"10":0,"11":0,"12":0,"13":0,"14":0,"15":0,"16":0,"17":0,"18":0,"19":0,"20":0,"21":0,"22":0,"23":0,"24":0,"25":0,"26":0},"f":{"0":0,"1":0,"2":0,"3":0,"4":0,"5":0,"6":0},"b":{"0":[0],"1":[0,0],"2":[0,0],"3":[0,0],"4":[0,0],"5":[0,0],"6":[0,0],"7":[0,0],"8":[0,0]}}
,"/Users/xiaochunliu/ai-todo/components/TaskCell.tsx": {"path":"/Users/xiaochunliu/ai-todo/components/TaskCell.tsx","statementMap":{"0":{"start":{"line":22,"column":42},"end":{"line":132,"column":1}},"1":{"start":{"line":31,"column":22},"end":{"line":31,"column":39}},"2":{"start":{"line":33,"column":21},"end":{"line":46,"column":3}},"3":{"start":{"line":34,"column":4},"end":{"line":34,"column":30}},"4":{"start":{"line":34,"column":20},"end":{"line":34,"column":30}},"5":{"start":{"line":35,"column":17},"end":{"line":35,"column":36}},"6":{"start":{"line":37,"column":4},"end":{"line":45,"column":5}},"7":{"start":{"line":38,"column":20},"end":{"line":38,"column":63}},"8":{"start":{"line":39,"column":22},"end":{"line":39,"column":67}},"9":{"start":{"line":40,"column":6},"end":{"line":40,"column":35}},"10":{"start":{"line":42,"column":20},"end":{"line":42,"column":69}},"11":{"start":{"line":43,"column":18},"end":{"line":43,"column":60}},"12":{"start":{"line":44,"column":6},"end":{"line":44,"column":31}},"13":{"start":{"line":48,"column":29},"end":{"line":64,"column":3}},"14":{"start":{"line":49,"column":23},"end":{"line":52,"column":6}},"15":{"start":{"line":54,"column":4},"end":{"line":63,"column":6}},"16":{"start":{"line":66,"column":28},"end":{"line":72,"column":3}},"17":{"start":{"line":67,"column":4},"end":{"line":71,"column":6}},"18":{"start":{"line":74,"column":2},"end":{"line":131,"column":4}},"19":{"start":{"line":79,"column":8},"end":{"line":83,"column":9}},"20":{"start":{"line":80,"column":10},"end":{"line":80,"column":24}},"21":{"start":{"line":81,"column":15},"end":{"line":83,"column":9}},"22":{"start":{"line":82,"column":10},"end":{"line":82,"column":25}},"23":{"start":{"line":134,"column":15},"end":{"line":220,"column":2}}},"fnMap":{"0":{"name":"(anonymous_0)","decl":{"start":{"line":22,"column":42},"end":{"line":22,"column":43}},"loc":{"start":{"line":30,"column":6},"end":{"line":132,"column":1}},"line":30},"1":{"name":"(anonymous_1)","decl":{"start":{"line":33,"column":21},"end":{"line":33,"column":22}},"loc":{"start":{"line":33,"column":45},"end":{"line":46,"column":3}},"line":33},"2":{"name":"(anonymous_2)","decl":{"start":{"line":48,"column":29},"end":{"line":48,"column":30}},"loc":{"start":{"line":48,"column":83},"end":{"line":64,"column":3}},"line":48},"3":{"name":"(anonymous_3)","decl":{"start":{"line":66,"column":28},"end":{"line":66,"column":29}},"loc":{"start":{"line":66,"column":34},"end":{"line":72,"column":3}},"line":66},"4":{"name":"(anonymous_4)","decl":{"start":{"line":78,"column":23},"end":{"line":78,"column":24}},"loc":{"start":{"line":78,"column":38},"end":{"line":84,"column":7}},"line":78}},"branchMap":{"0":{"loc":{"start":{"line":24,"column":2},"end":{"line":24,"column":17}},"type":"default-arg","locations":[{"start":{"line":24,"column":13},"end":{"line":24,"column":17}}],"line":24},"1":{"loc":{"start":{"line":25,"column":2},"end":{"line":25,"column":17}},"type":"default-arg","locations":[{"start":{"line":25,"column":12},"end":{"line":25,"column":17}}],"line":25},"2":{"loc":{"start":{"line":34,"column":4},"end":{"line":34,"column":30}},"type":"if","locations":[{"start":{"line":34,"column":4},"end":{"line":34,"column":30}},{"start":{},"end":{}}],"line":34},"3":{"loc":{"start":{"line":37,"column":4},"end":{"line":45,"column":5}},"type":"if","locations":[{"start":{"line":37,"column":4},"end":{"line":45,"column":5}},{"start":{"line":41,"column":11},"end":{"line":45,"column":5}}],"line":37},"4":{"loc":{"start":{"line":69,"column":41},"end":{"line":69,"column":64}},"type":"cond-expr","locations":[{"start":{"line":69,"column":55},"end":{"line":69,"column":58}},{"start":{"line":69,"column":61},"end":{"line":69,"column":64}}],"line":69},"5":{"loc":{"start":{"line":76,"column":25},"end":{"line":76,"column":69}},"type":"cond-expr","locations":[{"start":{"line":76,"column":40},"end":{"line":76,"column":57}},{"start":{"line":76,"column":60},"end":{"line":76,"column":69}}],"line":76},"6":{"loc":{"start":{"line":77,"column":26},"end":{"line":77,"column":70}},"type":"cond-expr","locations":[{"start":{"line":77,"column":40},"end":{"line":77,"column":58}},{"start":{"line":77,"column":61},"end":{"line":77,"column":70}}],"line":77},"7":{"loc":{"start":{"line":79,"column":8},"end":{"line":83,"column":9}},"type":"if","locations":[{"start":{"line":79,"column":8},"end":{"line":83,"column":9}},{"start":{"line":81,"column":15},"end":{"line":83,"column":9}}],"line":79},"8":{"loc":{"start":{"line":79,"column":12},"end":{"line":79,"column":47}},"type":"binary-expr","locations":[{"start":{"line":79,"column":12},"end":{"line":79,"column":32}},{"start":{"line":79,"column":36},"end":{"line":79,"column":47}}],"line":79},"9":{"loc":{"start":{"line":81,"column":15},"end":{"line":83,"column":9}},"type":"if","locations":[{"start":{"line":81,"column":15},"end":{"line":83,"column":9}},{"start":{},"end":{}}],"line":81},"10":{"loc":{"start":{"line":81,"column":19},"end":{"line":81,"column":56}},"type":"binary-expr","locations":[{"start":{"line":81,"column":19},"end":{"line":81,"column":40}},{"start":{"line":81,"column":44},"end":{"line":81,"column":56}}],"line":81},"11":{"loc":{"start":{"line":97,"column":11},"end":{"line":99,"column":11}},"type":"binary-expr","locations":[{"start":{"line":97,"column":11},"end":{"line":97,"column":22}},{"start":{"line":97,"column":26},"end":{"line":97,"column":38}},{"start":{"line":98,"column":12},"end":{"line":98,"column":51}}],"line":97},"12":{"loc":{"start":{"line":102,"column":13},"end":{"line":102,"column":67}},"type":"binary-expr","locations":[{"start":{"line":102,"column":13},"end":{"line":102,"column":24}},{"start":{"line":102,"column":28},"end":{"line":102,"column":67}}],"line":102},"13":{"loc":{"start":{"line":108,"column":14},"end":{"line":108,"column":50}},"type":"binary-expr","locations":[{"start":{"line":108,"column":14},"end":{"line":108,"column":25}},{"start":{"line":108,"column":29},"end":{"line":108,"column":50}}],"line":108},"14":{"loc":{"start":{"line":109,"column":14},"end":{"line":109,"column":63}},"type":"binary-expr","locations":[{"start":{"line":109,"column":14},"end":{"line":109,"column":25}},{"start":{"line":109,"column":29},"end":{"line":109,"column":41}},{"start":{"line":109,"column":45},"end":{"line":109,"column":63}}],"line":109},"15":{"loc":{"start":{"line":117,"column":11},"end":{"line":121,"column":11}},"type":"binary-expr","locations":[{"start":{"line":117,"column":11},"end":{"line":117,"column":21}},{"start":{"line":118,"column":12},"end":{"line":120,"column":19}}],"line":117},"16":{"loc":{"start":{"line":118,"column":39},"end":{"line":118,"column":74}},"type":"binary-expr","locations":[{"start":{"line":118,"column":39},"end":{"line":118,"column":50}},{"start":{"line":118,"column":54},"end":{"line":118,"column":74}}],"line":118},"17":{"loc":{"start":{"line":124,"column":9},"end":{"line":128,"column":9}},"type":"binary-expr","locations":[{"start":{"line":124,"column":9},"end":{"line":124,"column":16}},{"start":{"line":125,"column":10},"end":{"line":127,"column":17}}],"line":124}},"s":{"0":0,"1":0,"2":0,"3":0,"4":0,"5":0,"6":0,"7":0,"8":0,"9":0,"10":0,"11":0,"12":0,"13":0,"14":0,"15":0,"16":0,"17":0,"18":0,"19":0,"20":0,"21":0,"22":0,"23":0},"f":{"0":0,"1":0,"2":0,"3":0,"4":0},"b":{"0":[0],"1":[0],"2":[0,0],"3":[0,0],"4":[0,0],"5":[0,0],"6":[0,0],"7":[0,0],"8":[0,0],"9":[0,0],"10":[0,0],"11":[0,0,0],"12":[0,0],"13":[0,0],"14":[0,0,0],"15":[0,0],"16":[0,0],"17":[0,0]}}
,"/Users/xiaochunliu/ai-todo/components/TaskDetailSheet.tsx": {"path":"/Users/xiaochunliu/ai-todo/components/TaskDetailSheet.tsx","statementMap":{"0":{"start":{"line":28,"column":24},"end":{"line":197,"column":1}},"1":{"start":{"line":30,"column":27},"end":{"line":30,"column":57}},"2":{"start":{"line":31,"column":30},"end":{"line":31,"column":42}},"3":{"start":{"line":32,"column":34},"end":{"line":32,"column":62}},"4":{"start":{"line":33,"column":36},"end":{"line":33,"column":51}},"5":{"start":{"line":34,"column":42},"end":{"line":34,"column":74}},"6":{"start":{"line":35,"column":27},"end":{"line":35,"column":51}},"7":{"start":{"line":38,"column":30},"end":{"line":52,"column":5}},"8":{"start":{"line":40,"column":8},"end":{"line":40,"column":47}},"9":{"start":{"line":40,"column":40},"end":{"line":40,"column":47}},"10":{"start":{"line":42,"column":44},"end":{"line":47,"column":9}},"11":{"start":{"line":49,"column":8},"end":{"line":49,"column":25}},"12":{"start":{"line":54,"column":4},"end":{"line":71,"column":8}},"13":{"start":{"line":54,"column":36},"end":{"line":71,"column":5}},"14":{"start":{"line":56,"column":8},"end":{"line":56,"column":29}},"15":{"start":{"line":57,"column":8},"end":{"line":57,"column":36}},"16":{"start":{"line":58,"column":8},"end":{"line":58,"column":67}},"17":{"start":{"line":59,"column":8},"end":{"line":59,"column":43}},"18":{"start":{"line":60,"column":8},"end":{"line":60,"column":42}},"19":{"start":{"line":64,"column":8},"end":{"line":66,"column":9}},"20":{"start":{"line":65,"column":10},"end":{"line":65,"column":47}},"21":{"start":{"line":67,"column":8},"end":{"line":67,"column":35}},"22":{"start":{"line":68,"column":8},"end":{"line":68,"column":21}},"23":{"start":{"line":69,"column":8},"end":{"line":69,"column":42}},"24":{"start":{"line":74,"column":4},"end":{"line":78,"column":67}},"25":{"start":{"line":75,"column":6},"end":{"line":77,"column":7}},"26":{"start":{"line":76,"column":8},"end":{"line":76,"column":65}},"27":{"start":{"line":81,"column":4},"end":{"line":85,"column":28}},"28":{"start":{"line":82,"column":6},"end":{"line":84,"column":7}},"29":{"start":{"line":83,"column":8},"end":{"line":83,"column":65}},"30":{"start":{"line":87,"column":23},"end":{"line":103,"column":5}},"31":{"start":{"line":88,"column":6},"end":{"line":90,"column":7}},"32":{"start":{"line":89,"column":8},"end":{"line":89,"column":15}},"33":{"start":{"line":92,"column":42},"end":{"line":96,"column":7}},"34":{"start":{"line":98,"column":6},"end":{"line":100,"column":7}},"35":{"start":{"line":99,"column":8},"end":{"line":99,"column":37}},"36":{"start":{"line":102,"column":6},"end":{"line":102,"column":23}},"37":{"start":{"line":105,"column":24},"end":{"line":109,"column":5}},"38":{"start":{"line":107,"column":6},"end":{"line":107,"column":33}},"39":{"start":{"line":108,"column":6},"end":{"line":108,"column":19}},"40":{"start":{"line":111,"column":25},"end":{"line":113,"column":5}},"41":{"start":{"line":112,"column":6},"end":{"line":112,"column":29}},"42":{"start":{"line":116,"column":4},"end":{"line":120,"column":28}},"43":{"start":{"line":117,"column":6},"end":{"line":119,"column":8}},"44":{"start":{"line":118,"column":8},"end":{"line":118,"column":35}},"45":{"start":{"line":122,"column":4},"end":{"line":195,"column":6}},"46":{"start":{"line":135,"column":29},"end":{"line":135,"column":62}},"47":{"start":{"line":185,"column":16},"end":{"line":185,"column":41}},"48":{"start":{"line":186,"column":16},"end":{"line":186,"column":50}},"49":{"start":{"line":199,"column":15},"end":{"line":265,"column":2}}},"fnMap":{"0":{"name":"(anonymous_0)","decl":{"start":{"line":29,"column":2},"end":{"line":29,"column":3}},"loc":{"start":{"line":29,"column":39},"end":{"line":196,"column":3}},"line":29},"1":{"name":"(anonymous_1)","decl":{"start":{"line":39,"column":15},"end":{"line":39,"column":16}},"loc":{"start":{"line":39,"column":107},"end":{"line":50,"column":7}},"line":39},"2":{"name":"(anonymous_2)","decl":{"start":{"line":54,"column":29},"end":{"line":54,"column":30}},"loc":{"start":{"line":54,"column":36},"end":{"line":71,"column":5}},"line":54},"3":{"name":"(anonymous_3)","decl":{"start":{"line":55,"column":15},"end":{"line":55,"column":16}},"loc":{"start":{"line":55,"column":36},"end":{"line":61,"column":7}},"line":55},"4":{"name":"(anonymous_4)","decl":{"start":{"line":62,"column":15},"end":{"line":62,"column":16}},"loc":{"start":{"line":62,"column":21},"end":{"line":70,"column":7}},"line":62},"5":{"name":"(anonymous_5)","decl":{"start":{"line":74,"column":14},"end":{"line":74,"column":15}},"loc":{"start":{"line":74,"column":20},"end":{"line":78,"column":5}},"line":74},"6":{"name":"(anonymous_6)","decl":{"start":{"line":81,"column":14},"end":{"line":81,"column":15}},"loc":{"start":{"line":81,"column":20},"end":{"line":85,"column":5}},"line":81},"7":{"name":"(anonymous_7)","decl":{"start":{"line":87,"column":23},"end":{"line":87,"column":24}},"loc":{"start":{"line":87,"column":29},"end":{"line":103,"column":5}},"line":87},"8":{"name":"(anonymous_8)","decl":{"start":{"line":105,"column":24},"end":{"line":105,"column":25}},"loc":{"start":{"line":105,"column":30},"end":{"line":109,"column":5}},"line":105},"9":{"name":"(anonymous_9)","decl":{"start":{"line":111,"column":25},"end":{"line":111,"column":26}},"loc":{"start":{"line":111,"column":31},"end":{"line":113,"column":5}},"line":111},"10":{"name":"(anonymous_10)","decl":{"start":{"line":116,"column":14},"end":{"line":116,"column":15}},"loc":{"start":{"line":116,"column":20},"end":{"line":120,"column":5}},"line":116},"11":{"name":"(anonymous_11)","decl":{"start":{"line":117,"column":13},"end":{"line":117,"column":14}},"loc":{"start":{"line":117,"column":19},"end":{"line":119,"column":7}},"line":117},"12":{"name":"(anonymous_12)","decl":{"start":{"line":135,"column":23},"end":{"line":135,"column":24}},"loc":{"start":{"line":135,"column":29},"end":{"line":135,"column":62}},"line":135},"13":{"name":"(anonymous_13)","decl":{"start":{"line":184,"column":23},"end":{"line":184,"column":24}},"loc":{"start":{"line":184,"column":29},"end":{"line":187,"column":15}},"line":184}},"branchMap":{"0":{"loc":{"start":{"line":40,"column":8},"end":{"line":40,"column":47}},"type":"if","locations":[{"start":{"line":40,"column":8},"end":{"line":40,"column":47}},{"start":{},"end":{}}],"line":40},"1":{"loc":{"start":{"line":40,"column":12},"end":{"line":40,"column":38}},"type":"binary-expr","locations":[{"start":{"line":40,"column":12},"end":{"line":40,"column":29}},{"start":{"line":40,"column":33},"end":{"line":40,"column":38}}],"line":40},"2":{"loc":{"start":{"line":57,"column":17},"end":{"line":57,"column":34}},"type":"binary-expr","locations":[{"start":{"line":57,"column":17},"end":{"line":57,"column":28}},{"start":{"line":57,"column":32},"end":{"line":57,"column":34}}],"line":57},"3":{"loc":{"start":{"line":58,"column":19},"end":{"line":58,"column":65}},"type":"cond-expr","locations":[{"start":{"line":58,"column":33},"end":{"line":58,"column":53}},{"start":{"line":58,"column":56},"end":{"line":58,"column":65}}],"line":58},"4":{"loc":{"start":{"line":59,"column":20},"end":{"line":59,"column":41}},"type":"binary-expr","locations":[{"start":{"line":59,"column":20},"end":{"line":59,"column":32}},{"start":{"line":59,"column":36},"end":{"line":59,"column":41}}],"line":59},"5":{"loc":{"start":{"line":64,"column":8},"end":{"line":66,"column":9}},"type":"if","locations":[{"start":{"line":64,"column":8},"end":{"line":66,"column":9}},{"start":{},"end":{}}],"line":64},"6":{"loc":{"start":{"line":75,"column":6},"end":{"line":77,"column":7}},"type":"if","locations":[{"start":{"line":75,"column":6},"end":{"line":77,"column":7}},{"start":{},"end":{}}],"line":75},"7":{"loc":{"start":{"line":75,"column":10},"end":{"line":75,"column":37}},"type":"binary-expr","locations":[{"start":{"line":75,"column":10},"end":{"line":75,"column":21}},{"start":{"line":75,"column":25},"end":{"line":75,"column":37}}],"line":75},"8":{"loc":{"start":{"line":82,"column":6},"end":{"line":84,"column":7}},"type":"if","locations":[{"start":{"line":82,"column":6},"end":{"line":84,"column":7}},{"start":{},"end":{}}],"line":82},"9":{"loc":{"start":{"line":82,"column":10},"end":{"line":82,"column":37}},"type":"binary-expr","locations":[{"start":{"line":82,"column":10},"end":{"line":82,"column":21}},{"start":{"line":82,"column":25},"end":{"line":82,"column":37}}],"line":82},"10":{"loc":{"start":{"line":88,"column":6},"end":{"line":90,"column":7}},"type":"if","locations":[{"start":{"line":88,"column":6},"end":{"line":90,"column":7}},{"start":{},"end":{}}],"line":88},"11":{"loc":{"start":{"line":98,"column":6},"end":{"line":100,"column":7}},"type":"if","locations":[{"start":{"line":98,"column":6},"end":{"line":100,"column":7}},{"start":{},"end":{}}],"line":98},"12":{"loc":{"start":{"line":130,"column":20},"end":{"line":130,"column":64}},"type":"cond-expr","locations":[{"start":{"line":130,"column":44},"end":{"line":130,"column":53}},{"start":{"line":130,"column":56},"end":{"line":130,"column":64}}],"line":130},"13":{"loc":{"start":{"line":164,"column":16},"end":{"line":164,"column":53}},"type":"binary-expr","locations":[{"start":{"line":164,"column":16},"end":{"line":164,"column":24}},{"start":{"line":164,"column":28},"end":{"line":164,"column":53}}],"line":164},"14":{"loc":{"start":{"line":173,"column":18},"end":{"line":173,"column":53}},"type":"binary-expr","locations":[{"start":{"line":173,"column":18},"end":{"line":173,"column":26}},{"start":{"line":173,"column":30},"end":{"line":173,"column":53}}],"line":173},"15":{"loc":{"start":{"line":176,"column":17},"end":{"line":176,"column":41}},"type":"cond-expr","locations":[{"start":{"line":176,"column":28},"end":{"line":176,"column":32}},{"start":{"line":176,"column":35},"end":{"line":176,"column":41}}],"line":176},"16":{"loc":{"start":{"line":181,"column":11},"end":{"line":192,"column":11}},"type":"binary-expr","locations":[{"start":{"line":181,"column":11},"end":{"line":181,"column":22}},{"start":{"line":181,"column":26},"end":{"line":181,"column":34}},{"start":{"line":182,"column":12},"end":{"line":191,"column":31}}],"line":181}},"s":{"0":0,"1":0,"2":0,"3":0,"4":0,"5":0,"6":0,"7":0,"8":0,"9":0,"10":0,"11":0,"12":0,"13":0,"14":0,"15":0,"16":0,"17":0,"18":0,"19":0,"20":0,"21":0,"22":0,"23":0,"24":0,"25":0,"26":0,"27":0,"28":0,"29":0,"30":0,"31":0,"32":0,"33":0,"34":0,"35":0,"36":0,"37":0,"38":0,"39":0,"40":0,"41":0,"42":0,"43":0,"44":0,"45":0,"46":0,"47":0,"48":0,"49":0},"f":{"0":0,"1":0,"2":0,"3":0,"4":0,"5":0,"6":0,"7":0,"8":0,"9":0,"10":0,"11":0,"12":0,"13":0},"b":{"0":[0,0],"1":[0,0],"2":[0,0],"3":[0,0],"4":[0,0],"5":[0,0],"6":[0,0],"7":[0,0],"8":[0,0],"9":[0,0],"10":[0,0],"11":[0,0],"12":[0,0],"13":[0,0],"14":[0,0],"15":[0,0],"16":[0,0,0]}}
,"/Users/xiaochunliu/ai-todo/components/TaskTabs.tsx": {"path":"/Users/xiaochunliu/ai-todo/components/TaskTabs.tsx","statementMap":{"0":{"start":{"line":19,"column":42},"end":{"line":73,"column":1}},"1":{"start":{"line":26,"column":15},"end":{"line":30,"column":3}},"2":{"start":{"line":32,"column":2},"end":{"line":72,"column":4}},"3":{"start":{"line":35,"column":8},"end":{"line":69,"column":27}},"4":{"start":{"line":41,"column":25},"end":{"line":41,"column":46}},"5":{"start":{"line":75,"column":15},"end":{"line":134,"column":2}}},"fnMap":{"0":{"name":"(anonymous_0)","decl":{"start":{"line":19,"column":42},"end":{"line":19,"column":43}},"loc":{"start":{"line":25,"column":6},"end":{"line":73,"column":1}},"line":25},"1":{"name":"(anonymous_1)","decl":{"start":{"line":34,"column":16},"end":{"line":34,"column":17}},"loc":{"start":{"line":35,"column":8},"end":{"line":69,"column":27}},"line":35},"2":{"name":"(anonymous_2)","decl":{"start":{"line":41,"column":19},"end":{"line":41,"column":20}},"loc":{"start":{"line":41,"column":25},"end":{"line":41,"column":46}},"line":41}},"branchMap":{"0":{"loc":{"start":{"line":22,"column":2},"end":{"line":22,"column":16}},"type":"default-arg","locations":[{"start":{"line":22,"column":15},"end":{"line":22,"column":16}}],"line":22},"1":{"loc":{"start":{"line":23,"column":2},"end":{"line":23,"column":18}},"type":"default-arg","locations":[{"start":{"line":23,"column":17},"end":{"line":23,"column":18}}],"line":23},"2":{"loc":{"start":{"line":24,"column":2},"end":{"line":24,"column":15}},"type":"default-arg","locations":[{"start":{"line":24,"column":14},"end":{"line":24,"column":15}}],"line":24},"3":{"loc":{"start":{"line":39,"column":12},"end":{"line":39,"column":55}},"type":"binary-expr","locations":[{"start":{"line":39,"column":12},"end":{"line":39,"column":35}},{"start":{"line":39,"column":39},"end":{"line":39,"column":55}}],"line":39},"4":{"loc":{"start":{"line":47,"column":14},"end":{"line":47,"column":61}},"type":"binary-expr","locations":[{"start":{"line":47,"column":14},"end":{"line":47,"column":37}},{"start":{"line":47,"column":41},"end":{"line":47,"column":61}}],"line":47},"5":{"loc":{"start":{"line":52,"column":11},"end":{"line":68,"column":11}},"type":"binary-expr","locations":[{"start":{"line":52,"column":11},"end":{"line":52,"column":24}},{"start":{"line":53,"column":12},"end":{"line":67,"column":19}}],"line":52},"6":{"loc":{"start":{"line":56,"column":16},"end":{"line":56,"column":61}},"type":"binary-expr","locations":[{"start":{"line":56,"column":16},"end":{"line":56,"column":39}},{"start":{"line":56,"column":43},"end":{"line":56,"column":61}}],"line":56},"7":{"loc":{"start":{"line":62,"column":18},"end":{"line":62,"column":67}},"type":"binary-expr","locations":[{"start":{"line":62,"column":18},"end":{"line":62,"column":41}},{"start":{"line":62,"column":45},"end":{"line":62,"column":67}}],"line":62}},"s":{"0":0,"1":0,"2":0,"3":0,"4":0,"5":0},"f":{"0":0,"1":0,"2":0},"b":{"0":[0],"1":[0],"2":[0],"3":[0,0],"4":[0,0],"5":[0,0],"6":[0,0],"7":[0,0]}}
,"/Users/xiaochunliu/ai-todo/components/VoiceButton.tsx": {"path":"/Users/xiaochunliu/ai-todo/components/VoiceButton.tsx","statementMap":{"0":{"start":{"line":17,"column":48},"end":{"line":115,"column":1}},"1":{"start":{"line":21,"column":40},"end":{"line":21,"column":55}},"2":{"start":{"line":22,"column":20},"end":{"line":22,"column":57}},"3":{"start":{"line":23,"column":30},"end":{"line":23,"column":75}},"4":{"start":{"line":25,"column":2},"end":{"line":34,"column":9}},"5":{"start":{"line":26,"column":4},"end":{"line":33,"column":6}},"6":{"start":{"line":27,"column":6},"end":{"line":29,"column":7}},"7":{"start":{"line":28,"column":8},"end":{"line":28,"column":50}},"8":{"start":{"line":30,"column":6},"end":{"line":32,"column":7}},"9":{"start":{"line":31,"column":8},"end":{"line":31,"column":35}},"10":{"start":{"line":36,"column":24},"end":{"line":58,"column":3}},"11":{"start":{"line":37,"column":4},"end":{"line":37,"column":25}},"12":{"start":{"line":37,"column":18},"end":{"line":37,"column":25}},"13":{"start":{"line":39,"column":4},"end":{"line":57,"column":5}},"14":{"start":{"line":40,"column":6},"end":{"line":40,"column":38}},"15":{"start":{"line":41,"column":6},"end":{"line":41,"column":27}},"16":{"start":{"line":43,"column":6},"end":{"line":48,"column":17}},"17":{"start":{"line":51,"column":6},"end":{"line":53,"column":16}},"18":{"start":{"line":52,"column":8},"end":{"line":52,"column":31}},"19":{"start":{"line":55,"column":6},"end":{"line":55,"column":57}},"20":{"start":{"line":56,"column":6},"end":{"line":56,"column":45}},"21":{"start":{"line":60,"column":25},"end":{"line":84,"column":3}},"22":{"start":{"line":61,"column":4},"end":{"line":61,"column":29}},"23":{"start":{"line":61,"column":22},"end":{"line":61,"column":29}},"24":{"start":{"line":63,"column":4},"end":{"line":65,"column":5}},"25":{"start":{"line":64,"column":6},"end":{"line":64,"column":48}},"26":{"start":{"line":67,"column":4},"end":{"line":67,"column":26}},"27":{"start":{"line":68,"column":4},"end":{"line":73,"column":15}},"28":{"start":{"line":75,"column":4},"end":{"line":83,"column":5}},"29":{"start":{"line":76,"column":23},"end":{"line":76,"column":53}},"30":{"start":{"line":77,"column":6},"end":{"line":79,"column":7}},"31":{"start":{"line":78,"column":8},"end":{"line":78,"column":38}},"32":{"start":{"line":81,"column":6},"end":{"line":81,"column":56}},"33":{"start":{"line":82,"column":6},"end":{"line":82,"column":36}},"34":{"start":{"line":86,"column":2},"end":{"line":114,"column":4}},"35":{"start":{"line":117,"column":15},"end":{"line":165,"column":2}}},"fnMap":{"0":{"name":"(anonymous_0)","decl":{"start":{"line":17,"column":48},"end":{"line":17,"column":49}},"loc":{"start":{"line":20,"column":6},"end":{"line":115,"column":1}},"line":20},"1":{"name":"(anonymous_1)","decl":{"start":{"line":25,"column":12},"end":{"line":25,"column":13}},"loc":{"start":{"line":25,"column":18},"end":{"line":34,"column":3}},"line":25},"2":{"name":"(anonymous_2)","decl":{"start":{"line":26,"column":11},"end":{"line":26,"column":12}},"loc":{"start":{"line":26,"column":17},"end":{"line":33,"column":5}},"line":26},"3":{"name":"(anonymous_3)","decl":{"start":{"line":36,"column":24},"end":{"line":36,"column":25}},"loc":{"start":{"line":36,"column":36},"end":{"line":58,"column":3}},"line":36},"4":{"name":"(anonymous_4)","decl":{"start":{"line":51,"column":47},"end":{"line":51,"column":48}},"loc":{"start":{"line":51,"column":59},"end":{"line":53,"column":7}},"line":51},"5":{"name":"(anonymous_5)","decl":{"start":{"line":60,"column":25},"end":{"line":60,"column":26}},"loc":{"start":{"line":60,"column":37},"end":{"line":84,"column":3}},"line":60}},"branchMap":{"0":{"loc":{"start":{"line":19,"column":2},"end":{"line":19,"column":18}},"type":"default-arg","locations":[{"start":{"line":19,"column":13},"end":{"line":19,"column":18}}],"line":19},"1":{"loc":{"start":{"line":27,"column":6},"end":{"line":29,"column":7}},"type":"if","locations":[{"start":{"line":27,"column":6},"end":{"line":29,"column":7}},{"start":{},"end":{}}],"line":27},"2":{"loc":{"start":{"line":30,"column":6},"end":{"line":32,"column":7}},"type":"if","locations":[{"start":{"line":30,"column":6},"end":{"line":32,"column":7}},{"start":{},"end":{}}],"line":30},"3":{"loc":{"start":{"line":37,"column":4},"end":{"line":37,"column":25}},"type":"if","locations":[{"start":{"line":37,"column":4},"end":{"line":37,"column":25}},{"start":{},"end":{}}],"line":37},"4":{"loc":{"start":{"line":61,"column":4},"end":{"line":61,"column":29}},"type":"if","locations":[{"start":{"line":61,"column":4},"end":{"line":61,"column":29}},{"start":{},"end":{}}],"line":61},"5":{"loc":{"start":{"line":63,"column":4},"end":{"line":65,"column":5}},"type":"if","locations":[{"start":{"line":63,"column":4},"end":{"line":65,"column":5}},{"start":{},"end":{}}],"line":63},"6":{"loc":{"start":{"line":77,"column":6},"end":{"line":79,"column":7}},"type":"if","locations":[{"start":{"line":77,"column":6},"end":{"line":79,"column":7}},{"start":{},"end":{}}],"line":77},"7":{"loc":{"start":{"line":77,"column":10},"end":{"line":77,"column":41}},"type":"binary-expr","locations":[{"start":{"line":77,"column":10},"end":{"line":77,"column":18}},{"start":{"line":77,"column":22},"end":{"line":77,"column":41}}],"line":77},"8":{"loc":{"start":{"line":98,"column":10},"end":{"line":98,"column":43}},"type":"binary-expr","locations":[{"start":{"line":98,"column":10},"end":{"line":98,"column":18}},{"start":{"line":98,"column":22},"end":{"line":98,"column":43}}],"line":98},"9":{"loc":{"start":{"line":99,"column":10},"end":{"line":99,"column":47}},"type":"binary-expr","locations":[{"start":{"line":99,"column":10},"end":{"line":99,"column":21}},{"start":{"line":99,"column":25},"end":{"line":99,"column":47}}],"line":99},"10":{"loc":{"start":{"line":108,"column":7},"end":{"line":112,"column":7}},"type":"binary-expr","locations":[{"start":{"line":108,"column":7},"end":{"line":108,"column":18}},{"start":{"line":109,"column":8},"end":{"line":111,"column":15}}],"line":108}},"s":{"0":0,"1":0,"2":0,"3":0,"4":0,"5":0,"6":0,"7":0,"8":0,"9":0,"10":0,"11":0,"12":0,"13":0,"14":0,"15":0,"16":0,"17":0,"18":0,"19":0,"20":0,"21":0,"22":0,"23":0,"24":0,"25":0,"26":0,"27":0,"28":0,"29":0,"30":0,"31":0,"32":0,"33":0,"34":0,"35":0},"f":{"0":0,"1":0,"2":0,"3":0,"4":0,"5":0},"b":{"0":[0],"1":[0,0],"2":[0,0],"3":[0,0],"4":[0,0],"5":[0,0],"6":[0,0],"7":[0,0],"8":[0,0],"9":[0,0],"10":[0,0]}}
,"/Users/xiaochunliu/ai-todo/features/draft/draftStore.ts": {"path":"/Users/xiaochunliu/ai-todo/features/draft/draftStore.ts","statementMap":{"0":{"start":{"line":29,"column":22},"end":{"line":401,"column":3}},"1":{"start":{"line":29,"column":56},"end":{"line":401,"column":1}},"2":{"start":{"line":36,"column":4},"end":{"line":36,"column":27}},"3":{"start":{"line":37,"column":4},"end":{"line":61,"column":5}},"4":{"start":{"line":38,"column":21},"end":{"line":41,"column":16}},"5":{"start":{"line":43,"column":37},"end":{"line":55,"column":9}},"6":{"start":{"line":43,"column":58},"end":{"line":55,"column":7}},"7":{"start":{"line":57,"column":6},"end":{"line":57,"column":49}},"8":{"start":{"line":59,"column":6},"end":{"line":59,"column":54}},"9":{"start":{"line":60,"column":6},"end":{"line":60,"column":30}},"10":{"start":{"line":65,"column":4},"end":{"line":65,"column":27}},"11":{"start":{"line":67,"column":4},"end":{"line":105,"column":5}},"12":{"start":{"line":68,"column":37},"end":{"line":68,"column":39}},"13":{"start":{"line":70,"column":6},"end":{"line":98,"column":9}},"14":{"start":{"line":71,"column":8},"end":{"line":97,"column":9}},"15":{"start":{"line":72,"column":10},"end":{"line":96,"column":11}},"16":{"start":{"line":73,"column":25},"end":{"line":81,"column":14}},"17":{"start":{"line":74,"column":14},"end":{"line":74,"column":42}},"18":{"start":{"line":75,"column":14},"end":{"line":75,"column":41}},"19":{"start":{"line":76,"column":14},"end":{"line":76,"column":52}},"20":{"start":{"line":77,"column":14},"end":{"line":77,"column":43}},"21":{"start":{"line":78,"column":14},"end":{"line":78,"column":31}},"22":{"start":{"line":79,"column":14},"end":{"line":79,"column":39}},"23":{"start":{"line":80,"column":14},"end":{"line":80,"column":39}},"24":{"start":{"line":83,"column":12},"end":{"line":95,"column":15}},"25":{"start":{"line":100,"column":28},"end":{"line":100,"column":40}},"26":{"start":{"line":101,"column":6},"end":{"line":101,"column":90}},"27":{"start":{"line":103,"column":6},"end":{"line":103,"column":52}},"28":{"start":{"line":104,"column":6},"end":{"line":104,"column":30}},"29":{"start":{"line":109,"column":4},"end":{"line":109,"column":27}},"30":{"start":{"line":111,"column":4},"end":{"line":177,"column":5}},"31":{"start":{"line":112,"column":37},"end":{"line":112,"column":39}},"32":{"start":{"line":114,"column":6},"end":{"line":170,"column":9}},"33":{"start":{"line":115,"column":8},"end":{"line":169,"column":9}},"34":{"start":{"line":117,"column":10},"end":{"line":168,"column":11}},"35":{"start":{"line":118,"column":25},"end":{"line":126,"column":14}},"36":{"start":{"line":119,"column":14},"end":{"line":119,"column":36}},"37":{"start":{"line":120,"column":14},"end":{"line":120,"column":52}},"38":{"start":{"line":121,"column":14},"end":{"line":121,"column":47}},"39":{"start":{"line":122,"column":14},"end":{"line":122,"column":59}},"40":{"start":{"line":123,"column":14},"end":{"line":123,"column":31}},"41":{"start":{"line":124,"column":14},"end":{"line":124,"column":39}},"42":{"start":{"line":125,"column":14},"end":{"line":125,"column":39}},"43":{"start":{"line":128,"column":12},"end":{"line":141,"column":15}},"44":{"start":{"line":144,"column":25},"end":{"line":152,"column":14}},"45":{"start":{"line
[...]
":127,"column":6},"end":{"line":127,"column":64}},"46":{"start":{"line":128,"column":6},"end":{"line":128,"column":15}}},"fnMap":{"0":{"name":"(anonymous_0)","decl":{"start":{"line":7,"column":2},"end":{"line":7,"column":3}},"loc":{"start":{"line":7,"column":47},"end":{"line":15,"column":3}},"line":7},"1":{"name":"(anonymous_1)","decl":{"start":{"line":17,"column":2},"end":{"line":17,"column":3}},"loc":{"start":{"line":17,"column":40},"end":{"line":69,"column":3}},"line":17},"2":{"name":"(anonymous_2)","decl":{"start":{"line":71,"column":2},"end":{"line":71,"column":3}},"loc":{"start":{"line":71,"column":48},"end":{"line":97,"column":3}},"line":71},"3":{"name":"(anonymous_3)","decl":{"start":{"line":99,"column":2},"end":{"line":99,"column":3}},"loc":{"start":{"line":99,"column":41},"end":{"line":114,"column":3}},"line":99},"4":{"name":"(anonymous_4)","decl":{"start":{"line":116,"column":2},"end":{"line":116,"column":3}},"loc":{"start":{"line":116,"column":28},"end":{"line":118,"column":3}},"line":116},"5":{"name":"(anonymous_5)","decl":{"start":{"line":120,"column":2},"end":{"line":120,"column":3}},"loc":{"start":{"line":120,"column":48},"end":{"line":130,"column":3}},"line":120}},"branchMap":{"0":{"loc":{"start":{"line":20,"column":6},"end":{"line":22,"column":7}},"type":"if","locations":[{"start":{"line":20,"column":6},"end":{"line":22,"column":7}},{"start":{},"end":{}}],"line":20},"1":{"loc":{"start":{"line":72,"column":4},"end":{"line":75,"column":5}},"type":"if","locations":[{"start":{"line":72,"column":4},"end":{"line":75,"column":5}},{"start":{},"end":{}}],"line":72},"2":{"loc":{"start":{"line":100,"column":4},"end":{"line":100,"column":32}},"type":"if","locations":[{"start":{"line":100,"column":4},"end":{"line":100,"column":32}},{"start":{},"end":{}}],"line":100},"3":{"loc":{"start":{"line":121,"column":4},"end":{"line":121,"column":34}},"type":"if","locations":[{"start":{"line":121,"column":4},"end":{"line":121,"column":34}},{"start":{},"end":{}}],"line":121},"4":{"loc":{"start":{"line":125,"column":13},"end":{"line":125,"column":39}},"type":"binary-expr","locations":[{"start":{"line":125,"column":13},"end":{"line":125,"column":34}},{"start":{"line":125,"column":38},"end":{"line":125,"column":39}}],"line":125}},"s":{"0":0,"1":0,"2":0,"3":0,"4":0,"5":0,"6":0,"7":0,"8":0,"9":0,"10":0,"11":0,"12":0,"13":0,"14":0,"15":0,"16":0,"17":0,"18":0,"19":0,"20":0,"21":0,"22":0,"23":0,"24":0,"25":0,"26":0,"27":0,"28":0,"29":0,"30":0,"31":0,"32":0,"33":0,"34":0,"35":0,"36":0,"37":0,"38":0,"39":0,"40":0,"41":0,"42":0,"43":0,"44":0,"45":0,"46":0},"f":{"0":0,"1":0,"2":0,"3":0,"4":0,"5":0},"b":{"0":[0,0],"1":[0,0],"2":[0,0],"3":[0,0],"4":[0,0]}}
,"/Users/xiaochunliu/ai-todo/features/voice/voiceFlow.ts": {"path":"/Users/xiaochunliu/ai-todo/features/voice/voiceFlow.ts","statementMap":{"0":{"start":{"line":8,"column":25},"end":{"line":8,"column":30}},"1":{"start":{"line":11,"column":4},"end":{"line":14,"column":5}},"2":{"start":{"line":12,"column":6},"end":{"line":12,"column":53}},"3":{"start":{"line":13,"column":6},"end":{"line":13,"column":13}},"4":{"start":{"line":16,"column":4},"end":{"line":16,"column":29}},"5":{"start":{"line":18,"column":4},"end":{"line":41,"column":5}},"6":{"start":{"line":20,"column":30},"end":{"line":20,"column":68}},"7":{"start":{"line":22,"column":6},"end":{"line":24,"column":7}},"8":{"start":{"line":23,"column":8},"end":{"line":23,"column":57}},"9":{"start":{"line":27,"column":25},"end":{"line":27,"column":74}},"10":{"start":{"line":29,"column":6},"end":{"line":31,"column":7}},"11":{"start":{"line":30,"column":8},"end":{"line":30,"column":58}},"12":{"start":{"line":34,"column":6},"end":{"line":34,"column":46}},"13":{"start":{"line":37,"column":6},"end":{"line":37,"column":48}},"14":{"start":{"line":38,"column":6},"end":{"line":38,"column":18}},"15":{"start":{"line":40,"column":6},"end":{"line":40,"column":32}},"16":{"start":{"line":45,"column":23},"end":{"line":45,"column":25}},"17":{"start":{"line":47,"column":4},"end":{"line":127,"column":5}},"18":{"start":{"line":48,"column":6},"end":{"line":126,"column":7}},"19":{"start":{"line":50,"column":28},"end":{"line":57,"column":11}},"20":{"start":{"line":58,"column":10},"end":{"line":58,"column":37}},"21":{"start":{"line":59,"column":10},"end":{"line":59,"column":16}},"22":{"start":{"line":63,"column":10},"end":{"line":84,"column":11}},"23":{"start":{"line":64,"column":33},"end":{"line":66,"column":83}},"24":{"start":{"line":68,"column":12},"end":{"line":83,"column":13}},"25":{"start":{"line":69,"column":34},"end":{"line":81,"column":15}},"26":{"start":{"line":82,"column":14},"end":{"line":82,"column":43}},"27":{"start":{"line":85,"column":10},"end":{"line":85,"column":16}},"28":{"start":{"line":89,"column":33},"end":{"line":91,"column":81}},"29":{"start":{"line":93,"column":10},"end":{"line":104,"column":11}},"30":{"start":{"line":94,"column":34},"end":{"line":102,"column":13}},"31":{"start":{"line":103,"column":12},"end":{"line":103,"column":43}},"32":{"start":{"line":105,"column":10},"end":{"line":105,"column":16}},"33":{"start":{"line":109,"column":31},"end":{"line":111,"column":81}},"34":{"start":{"line":113,"column":10},"end":{"line":124,"column":11}},"35":{"start":{"line":114,"column":32},"end":{"line":122,"column":13}},"36":{"start":{"line":123,"column":12},"end":{"line":123,"column":41}},"37":{"start":{"line":125,"column":10},"end":{"line":125,"column":16}},"38":{"start":{"line":130,"column":4},"end":{"line":132,"column":5}},"39":{"start":{"line":131,"column":6},"end":{"line":131,"column":60}},"40":{"start":{"line":136,"column":4},"end":{"line":136,"column":59}},"41":{"start":{"line":140,"column":4},"end":{"line":140,"column":58}},"42":{"start":{"line":144,"column":4},"end":{"line":144,"column":55}},"43":{"start":{"line":149,"column":4},"end":{"line":151,"column":5}},"44":{"start":{"line":150,"column":6},"end":{"line":150,"column":19}},"45":{"start":{"line":154,"column":21},"end":{"line":154,"column":42}},"46":{"start":{"line":155,"column":4},"end":{"line":155,"column":83}}},"fnMap":{"0":{"name":"(anonymous_0)","decl":{"start":{"line":10,"column":2},"end":{"line":10,"column":3}},"loc":{"start":{"line":10,"column":59},"end":{"line":42,"column":3}},"line":10},"1":{"name":"(anonymous_1)","decl":{"start":{"line":44,"column":2},"end":{"line":44,"column":3}},"loc":{"start":{"line":44,"column":77},"end":{"line":133,"column":3}},"line":44},"2":{"name":"(anonymous_2)","decl":{"start":{"line":135,"column":2},"end":{"line":135,"column":3}},"loc":{"start":{"line":135,"column":60},"end":{"line":137,"column":3}},"line":135},"3":{"name":"(anonymous_3)","decl":{"start":{"line":139,"column":2},"end":{"line":139,"column":3}},"loc":{"start":{"line":139,"column":59},"end":{"line":141,"column":3}},"line":139},"4":{"name":"(anonymous_4)","decl":{"start":{"line":143,"column":2},"end":{"line":143,"column":3}},"loc":{"start":{"line":143,"column":46},"end":{"line":145,"column":3}},"line":143},"5":{"name":"(anonymous_5)","decl":{"start":{"line":147,"column":2},"end":{"line":147,"column":3}},"loc":{"start":{"line":147,"column":40},"end":{"line":156,"column":3}},"line":147}},"branchMap":{"0":{"loc":{"start":{"line":11,"column":4},"end":{"line":14,"column":5}},"type":"if","locations":[{"start":{"line":11,"column":4},"end":{"line":14,"column":5}},{"start":{},"end":{}}],"line":11},"1":{"loc":{"start":{"line":22,"column":6},"end":{"line":24,"column":7}},"type":"if","locations":[{"start":{"line":22,"column":6},"end":{"line":24,"column":7}},{"start":{},"end":{}}],"line":22},"2":{"loc":{"start":{"line":29,"column":6},"end":{"line":31,"column":7}},"type":"if","locations":[{"start":{"line":29,"column":6},"end":{"line":31,"column":7}},{"start":{},"end":{}}],"line":29},"3":{"loc":{"start":{"line":48,"column":6},"end":{"line":126,"column":7}},"type":"switch","locations":[{"start":{"line":49,"column":8},"end":{"line":59,"column":16}},{"start":{"line":61,"column":8},"end":{"line":85,"column":16}},{"start":{"line":87,"column":8},"end":{"line":105,"column":16}},{"start":{"line":107,"column":8},"end":{"line":125,"column":16}}],"line":48},"4":{"loc":{"start":{"line":52,"column":20},"end":{"line":52,"column":52}},"type":"binary-expr","locations":[{"start":{"line":52,"column":20},"end":{"line":52,"column":44}},{"start":{"line":52,"column":48},"end":{"line":52,"column":52}}],"line":52},"5":{"loc":{"start":{"line":53,"column":20},"end":{"line":53,"column":53}},"type":"binary-expr","locations":[{"start":{"line":53,"column":20},"end":{"line":53,"column":44}},{"start":{"line":53,"column":48},"end":{"line":53,"column":53}}],"line":53},"6":{"loc":{"start":{"line":63,"column":10},"end":{"line":84,"column":11}},"type":"if","locations":[{"start":{"line":63,"column":10},"end":{"line":84,"column":11}},{"start":{},"end":{}}],"line":63},"7":{"loc":{"start":{"line":63,"column":14},"end":{"line":63,"column":61}},"type":"binary-expr","locations":[{"start":{"line":63,"column":14},"end":{"line":63,"column":34}},{"start":{"line":63,"column":38},"end":{"line":63,"column":61}}],"line":63},"8":{"loc":{"start":{"line":64,"column":33},"end":{"line":66,"column":83}},"type":"cond-expr","locations":[{"start":{"line":65,"column":16},"end":{"line":65,"column":76}},{"start":{"line":66,"column":16},"end":{"line":66,"column":83}}],"line":64},"9":{"loc":{"start":{"line":68,"column":12},"end":{"line":83,"column":13}},"type":"if","locations":[{"start":{"line":68,"column":12},"end":{"line":83,"column":13}},{"start":{},"end":{}}],"line":68},"10":{"loc":{"start":{"line":70,"column":23},"end":{"line":70,"column":68}},"type":"binary-expr","locations":[{"start":{"line":70,"column":23},"end":{"line":70,"column":46}},{"start":{"line":70,"column":50},"end":{"line":70,"column":68}}],"line":70},"11":{"loc":{"start":{"line":71,"column":24},"end":{"line":73,"column":38}},"type":"cond-expr","locations":[{"start":{"line":72,"column":20},"end":{"line":72,"column":44}},{"start":{"line":73,"column":20},"end":{"line":73,"column":38}}],"line":71},"12":{"loc":{"start":{"line":74,"column":24},"end":{"line":76,"column":39}},"type":"cond-expr","locations":[{"start":{"line":75,"column":20},"end":{"line":75,"column":44}},{"start":{"line":76,"column":20},"end":{"line":76,"column":39}}],"line":74},"13":{"loc":{"start":{"line":89,"column":33},"end":{"line":91,"column":81}},"type":"cond-expr","locations":[{"start":{"line":90,"column":14},"end":{"line":90,"column":74}},{"start":{"line":91,"column":14},"end":{"line":91,"column":81}}],"line":89},"14":{"loc":{"start":{"line":93,"column":10},"end":{"line":104,"column":11}},"type":"if","locations":[{"start":{"line":93,"column":10},"end":{"line":104,"column":11}},{"start":{},"end":{}}],"line":93},"15":{"loc":{"start":{"line":109,"column":31},"end":{"line":111,"column":81}},"type":"cond-expr","locations":[{"start":{"line":110,"column":14},"end":{"line":110,"column":74}},{"start":{"line":111,"column":14},"end":{"line":111,"column":81}}],"line":109},"16":{"loc":{"start":{"line":113,"column":10},"end":{"line":124,"column":11}},"type":"if","locations":[{"start":{"line":113,"column":10},"end":{"line":124,"column":11}},{"start":{},"end":{}}],"line":113},"17":{"loc":{"start":{"line":130,"column":4},"end":{"line":132,"column":5}},"type":"if","locations":[{"start":{"line":130,"column":4},"end":{"line":132,"column":5}},{"start":{},"end":{}}],"line":130},"18":{"loc":{"start":{"line":149,"column":4},"end":{"line":151,"column":5}},"type":"if","locations":[{"start":{"line":149,"column":4},"end":{"line":151,"column":5}},{"start":{},"end":{}}],"line":149},"19":{"loc":{"start":{"line":155,"column":11},"end":{"line":155,"column":82}},"type":"binary-expr","locations":[{"start":{"line":155,"column":11},"end":{"line":155,"column":40}},{"start":{"line":155,"column":44},"end":{"line":155,"column":82}}],"line":155}},"s":{"0":1,"1":4,"2":0,"3":0,"4":4,"5":4,"6":4,"7":2,"8":0,"9":2,"10":1,"11":0,"12":1,"13":3,"14":3,"15":4,"16":1,"17":1,"18":3,"19":2,"20":2,"21":2,"22":0,"23":0,"24":0,"25":0,"26":0,"27":0,"28":1,"29":1,"30":0,"31":0,"32":1,"33":0,"34":0,"35":0,"36":0,"37":0,"38":1,"39":1,"40":0,"41":0,"42":0,"43":1,"44":0,"45":1,"46":1},"f":{"0":4,"1":1,"2":0,"3":0,"4":0,"5":1},"b":{"0":[0,4],"1":[0,2],"2":[0,1],"3":[2,0,1,0],"4":[2,0],"5":[2,2],"6":[0,0],"7":[0,0],"8":[0,0],"9":[0,0],"10":[0,0],"11":[0,0],"12":[0,0],"13":[0,1],"14":[0,1],"15":[0,0],"16":[0,0],"17":[1,0],"18":[0,1],"19":[1,1]},"_coverageSchema":"1a1c01bbd47fc00a2c39e90264f33305004495a9","hash":"0d1b93e3669c889db6d0bd0e569f3250625657bc"}
,"/Users/xiaochunliu/ai-todo/services/openai.ts": {"path":"/Users/xiaochunliu/ai-todo/services/openai.ts","statementMap":{"0":{"start":{"line":3,"column":23},"end":{"line":3,"column":67}},"1":{"start":{"line":4,"column":24},"end":{"line":4,"column":72}},"2":{"start":{"line":5,"column":21},"end":{"line":5,"column":65}},"3":{"start":{"line":21,"column":4},"end":{"line":21,"column":33}},"4":{"start":{"line":23,"column":4},"end":{"line":25,"column":5}},"5":{"start":{"line":24,"column":6},"end":{"line":24,"column":35}},"6":{"start":{"line":26,"column":4},"end":{"line":28,"column":5}},"7":{"start":{"line":27,"column":6},"end":{"line":27,"column":52}},"8":{"start":{"line":32,"column":4},"end":{"line":34,"column":5}},"9":{"start":{"line":33,"column":6},"end":{"line":33,"column":55}},"10":{"start":{"line":36,"column":4},"end":{"line":77,"column":5}},"11":{"start":{"line":38,"column":26},"end":{"line":40,"column":8}},"12":{"start":{"line":43,"column":23},"end":{"line":43,"column":37}},"13":{"start":{"line":44,"column":6},"end":{"line":48,"column":16}},"14":{"start":{"line":49,"column":6},"end":{"line":49,"column":44}},"15":{"start":{"line":50,"column":6},"end":{"line":50,"column":40}},"16":{"start":{"line":53,"column":23},"end":{"line":59,"column":8}},"17":{"start":{"line":61,"column":6},"end":{"line":70,"column":7}},"18":{"start":{"line":62,"column":8},"end":{"line":69,"column":9}},"19":{"start":{"line":63,"column":28},"end":{"line":63,"column":49}},"20":{"start":{"line":64,"column":26},"end":{"line":64,"column":69}},"21":{"start":{"line":65,"column":10},"end":{"line":65,"column":35}},"22":{"start":{"line":67,"column":24},"end":{"line":67,"column":45}},"23":{"start":{"line":68,"column":10},"end":{"line":68,"column":57}},"24":{"start":{"line":72,"column":21},"end":{"line":72,"column":42}},"25":{"start":{"line":73,"column":6},"end":{"line":73,"column":31}},"26":{"start":{"line":75,"column":6},"end":{"line":75,"column":58}},"27":{"start":{"line":76,"column":6},"end":{"line":76,"column":18}},"28":{"start":{"line":81,"column":4},"end":{"line":83,"column":5}},"29":{"start":{"line":82,"column":6},"end":{"line":82,"column":55}},"30":{"start":{"line":85,"column":22},"end":{"line":132,"column":5}},"31":{"start":{"line":134,"column":25},"end":{"line":149,"column":32}},"32":{"start":{"line":151,"column":4},"end":{"line":187,"column":5}},"33":{"start":{"line":152,"column":23},"end":{"line":168,"column":8}},"34":{"start":{"line":170,"column":6},"end":{"line":173,"column":7}},"35":{"start":{"line":171,"column":22},"end":{"line":171,"column":43}},"36":{"start":{"line":172,"column":8},"end":{"line":172,"column":51}},"37":{"start":{"line":175,"column":21},"end":{"line":175,"column":42}},"38":{"start":{"line":176,"column":27},"end":{"line":176,"column":68}},"39":{"start":{"line":178,"column":6},"end":{"line":180,"column":7}},"40":{"start":{"line":179,"column":8},"end":{"line":179,"column":18}},"41":{"start":{"line":182,"column":19},"end":{"line":182,"column":53}},"42":{"start":{"line":183,"column":6},"end":{"line":183,"column":35}},"43":{"start":{"line":185,"column":6},"end":{"line":185,"column":63}},"44":{"start":{"line":186,"column":6},"end":{"line":186,"column":18}},"45":{"start":{"line":191,"column":4},"end":{"line":191,"column":25}}},"fnMap":{"0":{"name":"(anonymous_0)","decl":{"start":{"line":20,"column":2},"end":{"line":20,"column":3}},"loc":{"start":{"line":20,"column":16},"end":{"line":29,"column":3}},"line":20},"1":{"name":"(anonymous_1)","decl":{"start":{"line":31,"column":2},"end":{"line":31,"column":3}},"loc":{"start":{"line":31,"column":59},"end":{"line":78,"column":3}},"line":31},"2":{"name":"(anonymous_2)","decl":{"start":{"line":80,"column":2},"end":{"line":80,"column":3}},"loc":{"start":{"line":80,"column":68},"end":{"line":188,"column":3}},"line":80},"3":{"name":"(anonymous_3)","decl":{"start":{"line":190,"column":2},"end":{"line":190,"column":3}},"loc":{"start":{"line":190,"column":26},"end":{"line":192,"column":3}},"line":190}},"branchMap":{"0":{"loc":{"start":{"line":3,"column":23},"end":{"line":3,"column":67}},"type":"binary-expr","locations":[{"start":{"line":3,"column":23},"end":{"line":3,"column":61}},{"start":{"line":3,"column":65},"end":{"line":3,"column":67}}],"line":3},"1":{"loc":{"start":{"line":23,"column":4},"end":{"line":25,"column":5}},"type":"if","locations":[{"start":{"line":23,"column":4},"end":{"line":25,"column":5}},{"start":{},"end":{}}],"line":23},"2":{"loc":{"start":{"line":23,"column":8},"end":{"line":23,"column":55}},"type":"binary-expr","locations":[{"start":{"line":23,"column":8},"end":{"line":23,"column":39}},{"start":{"line":23,"column":43},"end":{"line":23,"column":55}}],"line":23},"3":{"loc":{"start":{"line":26,"column":4},"end":{"line":28,"column":5}},"type":"if","locations":[{"start":{"line":26,"column":4},"end":{"line":28,"column":5}},{"start":{},"end":{}}],"line":26},"4":{"loc":{"start":{"line":32,"column":4},"end":{"line":34,"column":5}},"type":"if","locations":[{"start":{"line":32,"column":4},"end":{"line":34,"column":5}},{"start":{},"end":{}}],"line":32},"5":{"loc":{"start":{"line":61,"column":6},"end":{"line":70,"column":7}},"type":"if","locations":[{"start":{"line":61,"column":6},"end":{"line":70,"column":7}},{"start":{},"end":{}}],"line":61},"6":{"loc":{"start":{"line":64,"column":26},"end":{"line":64,"column":69}},"type":"binary-expr","locations":[{"start":{"line":64,"column":26},"end":{"line":64,"column":50}},{"start":{"line":64,"column":54},"end":{"line":64,"column":69}}],"line":64},"7":{"loc":{"start":{"line":73,"column":13},"end":{"line":73,"column":30}},"type":"binary-expr","locations":[{"start":{"line":73,"column":13},"end":{"line":73,"column":24}},{"start":{"line":73,"column":28},"end":{"line":73,"column":30}}],"line":73},"8":{"loc":{"start":{"line":81,"column":4},"end":{"line":83,"column":5}},"type":"if","locations":[{"start":{"line":81,"column":4},"end":{"line":83,"column":5}},{"start":{},"end":{}}],"line":81},"9":{"loc":{"start":{"line":170,"column":6},"end":{"line":173,"column":7}},"type":"if","locations":[{"start":{"line":170,"column":6},"end":{"line":173,"column":7}},{"start":{},"end":{}}],"line":170},"10":{"loc":{"start":{"line":178,"column":6},"end":{"line":180,"column":7}},"type":"if","locations":[{"start":{"line":178,"column":6},"end":{"line":180,"column":7}},{"start":{},"end":{}}],"line":178},"11":{"loc":{"start":{"line":178,"column":10},"end":{"line":178,"column":50}},"type":"binary-expr","locations":[{"start":{"line":178,"column":10},"end":{"line":178,"column":23}},{"start":{"line":178,"column":27},"end":{"line":178,"column":50}}],"line":178},"12":{"loc":{"start":{"line":183,"column":13},"end":{"line":183,"column":34}},"type":"binary-expr","locations":[{"start":{"line":183,"column":13},"end":{"line":183,"column":28}},{"start":{"line":183,"column":32},"end":{"line":183,"column":34}}],"line":183}},"s":{"0":1,"1":1,"2":1,"3":1,"4":1,"5":1,"6":1,"7":0,"8":4,"9":0,"10":4,"11":4,"12":4,"13":4,"14":4,"15":4,"16":4,"17":4,"18":2,"19":2,"20":2,"21":2,"22":2,"23":0,"24":2,"25":2,"26":2,"27":2,"28":2,"29":0,"30":2,"31":2,"32":2,"33":2,"34":2,"35":1,"36":1,"37":1,"38":1,"39":1,"40":0,"41":1,"42":1,"43":1,"44":1,"45":1},"f":{"0":1,"1":4,"2":2,"3":1},"b":{"0":[1,1],"1":[1,0],"2":[1,1],"3":[0,1],"4":[0,4],"5":[2,2],"6":[2,0],"7":[2,0],"8":[0,2],"9":[1,1],"10":[0,1],"11":[1,1],"12":[1,0]},"_coverageSchema":"1a1c01bbd47fc00a2c39e90264f33305004495a9","hash":"e018e1f98ce8c5f400aaa0a34fec9cf67c8c6460"}
}
