TN:
SF:app/_layout.tsx
FN:11,RootLayout
FN:14,(anonymous_1)
FN:23,(anonymous_2)
FN:27,(anonymous_3)
FN:30,(anonymous_4)
FN:37,(anonymous_5)
FNF:6
FNH:0
FNDA:0,RootLayout
FNDA:0,(anonymous_1)
FNDA:0,(anonymous_2)
FNDA:0,(anonymous_3)
FNDA:0,(anonymous_4)
FNDA:0,(anonymous_5)
DA:12,0
DA:14,0
DA:16,0
DA:19,0
DA:22,0
DA:23,0
DA:26,0
DA:27,0
DA:30,0
DA:31,0
DA:32,0
DA:33,0
DA:37,0
DA:38,0
DA:39,0
DA:40,0
DA:44,0
LF:17
LH:0
BRDA:39,0,0,0
BRDA:39,0,1,0
BRF:2
BRH:0
end_of_record
TN:
SF:app/auth.tsx
FN:18,AuthScreen
FN:27,(anonymous_1)
FN:60,(anonymous_2)
FN:72,(anonymous_3)
FN:148,(anonymous_4)
FNF:5
FNH:0
FNDA:0,AuthScreen
FNDA:0,(anonymous_1)
FNDA:0,(anonymous_2)
FNDA:0,(anonymous_3)
FNDA:0,(anonymous_4)
DA:19,0
DA:20,0
DA:22,0
DA:23,0
DA:24,0
DA:25,0
DA:27,0
DA:29,0
DA:32,0
DA:33,0
DA:34,0
DA:37,0
DA:38,0
DA:39,0
DA:42,0
DA:43,0
DA:44,0
DA:48,0
DA:49,0
DA:50,0
DA:51,0
DA:54,0
DA:55,0
DA:56,0
DA:57,0
DA:60,0
DA:63,0
DA:65,0
DA:68,0
DA:72,0
DA:73,0
DA:76,0
DA:149,0
DA:150,0
DA:151,0
DA:186,0
LF:36
LH:0
BRDA:32,0,0,0
BRDA:32,0,1,0
BRDA:32,1,0,0
BRDA:32,1,1,0
BRDA:37,2,0,0
BRDA:37,2,1,0
BRDA:37,3,0,0
BRDA:37,3,1,0
BRDA:42,4,0,0
BRDA:42,4,1,0
BRDA:49,5,0,0
BRDA:49,5,1,0
BRDA:55,6,0,0
BRDA:55,6,1,0
BRDA:79,7,0,0
BRDA:79,7,1,0
BRDA:89,8,0,0
BRDA:89,8,1,0
BRDA:116,9,0,0
BRDA:116,9,1,0
BRDA:128,10,0,0
BRDA:128,10,1,0
BRDA:133,11,0,0
BRDA:133,11,1,0
BRDA:137,12,0,0
BRDA:137,12,1,0
BRDA:141,13,0,0
BRDA:141,13,1,0
BRDA:156,14,0,0
BRDA:156,14,1,0
BRF:30
BRH:0
end_of_record
TN:
SF:app/index.tsx
FN:7,Index
FN:10,(anonymous_1)
FNF:2
FNH:0
FNDA:0,Index
FNDA:0,(anonymous_1)
DA:8,0
DA:10,0
DA:11,0
DA:12,0
DA:16,0
DA:17,0
DA:18,0
DA:23,0
DA:24,0
DA:26,0
DA:30,0
DA:37,0
LF:12
LH:0
BRDA:11,0,0,0
BRDA:11,0,1,0
BRDA:16,1,0,0
BRDA:16,1,1,0
BRDA:23,2,0,0
BRDA:23,2,1,0
BRF:6
BRH:0
end_of_record
TN:
SF:app/settings.tsx
FN:16,SettingsScreen
FN:20,(anonymous_1)
FN:22,(anonymous_2)
FN:31,(anonymous_3)
FN:40,(anonymous_4)
FN:54,(anonymous_5)
FN:63,(anonymous_6)
FN:77,(anonymous_7)
FN:111,(anonymous_8)
FN:120,(anonymous_9)
FNF:10
FNH:0
FNDA:0,SettingsScreen
FNDA:0,(anonymous_1)
FNDA:0,(anonymous_2)
FNDA:0,(anonymous_3)
FNDA:0,(anonymous_4)
FNDA:0,(anonymous_5)
FNDA:0,(anonymous_6)
FNDA:0,(anonymous_7)
FNDA:0,(anonymous_8)
FNDA:0,(anonymous_9)
DA:17,0
DA:18,0
DA:19,0
DA:20,0
DA:22,0
DA:23,0
DA:32,0
DA:33,0
DA:40,0
DA:41,0
DA:42,0
DA:43,0
DA:46,0
DA:55,0
DA:56,0
DA:63,0
DA:64,0
DA:66,0
DA:69,0
DA:77,0
DA:111,0
DA:120,0
DA:180,0
LF:23
LH:0
BRDA:41,0,0,0
BRDA:41,0,1,0
BRDA:94,1,0,0
BRDA:94,1,1,0
BRDA:98,2,0,0
BRDA:98,2,1,0
BRDA:99,3,0,0
BRDA:99,3,1,0
BRDA:115,4,0,0
BRDA:115,4,1,0
BRDA:124,5,0,0
BRDA:124,5,1,0
BRF:12
BRH:0
end_of_record
TN:
SF:app/task-list.tsx
FN:31,TaskListScreen
FN:72,(anonymous_1)
FN:80,(anonymous_2)
FN:89,(anonymous_3)
FN:97,(anonymous_4)
FN:98,(anonymous_5)
FN:108,(anonymous_6)
FN:121,(anonymous_7)
FN:134,(anonymous_8)
FN:139,(anonymous_9)
FN:146,(anonymous_10)
FN:151,(anonymous_11)
FN:155,(anonymous_12)
FN:163,(anonymous_13)
FN:175,(anonymous_14)
FN:184,(anonymous_15)
FN:218,(anonymous_16)
FN:224,(anonymous_17)
FN:230,(anonymous_18)
FN:243,(anonymous_19)
FN:255,(anonymous_20)
FN:256,(anonymous_21)
FN:258,(anonymous_22)
FN:262,(anonymous_23)
FN:263,(anonymous_24)
FN:264,(anonymous_25)
FN:268,(anonymous_26)
FN:284,(anonymous_27)
FN:294,(anonymous_28)
FN:302,(anonymous_29)
FN:331,(anonymous_30)
FN:342,(anonymous_31)
FN:382,(anonymous_32)
FN:396,(anonymous_33)
FNF:34
FNH:0
FNDA:0,TaskListScreen
FNDA:0,(anonymous_1)
FNDA:0,(anonymous_2)
FNDA:0,(anonymous_3)
FNDA:0,(anonymous_4)
FNDA:0,(anonymous_5)
FNDA:0,(anonymous_6)
FNDA:0,(anonymous_7)
FNDA:0,(anonymous_8)
FNDA:0,(anonymous_9)
FNDA:0,(anonymous_10)
FNDA:0,(anonymous_11)
FNDA:0,(anonymous_12)
FNDA:0,(anonymous_13)
FNDA:0,(anonymous_14)
FNDA:0,(anonymous_15)
FNDA:0,(anonymous_16)
FNDA:0,(anonymous_17)
FNDA:0,(anonymous_18)
FNDA:0,(anonymous_19)
FNDA:0,(anonymous_20)
FNDA:0,(anonymous_21)
FNDA:0,(anonymous_22)
FNDA:0,(anonymous_23)
FNDA:0,(anonymous_24)
FNDA:0,(anonymous_25)
FNDA:0,(anonymous_26)
FNDA:0,(anonymous_27)
FNDA:0,(anonymous_28)
FNDA:0,(anonymous_29)
FNDA:0,(anonymous_30)
FNDA:0,(anonymous_31)
FNDA:0,(anonymous_32)
FNDA:0,(anonymous_33)
DA:47,0
DA:59,0
DA:61,0
DA:63,0
DA:64,0
DA:65,0
DA:66,0
DA:67,0
DA:69,0
DA:70,0
DA:72,0
DA:73,0
DA:74,0
DA:77,0
DA:80,0
DA:81,0
DA:85,0
DA:86,0
DA:89,0
DA:90,0
DA:92,0
DA:97,0
DA:98,0
DA:99,0
DA:100,0
DA:103,0
DA:104,0
DA:108,0
DA:109,0
DA:111,0
DA:113,0
DA:115,0
DA:117,0
DA:121,0
DA:122,0
DA:125,0
DA:126,0
DA:129,0
DA:130,0
DA:131,0
DA:134,0
DA:135,0
DA:136,0
DA:139,0
DA:140,0
DA:141,0
DA:142,0
DA:143,0
DA:146,0
DA:147,0
DA:148,0
DA:151,0
DA:152,0
DA:155,0
DA:156,0
DA:157,0
DA:159,0
DA:163,0
DA:164,0
DA:165,0
DA:167,0
DA:176,0
DA:177,0
DA:184,0
DA:185,0
DA:188,0
DA:190,0
DA:192,0
DA:193,0
DA:194,0
DA:196,0
DA:197,0
DA:198,0
DA:199,0
DA:201,0
DA:202,0
DA:203,0
DA:204,0
DA:205,0
DA:208,0
DA:209,0
DA:211,0
DA:214,0
DA:215,0
DA:218,0
DA:219,0
DA:220,0
DA:221,0
DA:224,0
DA:225,0
DA:226,0
DA:227,0
DA:230,0
DA:231,0
DA:233,0
DA:234,0
DA:236,0
DA:237,0
DA:239,0
DA:243,0
DA:244,0
DA:245,0
DA:246,0
DA:247,0
DA:249,0
DA:250,0
DA:254,0
DA:255,0
DA:256,0
DA:258,0
DA:259,0
DA:262,0
DA:263,0
DA:264,0
DA:268,0
DA:269,0
DA:271,0
DA:285,0
DA:294,0
DA:302,0
DA:315,0
DA:331,0
DA:342,0
DA:382,0
DA:396,0
DA:403,0
LF:126
LH:0
BRDA:85,0,0,0
BRDA:85,0,1,0
BRDA:103,1,0,0
BRDA:103,1,1,0
BRDA:109,2,0,0
BRDA:109,2,1,0
BRDA:109,2,2,0
BRDA:109,2,3,0
BRDA:125,3,0,0
BRDA:125,3,1,0
BRDA:141,4,0,0
BRDA:141,4,1,0
BRDA:156,5,0,0
BRDA:156,5,1,0
BRDA:164,6,0,0
BRDA:164,6,1,0
BRDA:165,7,0,0
BRDA:165,7,1,0
BRDA:185,8,0,0
BRDA:185,8,1,0
BRDA:190,9,0,0
BRDA:190,9,1,0
BRDA:190,9,2,0
BRDA:190,9,3,0
BRDA:190,9,4,0
BRDA:201,10,0,0
BRDA:201,10,1,0
BRDA:219,11,0,0
BRDA:219,11,1,0
BRDA:226,12,0,0
BRDA:226,12,1,0
BRDA:231,13,0,0
BRDA:231,13,1,0
BRDA:231,14,0,0
BRDA:231,14,1,0
BRDA:237,15,0,0
BRDA:237,15,1,0
BRDA:256,16,0,0
BRDA:256,16,1,0
BRDA:269,17,0,0
BRDA:269,17,1,0
BRDA:269,18,0,0
BRDA:269,18,1,0
BRDA:279,19,0,0
BRDA:279,19,1,0
BRDA:282,20,0,0
BRDA:282,20,1,0
BRDA:287,21,0,0
BRDA:287,21,1,0
BRDA:288,22,0,0
BRDA:288,22,1,0
BRDA:289,23,0,0
BRDA:289,23,1,0
BRDA:290,24,0,0
BRDA:290,24,1,0
BRDA:296,25,0,0
BRDA:296,25,1,0
BRDA:306,26,0,0
BRDA:306,26,1,0
BRDA:350,27,0,0
BRDA:350,27,1,0
BRDA:369,28,0,0
BRDA:369,28,1,0
BRDA:395,29,0,0
BRDA:395,29,1,0
BRF:65
BRH:0
end_of_record
TN:
SF:components/BottomSheet.tsx
FN:23,(anonymous_0)
FN:34,(anonymous_1)
FN:46,(anonymous_2)
FN:69,(anonymous_3)
FNF:4
FNH:0
FNDA:0,(anonymous_0)
FNDA:0,(anonymous_1)
FNDA:0,(anonymous_2)
FNDA:0,(anonymous_3)
DA:22,0
DA:33,0
DA:35,0
DA:45,0
DA:47,0
DA:48,0
DA:54,0
DA:69,0
DA:83,0
DA:85,0
LF:10
LH:0
BRDA:26,0,0,0
BRDA:28,1,0,0
BRDA:47,2,0,0
BRDA:47,2,1,0
BRDA:47,3,0,0
BRDA:47,3,1,0
BRDA:65,4,0,0
BRDA:65,4,1,0
BRF:8
BRH:0
end_of_record
TN:
SF:components/DateTimeButton.tsx
FN:17,(anonymous_0)
FN:25,(anonymous_1)
FN:39,(anonymous_2)
FN:43,(anonymous_3)
FN:47,(anonymous_4)
FN:67,(anonymous_5)
FN:108,(anonymous_6)
FNF:7
FNH:0
FNDA:0,(anonymous_0)
FNDA:0,(anonymous_1)
FNDA:0,(anonymous_2)
FNDA:0,(anonymous_3)
FNDA:0,(anonymous_4)
FNDA:0,(anonymous_5)
FNDA:0,(anonymous_6)
DA:17,0
DA:22,0
DA:23,0
DA:25,0
DA:26,0
DA:31,0
DA:32,0
DA:33,0
DA:36,0
DA:39,0
DA:40,0
DA:43,0
DA:44,0
DA:47,0
DA:48,0
DA:49,0
DA:52,0
DA:54,0
DA:57,0
DA:60,0
DA:61,0
DA:62,0
DA:67,0
DA:69,0
DA:70,0
DA:73,0
DA:76,0
DA:77,0
DA:80,0
DA:108,0
DA:141,0
LF:31
LH:0
BRDA:20,0,0,0
BRDA:23,1,0,0
BRDA:23,1,1,0
BRDA:31,2,0,0
BRDA:31,2,1,0
BRDA:31,3,0,0
BRDA:31,3,1,0
BRDA:48,4,0,0
BRDA:48,4,1,0
BRDA:52,5,0,0
BRDA:52,5,1,0
BRDA:54,6,0,0
BRDA:54,6,1,0
BRDA:54,7,0,0
BRDA:54,7,1,0
BRDA:54,7,2,0
BRDA:54,7,3,0
BRDA:61,8,0,0
BRDA:61,8,1,0
BRDA:70,9,0,0
BRDA:70,9,1,0
BRDA:70,10,0,0
BRDA:70,10,1,0
BRDA:70,10,2,0
BRDA:70,10,3,0
BRDA:89,11,0,0
BRDA:89,11,1,0
BRDA:93,12,0,0
BRDA:93,12,1,0
BRDA:103,13,0,0
BRDA:103,13,1,0
BRDA:105,14,0,0
BRDA:105,14,1,0
BRDA:127,15,0,0
BRDA:127,15,1,0
BRF:35
BRH:0
end_of_record
TN:
SF:components/EmptyState.tsx
FN:14,(anonymous_0)
FN:15,(anonymous_1)
FNF:2
FNH:0
FNDA:0,(anonymous_0)
FNDA:0,(anonymous_1)
DA:14,0
DA:15,0
DA:16,0
DA:18,0
DA:24,0
DA:30,0
DA:36,0
DA:44,0
DA:46,0
DA:57,0
LF:10
LH:0
BRDA:16,0,0,0
BRDA:16,0,1,0
BRDA:16,0,2,0
BRDA:16,0,3,0
BRDA:50,1,0,0
BRDA:50,1,1,0
BRF:6
BRH:0
end_of_record
TN:
SF:components/FloatingBar.tsx
FN:19,(anonymous_0)
FN:30,(anonymous_1)
FNF:2
FNH:0
FNDA:0,(anonymous_0)
FNDA:0,(anonymous_1)
DA:19,0
DA:27,0
DA:28,0
DA:30,0
DA:31,0
DA:32,0
DA:46,0
DA:61,0
DA:62,0
DA:65,0
DA:115,0
LF:11
LH:0
BRDA:31,0,0,0
BRDA:31,0,1,0
BRDA:61,1,0,0
BRDA:61,1,1,0
BRDA:82,2,0,0
BRDA:82,2,1,0
BRDA:95,3,0,0
BRDA:95,3,1,0
BRDA:104,4,0,0
BRDA:104,4,1,0
BRF:10
BRH:0
end_of_record
TN:
SF:components/MoreActionSheet.tsx
FN:24,(anonymous_0)
FN:27,(anonymous_1)
FN:28,(anonymous_2)
FN:31,(anonymous_3)
FN:36,(anonymous_4)
FN:54,(anonymous_5)
FN:54,(anonymous_6)
FN:61,(anonymous_7)
FN:61,(anonymous_8)
FN:68,(anonymous_9)
FN:68,(anonymous_10)
FN:75,(anonymous_11)
FN:75,(anonymous_12)
FN:88,(anonymous_13)
FN:99,(anonymous_14)
FNF:15
FNH:0
FNDA:0,(anonymous_0)
FNDA:0,(anonymous_1)
FNDA:0,(anonymous_2)
FNDA:0,(anonymous_3)
FNDA:0,(anonymous_4)
FNDA:0,(anonymous_5)
FNDA:0,(anonymous_6)
FNDA:0,(anonymous_7)
FNDA:0,(anonymous_8)
FNDA:0,(anonymous_9)
FNDA:0,(anonymous_10)
FNDA:0,(anonymous_11)
FNDA:0,(anonymous_12)
FNDA:0,(anonymous_13)
FNDA:0,(anonymous_14)
DA:23,0
DA:25,0
DA:27,0
DA:29,0
DA:32,0
DA:36,0
DA:37,0
DA:38,0
DA:41,0
DA:54,0
DA:61,0
DA:68,0
DA:75,0
DA:88,0
DA:99,0
DA:110,0
LF:16
LH:0
BRDA:24,0,0,0
BRDA:84,1,0,0
BRDA:84,1,1,0
BRDA:84,1,2,0
BRF:4
BRH:0
end_of_record
TN:
SF:components/Snackbar.tsx
FN:19,(anonymous_0)
FN:30,(anonymous_1)
FN:40,(anonymous_2)
FN:48,(anonymous_3)
FN:55,(anonymous_4)
FN:60,(anonymous_5)
FN:67,(anonymous_6)
FNF:7
FNH:0
FNDA:0,(anonymous_0)
FNDA:0,(anonymous_1)
FNDA:0,(anonymous_2)
FNDA:0,(anonymous_3)
FNDA:0,(anonymous_4)
FNDA:0,(anonymous_5)
FNDA:0,(anonymous_6)
DA:19,0
DA:27,0
DA:28,0
DA:30,0
DA:31,0
DA:32,0
DA:39,0
DA:40,0
DA:41,0
DA:45,0
DA:48,0
DA:49,0
DA:50,0
DA:55,0
DA:56,0
DA:61,0
DA:62,0
DA:67,0
DA:68,0
DA:69,0
DA:71,0
DA:72,0
DA:73,0
DA:77,0
DA:78,0
DA:81,0
DA:105,0
LF:27
LH:0
BRDA:24,0,0,0
BRDA:31,1,0,0
BRDA:31,1,1,0
BRDA:39,2,0,0
BRDA:39,2,1,0
BRDA:49,3,0,0
BRDA:49,3,1,0
BRDA:61,4,0,0
BRDA:61,4,1,0
BRDA:68,5,0,0
BRDA:68,5,1,0
BRDA:72,6,0,0
BRDA:72,6,1,0
BRDA:77,7,0,0
BRDA:77,7,1,0
BRDA:93,8,0,0
BRDA:93,8,1,0
BRF:17
BRH:0
end_of_record
TN:
SF:components/TaskCell.tsx
FN:23,(anonymous_0)
FN:36,(anonymous_1)
FN:51,(anonymous_2)
FN:69,(anonymous_3)
FN:81,(anonymous_4)
FNF:5
FNH:0
FNDA:0,(anonymous_0)
FNDA:0,(anonymous_1)
FNDA:0,(anonymous_2)
FNDA:0,(anonymous_3)
FNDA:0,(anonymous_4)
DA:23,0
DA:32,0
DA:33,0
DA:34,0
DA:36,0
DA:37,0
DA:38,0
DA:40,0
DA:41,0
DA:42,0
DA:43,0
DA:45,0
DA:46,0
DA:47,0
DA:51,0
DA:52,0
DA:57,0
DA:69,0
DA:70,0
DA:77,0
DA:82,0
DA:83,0
DA:84,0
DA:85,0
DA:137,0
LF:25
LH:0
BRDA:25,0,0,0
BRDA:26,1,0,0
BRDA:37,2,0,0
BRDA:37,2,1,0
BRDA:40,3,0,0
BRDA:40,3,1,0
BRDA:72,4,0,0
BRDA:72,4,1,0
BRDA:79,5,0,0
BRDA:79,5,1,0
BRDA:80,6,0,0
BRDA:80,6,1,0
BRDA:82,7,0,0
BRDA:82,7,1,0
BRDA:82,8,0,0
BRDA:82,8,1,0
BRDA:84,9,0,0
BRDA:84,9,1,0
BRDA:84,10,0,0
BRDA:84,10,1,0
BRDA:100,11,0,0
BRDA:100,11,1,0
BRDA:100,11,2,0
BRDA:105,12,0,0
BRDA:105,12,1,0
BRDA:111,13,0,0
BRDA:111,13,1,0
BRDA:112,14,0,0
BRDA:112,14,1,0
BRDA:112,14,2,0
BRDA:120,15,0,0
BRDA:120,15,1,0
BRDA:121,16,0,0
BRDA:121,16,1,0
BRDA:127,17,0,0
BRDA:127,17,1,0
BRF:36
BRH:0
end_of_record
TN:
SF:components/TaskDetailSheet.tsx
FN:29,(anonymous_0)
FN:40,(anonymous_1)
FN:55,(anonymous_2)
FN:56,(anonymous_3)
FN:63,(anonymous_4)
FN:75,(anonymous_5)
FN:82,(anonymous_6)
FN:88,(anonymous_7)
FN:106,(anonymous_8)
FN:117,(anonymous_9)
FN:122,(anonymous_10)
FN:123,(anonymous_11)
FN:141,(anonymous_12)
FN:190,(anonymous_13)
FNF:14
FNH:0
FNDA:0,(anonymous_0)
FNDA:0,(anonymous_1)
FNDA:0,(anonymous_2)
FNDA:0,(anonymous_3)
FNDA:0,(anonymous_4)
FNDA:0,(anonymous_5)
FNDA:0,(anonymous_6)
FNDA:0,(anonymous_7)
FNDA:0,(anonymous_8)
FNDA:0,(anonymous_9)
FNDA:0,(anonymous_10)
FNDA:0,(anonymous_11)
FNDA:0,(anonymous_12)
FNDA:0,(anonymous_13)
DA:28,0
DA:30,0
DA:31,0
DA:32,0
DA:33,0
DA:34,0
DA:35,0
DA:36,0
DA:39,0
DA:41,0
DA:43,0
DA:50,0
DA:55,0
DA:57,0
DA:58,0
DA:59,0
DA:60,0
DA:61,0
DA:65,0
DA:66,0
DA:68,0
DA:69,0
DA:70,0
DA:75,0
DA:76,0
DA:77,0
DA:82,0
DA:83,0
DA:84,0
DA:88,0
DA:89,0
DA:90,0
DA:93,0
DA:99,0
DA:100,0
DA:103,0
DA:106,0
DA:108,0
DA:110,0
DA:111,0
DA:114,0
DA:117,0
DA:118,0
DA:122,0
DA:123,0
DA:124,0
DA:128,0
DA:141,0
DA:191,0
DA:192,0
DA:193,0
DA:206,0
LF:52
LH:0
BRDA:41,0,0,0
BRDA:41,0,1,0
BRDA:41,1,0,0
BRDA:41,1,1,0
BRDA:58,2,0,0
BRDA:58,2,1,0
BRDA:59,3,0,0
BRDA:59,3,1,0
BRDA:60,4,0,0
BRDA:60,4,1,0
BRDA:65,5,0,0
BRDA:65,5,1,0
BRDA:76,6,0,0
BRDA:76,6,1,0
BRDA:76,7,0,0
BRDA:76,7,1,0
BRDA:83,8,0,0
BRDA:83,8,1,0
BRDA:83,9,0,0
BRDA:83,9,1,0
BRDA:89,10,0,0
BRDA:89,10,1,0
BRDA:99,11,0,0
BRDA:99,11,1,0
BRDA:110,12,0,0
BRDA:110,12,1,0
BRDA:136,13,0,0
BRDA:136,13,1,0
BRDA:170,14,0,0
BRDA:170,14,1,0
BRDA:179,15,0,0
BRDA:179,15,1,0
BRDA:182,16,0,0
BRDA:182,16,1,0
BRDA:187,17,0,0
BRDA:187,17,1,0
BRDA:187,17,2,0
BRF:37
BRH:0
end_of_record
TN:
SF:components/TaskTabs.tsx
FN:19,(anonymous_0)
FN:34,(anonymous_1)
FN:41,(anonymous_2)
FNF:3
FNH:0
FNDA:0,(anonymous_0)
FNDA:0,(anonymous_1)
FNDA:0,(anonymous_2)
DA:19,0
DA:26,0
DA:32,0
DA:35,0
DA:41,0
DA:75,0
LF:6
LH:0
BRDA:22,0,0,0
BRDA:23,1,0,0
BRDA:24,2,0,0
BRDA:39,3,0,0
BRDA:39,3,1,0
BRDA:47,4,0,0
BRDA:47,4,1,0
BRDA:52,5,0,0
BRDA:52,5,1,0
BRDA:56,6,0,0
BRDA:56,6,1,0
BRDA:62,7,0,0
BRDA:62,7,1,0
BRF:13
BRH:0
end_of_record
TN:
SF:components/VoiceButton.tsx
FN:17,(anonymous_0)
FN:25,(anonymous_1)
FN:26,(anonymous_2)
FN:36,(anonymous_3)
FN:51,(anonymous_4)
FN:60,(anonymous_5)
FNF:6
FNH:0
FNDA:0,(anonymous_0)
FNDA:0,(anonymous_1)
FNDA:0,(anonymous_2)
FNDA:0,(anonymous_3)
FNDA:0,(anonymous_4)
FNDA:0,(anonymous_5)
DA:17,0
DA:21,0
DA:22,0
DA:23,0
DA:25,0
DA:26,0
DA:27,0
DA:28,0
DA:30,0
DA:31,0
DA:36,0
DA:37,0
DA:39,0
DA:40,0
DA:41,0
DA:43,0
DA:51,0
DA:52,0
DA:55,0
DA:56,0
DA:60,0
DA:61,0
DA:63,0
DA:64,0
DA:67,0
DA:68,0
DA:75,0
DA:76,0
DA:77,0
DA:78,0
DA:81,0
DA:82,0
DA:86,0
DA:117,0
LF:34
LH:0
BRDA:19,0,0,0
BRDA:27,1,0,0
BRDA:27,1,1,0
BRDA:30,2,0,0
BRDA:30,2,1,0
BRDA:37,3,0,0
BRDA:37,3,1,0
BRDA:61,4,0,0
BRDA:61,4,1,0
BRDA:63,5,0,0
BRDA:63,5,1,0
BRDA:77,6,0,0
BRDA:77,6,1,0
BRDA:77,7,0,0
BRDA:77,7,1,0
BRDA:98,8,0,0
BRDA:98,8,1,0
BRDA:99,9,0,0
BRDA:99,9,1,0
BRDA:108,10,0,0
BRDA:108,10,1,0
BRF:21
BRH:0
end_of_record
TN:
SF:features/auth/authService.ts
FN:12,(anonymous_0)
FN:24,(anonymous_1)
FN:44,(anonymous_2)
FN:66,(anonymous_3)
FN:87,(anonymous_4)
FN:104,(anonymous_5)
FN:132,(anonymous_6)
FNF:7
FNH:1
FNDA:0,(anonymous_0)
FNDA:391,(anonymous_1)
FNDA:0,(anonymous_2)
FNDA:0,(anonymous_3)
FNDA:0,(anonymous_4)
FNDA:0,(anonymous_5)
FNDA:0,(anonymous_6)
DA:13,0
DA:14,0
DA:17,0
DA:18,0
DA:25,391
DA:26,391
DA:29,0
DA:31,0
DA:32,0
DA:35,0
DA:45,0
DA:46,0
DA:49,0
DA:56,0
DA:57,0
DA:60,0
DA:67,0
DA:68,0
DA:71,0
DA:77,0
DA:78,0
DA:81,0
DA:88,0
DA:89,0
DA:92,0
DA:94,0
DA:95,0
DA:98,0
DA:105,0
DA:106,0
DA:109,0
DA:110,0
DA:111,0
DA:114,0
DA:122,0
DA:123,0
DA:126,0
DA:133,0
DA:134,0
DA:139,0
DA:141,0
DA:142,0
DA:145,0
DA:149,6
LF:44
LH:3
BRDA:13,0,0,0
BRDA:13,0,1,0
BRDA:25,1,0,391
BRDA:25,1,1,0
BRDA:31,2,0,0
BRDA:31,2,1,0
BRDA:37,3,0,0
BRDA:37,3,1,0
BRDA:45,4,0,0
BRDA:45,4,1,0
BRDA:56,5,0,0
BRDA:56,5,1,0
BRDA:67,6,0,0
BRDA:67,6,1,0
BRDA:77,7,0,0
BRDA:77,7,1,0
BRDA:88,8,0,0
BRDA:88,8,1,0
BRDA:94,9,0,0
BRDA:94,9,1,0
BRDA:105,10,0,0
BRDA:105,10,1,0
BRDA:110,11,0,0
BRDA:110,11,1,0
BRDA:122,12,0,0
BRDA:122,12,1,0
BRDA:133,13,0,0
BRDA:133,13,1,0
BRDA:141,14,0,0
BRDA:141,14,1,0
BRF:30
BRH:1
end_of_record
TN:
SF:features/auth/authStore.ts
FN:22,(anonymous_0)
FN:30,(anonymous_1)
FN:54,(anonymous_2)
FN:88,(anonymous_3)
FN:118,(anonymous_4)
FN:151,(anonymous_5)
FN:178,(anonymous_6)
FN:182,(anonymous_7)
FNF:8
FNH:0
FNDA:0,(anonymous_0)
FNDA:0,(anonymous_1)
FNDA:0,(anonymous_2)
FNDA:0,(anonymous_3)
FNDA:0,(anonymous_4)
FNDA:0,(anonymous_5)
FNDA:0,(anonymous_6)
FNDA:0,(anonymous_7)
DA:22,0
DA:31,0
DA:32,0
DA:33,0
DA:36,0
DA:37,0
DA:40,0
DA:42,0
DA:43,0
DA:44,0
DA:46,0
DA:53,0
DA:55,0
DA:56,0
DA:62,0
DA:64,0
DA:65,0
DA:67,0
DA:69,0
DA:71,0
DA:72,0
DA:78,0
DA:81,0
DA:82,0
DA:84,0
DA:89,0
DA:90,0
DA:91,0
DA:94,0
DA:96,0
DA:97,0
DA:102,0
DA:103,0
DA:105,0
DA:111,0
DA:112,0
DA:114,0
DA:119,0
DA:120,0
DA:121,0
DA:124,0
DA:126,0
DA:127,0
DA:132,0
DA:133,0
DA:134,0
DA:136,0
DA:138,0
DA:144,0
DA:145,0
DA:147,0
DA:152,0
DA:153,0
DA:154,0
DA:157,0
DA:159,0
DA:160,0
DA:162,0
DA:163,0
DA:165,0
DA:171,0
DA:172,0
DA:174,0
DA:179,0
DA:183,0
DA:184,0
DA:185,0
DA:186,0
LF:68
LH:0
BRDA:31,0,0,0
BRDA:31,0,1,0
BRDA:42,1,0,0
BRDA:42,1,1,0
BRDA:48,2,0,0
BRDA:48,2,1,0
BRDA:58,3,0,0
BRDA:58,3,1,0
BRDA:62,4,0,0
BRDA:62,4,1,0
BRDA:62,4,2,0
BRDA:89,5,0,0
BRDA:89,5,1,0
BRDA:102,6,0,0
BRDA:102,6,1,0
BRDA:119,7,0,0
BRDA:119,7,1,0
BRDA:132,8,0,0
BRDA:132,8,1,0
BRDA:134,9,0,0
BRDA:134,9,1,0
BRDA:134,10,0,0
BRDA:134,10,1,0
BRDA:152,11,0,0
BRDA:152,11,1,0
BRDA:162,12,0,0
BRDA:162,12,1,0
BRDA:184,13,0,0
BRDA:184,13,1,0
BRF:29
BRH:0
end_of_record
TN:
SF:features/draft/draftStore.ts
FN:38,(anonymous_0)
FN:46,(anonymous_1)
FN:54,(anonymous_2)
FN:75,(anonymous_3)
FN:81,(anonymous_4)
FN:84,(anonymous_5)
FN:119,(anonymous_6)
FN:125,(anonymous_7)
FN:129,(anonymous_8)
FN:155,(anonymous_9)
FN:191,(anonymous_10)
FN:193,(anonymous_11)
FN:198,(anonymous_12)
FN:237,(anonymous_13)
FN:250,(anonymous_14)
FN:252,(anonymous_15)
FN:259,(anonymous_16)
FN:267,(anonymous_17)
FN:282,(anonymous_18)
FN:296,(anonymous_19)
FN:309,(anonymous_20)
FN:320,(anonymous_21)
FN:349,(anonymous_22)
FN:350,(anonymous_23)
FN:356,(anonymous_24)
FN:358,(anonymous_25)
FN:361,(anonymous_26)
FN:365,(anonymous_27)
FN:367,(anonymous_28)
FN:368,(anonymous_29)
FN:368,(anonymous_30)
FN:378,(anonymous_31)
FN:401,(anonymous_32)
FN:484,(anonymous_33)
FN:486,(anonymous_34)
FN:493,(anonymous_35)
FN:512,(anonymous_36)
FN:569,(anonymous_37)
FN:582,(anonymous_38)
FN:584,(anonymous_39)
FN:584,(anonymous_40)
FN:587,(anonymous_41)
FN:594,(anonymous_42)
FN:600,(anonymous_43)
FN:601,(anonymous_44)
FN:604,(anonymous_45)
FN:606,(anonymous_46)
FNF:47
FNH:31
FNDA:6,(anonymous_0)
FNDA:0,(anonymous_1)
FNDA:0,(anonymous_2)
FNDA:0,(anonymous_3)
FNDA:0,(anonymous_4)
FNDA:0,(anonymous_5)
FNDA:16,(anonymous_6)
FNDA:16,(anonymous_7)
FNDA:39,(anonymous_8)
FNDA:0,(anonymous_9)
FNDA:2,(anonymous_10)
FNDA:6,(anonymous_11)
FNDA:2,(anonymous_12)
FNDA:6,(anonymous_13)
FNDA:0,(anonymous_14)
FNDA:0,(anonymous_15)
FNDA:0,(anonymous_16)
FNDA:2,(anonymous_17)
FNDA:2,(anonymous_18)
FNDA:0,(anonymous_19)
FNDA:0,(anonymous_20)
FNDA:0,(anonymous_21)
FNDA:3,(anonymous_22)
FNDA:7,(anonymous_23)
FNDA:2,(anonymous_24)
FNDA:4,(anonymous_25)
FNDA:6,(anonymous_26)
FNDA:2,(anonymous_27)
FNDA:5,(anonymous_28)
FNDA:5,(anonymous_29)
FNDA:1,(anonymous_30)
FNDA:2,(anonymous_31)
FNDA:0,(anonymous_32)
FNDA:1,(anonymous_33)
FNDA:1,(anonymous_34)
FNDA:1,(anonymous_35)
FNDA:0,(anonymous_36)
FNDA:2,(anonymous_37)
FNDA:1,(anonymous_38)
FNDA:2,(anonymous_39)
FNDA:1,(anonymous_40)
FNDA:1,(anonymous_41)
FNDA:2,(anonymous_42)
FNDA:0,(anonymous_43)
FNDA:0,(anonymous_44)
FNDA:1,(anonymous_45)
FNDA:1,(anonymous_46)
DA:38,6
DA:47,0
DA:48,0
DA:49,0
DA:54,0
DA:68,0
DA:70,0
DA:71,0
DA:76,0
DA:78,0
DA:79,0
DA:81,0
DA:82,0
DA:83,0
DA:84,0
DA:85,0
DA:86,0
DA:87,0
DA:88,0
DA:89,0
DA:90,0
DA:91,0
DA:94,0
DA:111,0
DA:112,0
DA:114,0
DA:115,0
DA:120,16
DA:122,16
DA:123,16
DA:125,16
DA:126,16
DA:128,39
DA:129,39
DA:130,39
DA:131,39
DA:132,39
DA:133,39
DA:134,39
DA:135,39
DA:136,39
DA:139,39
DA:155,0
DA:156,0
DA:157,0
DA:158,0
DA:159,0
DA:160,0
DA:161,0
DA:162,0
DA:165,0
DA:183,16
DA:184,16
DA:186,0
DA:187,0
DA:192,2
DA:193,6
DA:194,2
DA:195,2
DA:197,2
DA:198,2
DA:199,2
DA:200,6
DA:201,6
DA:202,6
DA:205,6
DA:207,6
DA:208,0
DA:209,6
DA:211,0
DA:215,6
DA:216,0
DA:237,6
DA:238,2
DA:243,2
DA:245,0
DA:246,0
DA:251,0
DA:252,0
DA:253,0
DA:254,0
DA:255,0
DA:259,0
DA:260,0
DA:262,0
DA:263,0
DA:268,2
DA:270,2
DA:271,0
DA:272,0
DA:276,2
DA:277,0
DA:278,0
DA:281,2
DA:282,2
DA:283,2
DA:284,3
DA:285,3
DA:288,3
DA:289,3
DA:290,1
DA:294,0
DA:295,0
DA:296,0
DA:297,0
DA:298,0
DA:299,0
DA:300,0
DA:303,0
DA:307,0
DA:308,0
DA:309,0
DA:310,0
DA:311,0
DA:312,0
DA:315,0
DA:319,0
DA:320,0
DA:322,0
DA:323,0
DA:324,0
DA:325,0
DA:326,0
DA:327,0
DA:328,0
DA:329,0
DA:330,0
DA:333,0
DA:336,2
DA:341,2
DA:342,2
DA:344,0
DA:345,0
DA:350,3
DA:351,7
DA:353,3
DA:357,2
DA:358,4
DA:360,2
DA:361,6
DA:366,2
DA:367,5
DA:368,5
DA:369,2
DA:370,2
DA:372,2
DA:373,2
DA:374,2
DA:375,2
DA:377,2
DA:378,2
DA:380,2
DA:381,4
DA:383,4
DA:384,4
DA:385,4
DA:386,4
DA:387,4
DA:388,0
DA:390,0
DA:392,0
DA:395,0
DA:401,0
DA:402,0
DA:403,0
DA:404,0
DA:405,0
DA:407,0
DA:408,0
DA:413,0
DA:417,0
DA:422,0
DA:423,0
DA:424,0
DA:429,0
DA:433,0
DA:445,0
DA:446,0
DA:447,0
DA:452,0
DA:456,0
DA:457,0
DA:462,2
DA:463,1
DA:464,1
DA:469,2
DA:475,2
DA:477,2
DA:479,0
DA:480,0
DA:485,1
DA:486,1
DA:488,1
DA:490,1
DA:492,1
DA:493,1
DA:494,1
DA:496,1
DA:497,1
DA:498,1
DA:499,0
DA:501,0
DA:503,0
DA:506,0
DA:512,0
DA:513,0
DA:514,0
DA:515,0
DA:516,0
DA:518,0
DA:523,0
DA:527,0
DA:532,0
DA:533,0
DA:538,0
DA:542,0
DA:554,0
DA:555,0
DA:560,0
DA:564,0
DA:565,0
DA:569,2
DA:570,1
DA:576,1
DA:578,0
DA:583,1
DA:584,2
DA:586,1
DA:587,1
DA:588,1
DA:589,1
DA:590,1
DA:594,2
DA:596,0
DA:601,0
DA:605,1
DA:606,1
DA:607,1
DA:608,5
DA:609,5
DA:610,5
DA:617,1
DA:619,0
LF:243
LH:108
BRDA:83,0,0,0
BRDA:83,0,1,0
BRDA:83,1,0,0
BRDA:83,1,1,0
BRDA:87,2,0,0
BRDA:87,2,1,0
BRDA:128,3,0,39
BRDA:128,3,1,0
BRDA:128,4,0,39
BRDA:128,4,1,37
BRDA:131,5,0,39
BRDA:131,5,1,37
BRDA:132,6,0,39
BRDA:132,6,1,39
BRDA:133,7,0,39
BRDA:133,7,1,39
BRDA:149,8,0,39
BRDA:149,8,1,37
BRDA:157,9,0,0
BRDA:157,9,1,0
BRDA:158,10,0,0
BRDA:158,10,1,0
BRDA:170,11,0,0
BRDA:170,11,1,0
BRDA:207,12,0,0
BRDA:207,12,1,6
BRDA:209,13,0,0
BRDA:209,13,1,6
BRDA:215,14,0,0
BRDA:215,14,1,6
BRDA:215,15,0,6
BRDA:215,15,1,6
BRDA:215,15,2,0
BRDA:270,16,0,0
BRDA:270,16,1,2
BRDA:276,17,0,0
BRDA:276,17,1,2
BRDA:276,18,0,2
BRDA:276,18,1,2
BRDA:285,19,0,3
BRDA:285,19,1,0
BRDA:285,19,2,0
BRDA:285,19,3,0
BRDA:294,20,0,0
BRDA:294,20,1,0
BRDA:297,21,0,0
BRDA:297,21,1,0
BRDA:298,22,0,0
BRDA:298,22,1,0
BRDA:299,23,0,0
BRDA:299,23,1,0
BRDA:307,24,0,0
BRDA:307,24,1,0
BRDA:319,25,0,0
BRDA:319,25,1,0
BRDA:324,26,0,0
BRDA:324,26,1,0
BRDA:325,27,0,0
BRDA:325,27,1,0
BRDA:329,28,0,0
BRDA:329,28,1,0
BRDA:351,29,0,3
BRDA:351,29,1,4
BRDA:381,30,0,4
BRDA:381,30,1,0
BRDA:388,31,0,0
BRDA:388,31,1,0
BRDA:392,32,0,0
BRDA:392,32,1,0
BRDA:392,32,2,0
BRDA:488,33,0,0
BRDA:488,33,1,1
BRDA:494,34,0,1
BRDA:494,34,1,0
BRDA:499,35,0,0
BRDA:499,35,1,0
BRDA:503,36,0,0
BRDA:503,36,1,0
BRDA:503,36,2,0
BRF:79
BRH:26
end_of_record
TN:
SF:features/notify/notificationService.ts
FN:7,(anonymous_0)
FN:19,(anonymous_1)
FN:21,(anonymous_2)
FN:29,(anonymous_3)
FN:61,(anonymous_4)
FN:98,(anonymous_5)
FN:107,(anonymous_6)
FN:116,(anonymous_7)
FN:126,(anonymous_8)
FN:137,(anonymous_9)
FNF:10
FNH:3
FNDA:0,(anonymous_0)
FNDA:6,(anonymous_1)
FNDA:6,(anonymous_2)
FNDA:0,(anonymous_3)
FNDA:3,(anonymous_4)
FNDA:0,(anonymous_5)
FNDA:0,(anonymous_6)
FNDA:0,(anonymous_7)
FNDA:0,(anonymous_8)
FNDA:0,(anonymous_9)
DA:6,6
DA:7,0
DA:22,6
DA:23,6
DA:25,6
DA:30,0
DA:31,0
DA:32,0
DA:35,0
DA:36,0
DA:38,0
DA:39,0
DA:40,0
DA:43,0
DA:44,0
DA:45,0
DA:48,0
DA:49,0
DA:57,0
DA:67,3
DA:69,3
DA:70,3
DA:73,3
DA:74,1
DA:77,2
DA:90,0
DA:92,2
DA:93,2
DA:99,0
DA:100,0
DA:102,0
DA:108,0
DA:109,0
DA:111,0
DA:117,0
DA:118,0
DA:120,0
DA:121,0
DA:129,0
DA:130,0
DA:131,0
DA:140,0
DA:141,0
DA:142,0
LF:44
LH:12
BRDA:22,0,0,6
BRDA:22,0,1,0
BRDA:30,1,0,0
BRDA:30,1,1,0
BRDA:38,2,0,0
BRDA:38,2,1,0
BRDA:43,3,0,0
BRDA:43,3,1,0
BRDA:48,4,0,0
BRDA:48,4,1,0
BRDA:65,5,0,0
BRDA:73,6,0,1
BRDA:73,6,1,2
BRDA:130,7,0,0
BRDA:130,7,1,0
BRDA:141,8,0,0
BRDA:141,8,1,0
BRF:17
BRH:3
end_of_record
TN:
SF:features/notify/reminderService.ts
FN:12,(anonymous_0)
FN:14,(anonymous_1)
FN:22,(anonymous_2)
FN:39,(anonymous_3)
FN:49,(anonymous_4)
FN:77,(anonymous_5)
FN:89,(anonymous_6)
FN:95,(anonymous_7)
FN:114,(anonymous_8)
FN:123,(anonymous_9)
FNF:10
FNH:5
FNDA:6,(anonymous_0)
FNDA:6,(anonymous_1)
FNDA:200,(anonymous_2)
FNDA:0,(anonymous_3)
FNDA:74,(anonymous_4)
FNDA:126,(anonymous_5)
FNDA:0,(anonymous_6)
FNDA:0,(anonymous_7)
FNDA:0,(anonymous_8)
FNDA:0,(anonymous_9)
DA:5,6
DA:9,6
DA:10,6
DA:15,6
DA:16,6
DA:18,6
DA:23,200
DA:25,23
DA:26,23
DA:27,23
DA:28,0
DA:29,0
DA:31,23
DA:33,0
DA:34,0
DA:40,0
DA:41,0
DA:42,0
DA:44,0
DA:50,74
DA:53,74
DA:54,71
DA:55,71
DA:59,3
DA:62,3
DA:63,3
DA:70,3
DA:71,0
DA:72,0
DA:78,126
DA:80,126
DA:81,126
DA:82,0
DA:83,0
DA:84,0
DA:90,0
DA:93,0
DA:94,0
DA:95,0
DA:99,0
DA:100,0
DA:101,0
DA:103,0
DA:105,0
DA:106,0
DA:108,0
DA:115,0
DA:117,0
DA:118,0
DA:119,0
DA:124,0
DA:126,0
DA:128,0
DA:129,0
DA:130,0
DA:133,0
DA:135,0
DA:142,0
DA:143,0
DA:149,0
LF:60
LH:22
BRDA:15,0,0,6
BRDA:15,0,1,0
BRDA:23,1,0,177
BRDA:23,1,1,23
BRDA:27,2,0,0
BRDA:27,2,1,23
BRDA:53,3,0,71
BRDA:53,3,1,3
BRDA:53,4,0,74
BRDA:53,4,1,3
BRDA:70,5,0,0
BRDA:70,5,1,3
BRDA:81,6,0,0
BRDA:81,6,1,126
BRDA:100,7,0,0
BRDA:100,7,1,0
BRDA:103,8,0,0
BRDA:103,8,1,0
BRDA:103,9,0,0
BRDA:103,9,1,0
BRDA:106,10,0,0
BRDA:106,10,1,0
BRDA:106,11,0,0
BRDA:106,11,1,0
BRDA:129,12,0,0
BRDA:129,12,1,0
BRDA:129,13,0,0
BRDA:129,13,1,0
BRDA:133,14,0,0
BRDA:133,14,1,0
BRDA:133,15,0,0
BRDA:133,15,1,0
BRDA:142,16,0,0
BRDA:142,16,1,0
BRF:34
BRH:10
end_of_record
TN:
SF:features/task/taskStore.ts
FN:33,(anonymous_0)
FN:39,(anonymous_1)
FN:47,(anonymous_2)
FN:66,(anonymous_3)
FN:80,(anonymous_4)
FN:81,(anonymous_5)
FN:128,(anonymous_6)
FN:130,(anonymous_7)
FN:132,(anonymous_8)
FN:175,(anonymous_9)
FN:180,(anonymous_10)
FN:196,(anonymous_11)
FN:198,(anonymous_12)
FN:236,(anonymous_13)
FN:238,(anonymous_14)
FN:272,(anonymous_15)
FN:274,(anonymous_16)
FN:290,(anonymous_17)
FN:294,(anonymous_18)
FN:300,(anonymous_19)
FN:304,(anonymous_20)
FN:317,(anonymous_21)
FN:323,(anonymous_22)
FN:327,(anonymous_23)
FN:333,(anonymous_24)
FN:338,(anonymous_25)
FN:343,(anonymous_26)
FN:346,(anonymous_27)
FN:369,(anonymous_28)
FN:400,(anonymous_29)
FN:412,(anonymous_30)
FNF:31
FNH:26
FNDA:6,(anonymous_0)
FNDA:729,(anonymous_1)
FNDA:77718,(anonymous_2)
FNDA:590,(anonymous_3)
FNDA:589,(anonymous_4)
FNDA:589,(anonymous_5)
FNDA:23,(anonymous_6)
FNDA:23,(anonymous_7)
FNDA:23,(anonymous_8)
FNDA:52,(anonymous_9)
FNDA:52,(anonymous_10)
FNDA:49,(anonymous_11)
FNDA:49,(anonymous_12)
FNDA:2,(anonymous_13)
FNDA:2,(anonymous_14)
FNDA:1,(anonymous_15)
FNDA:1,(anonymous_16)
FNDA:0,(anonymous_17)
FNDA:20,(anonymous_18)
FNDA:1118,(anonymous_19)
FNDA:0,(anonymous_20)
FNDA:19,(anonymous_21)
FNDA:1113,(anonymous_22)
FNDA:987,(anonymous_23)
FNDA:15,(anonymous_24)
FNDA:1108,(anonymous_25)
FNDA:292,(anonymous_26)
FNDA:0,(anonymous_27)
FNDA:1,(anonymous_28)
FNDA:0,(anonymous_29)
FNDA:0,(anonymous_30)
DA:33,6
DA:40,729
DA:41,729
DA:42,729
DA:47,77718
DA:60,729
DA:62,0
DA:68,590
DA:73,590
DA:74,1
DA:75,1
DA:76,1
DA:79,589
DA:80,589
DA:81,589
DA:82,589
DA:83,589
DA:84,589
DA:85,589
DA:86,589
DA:87,589
DA:88,589
DA:89,589
DA:90,589
DA:95,589
DA:96,316
DA:100,589
DA:101,0
DA:120,589
DA:121,589
DA:123,0
DA:124,0
DA:129,23
DA:130,23
DA:131,23
DA:132,23
DA:133,23
DA:134,23
DA:135,23
DA:136,23
DA:137,23
DA:138,23
DA:139,23
DA:140,23
DA:142,23
DA:146,23
DA:147,23
DA:151,23
DA:169,23
DA:171,0
DA:176,52
DA:178,52
DA:180,52
DA:181,52
DA:182,52
DA:186,52
DA:187,52
DA:190,52
DA:192,0
DA:197,49
DA:198,49
DA:199,49
DA:200,49
DA:201,1
DA:203,48
DA:205,49
DA:209,49
DA:212,49
DA:230,49
DA:232,0
DA:237,2
DA:238,2
DA:239,2
DA:240,2
DA:241,2
DA:245,2
DA:248,2
DA:266,2
DA:268,0
DA:273,1
DA:274,1
DA:275,1
DA:276,1
DA:277,1
DA:281,1
DA:283,1
DA:285,0
DA:286,0
DA:291,0
DA:295,20
DA:296,20
DA:297,20
DA:299,20
DA:301,1118
DA:306,0
DA:307,0
DA:308,0
DA:310,0
DA:311,0
DA:312,0
DA:313,0
DA:318,19
DA:319,19
DA:320,19
DA:322,19
DA:324,1113
DA:329,987
DA:334,15
DA:335,15
DA:337,15
DA:339,1108
DA:343,292
DA:347,0
DA:348,0
DA:349,0
DA:350,0
DA:362,0
DA:364,0
DA:365,0
DA:370,1
DA:371,1
DA:379,1
DA:380,0
DA:381,0
DA:393,1
DA:395,0
DA:396,0
DA:401,0
DA:402,0
DA:408,0
DA:409,0
DA:412,0
DA:413,0
DA:414,0
DA:419,0
DA:420,0
DA:423,0
DA:425,0
DA:426,0
LF:139
LH:98
BRDA:66,0,0,317
BRDA:68,1,0,590
BRDA:68,1,1,0
BRDA:73,2,0,1
BRDA:73,2,1,589
BRDA:73,3,0,590
BRDA:73,3,1,589
BRDA:84,4,0,589
BRDA:84,4,1,589
BRDA:85,5,0,589
BRDA:85,5,1,589
BRDA:86,6,0,589
BRDA:86,6,1,589
BRDA:87,7,0,589
BRDA:87,7,1,589
BRDA:89,8,0,589
BRDA:89,8,1,589
BRDA:90,9,0,589
BRDA:90,9,1,589
BRDA:95,10,0,316
BRDA:95,10,1,273
BRDA:100,11,0,0
BRDA:100,11,1,589
BRDA:100,12,0,589
BRDA:100,12,1,0
BRDA:100,12,2,0
BRDA:128,13,0,23
BRDA:133,14,0,10
BRDA:133,14,1,13
BRDA:134,15,0,1
BRDA:134,15,1,22
BRDA:135,16,0,12
BRDA:135,16,1,11
BRDA:136,17,0,0
BRDA:136,17,1,23
BRDA:137,18,0,1
BRDA:137,18,1,22
BRDA:138,19,0,0
BRDA:138,19,1,23
BRDA:139,20,0,0
BRDA:139,20,1,23
BRDA:140,21,0,23
BRDA:140,21,1,23
BRDA:146,22,0,23
BRDA:146,22,1,0
BRDA:175,23,0,52
BRDA:186,24,0,52
BRDA:186,24,1,0
BRDA:200,25,0,1
BRDA:200,25,1,48
BRDA:301,26,0,1118
BRDA:301,26,1,816
BRDA:301,26,2,2
BRDA:306,27,0,0
BRDA:306,27,1,0
BRDA:306,28,0,0
BRDA:306,28,1,0
BRDA:307,29,0,0
BRDA:307,29,1,0
BRDA:308,30,0,0
BRDA:308,30,1,0
BRDA:310,31,0,0
BRDA:310,31,1,0
BRDA:310,32,0,0
BRDA:310,32,1,0
BRDA:311,33,0,0
BRDA:311,33,1,0
BRDA:312,34,0,0
BRDA:312,34,1,0
BRDA:324,35,0,1113
BRDA:324,35,1,812
BRDA:324,35,2,1
BRDA:339,36,0,1108
BRDA:339,36,1,307
BRDA:339,36,2,307
BRDA:343,37,0,292
BRDA:343,37,1,0
BRDA:343,38,0,292
BRDA:343,38,1,0
BRDA:349,39,0,0
BRDA:349,39,1,0
BRDA:349,40,0,0
BRDA:349,40,1,0
BRDA:379,41,0,0
BRDA:379,41,1,1
BRF:85
BRH:53
end_of_record
TN:
SF:features/task/taskSync.ts
FN:18,(anonymous_0)
FN:44,(anonymous_1)
FN:48,(anonymous_2)
FN:60,(anonymous_3)
FN:91,(anonymous_4)
FN:109,(anonymous_5)
FN:125,(anonymous_6)
FN:160,(anonymous_7)
FN:161,(anonymous_8)
FN:200,(anonymous_9)
FN:248,(anonymous_10)
FN:276,(anonymous_11)
FN:281,(anonymous_12)
FN:290,(anonymous_13)
FN:333,(anonymous_14)
FNF:15
FNH:2
FNDA:0,(anonymous_0)
FNDA:0,(anonymous_1)
FNDA:0,(anonymous_2)
FNDA:0,(anonymous_3)
FNDA:0,(anonymous_4)
FNDA:0,(anonymous_5)
FNDA:0,(anonymous_6)
FNDA:0,(anonymous_7)
FNDA:0,(anonymous_8)
FNDA:391,(anonymous_9)
FNDA:52,(anonymous_10)
FNDA:0,(anonymous_11)
FNDA:0,(anonymous_12)
FNDA:0,(anonymous_13)
FNDA:0,(anonymous_14)
DA:10,6
DA:11,6
DA:12,6
DA:13,6
DA:19,0
DA:20,0
DA:21,0
DA:24,0
DA:25,0
DA:26,0
DA:27,0
DA:31,0
DA:34,0
DA:45,0
DA:49,0
DA:50,0
DA:52,0
DA:63,0
DA:65,0
DA:67,0
DA:69,0
DA:70,0
DA:72,0
DA:75,0
DA:76,0
DA:78,0
DA:81,0
DA:82,0
DA:84,0
DA:92,0
DA:95,0
DA:109,0
DA:111,0
DA:113,0
DA:114,0
DA:118,0
DA:126,0
DA:127,0
DA:130,0
DA:131,0
DA:132,0
DA:135,0
DA:137,0
DA:138,0
DA:141,0
DA:146,0
DA:147,0
DA:148,0
DA:151,0
DA:152,0
DA:156,0
DA:157,0
DA:160,0
DA:161,0
DA:164,0
DA:165,0
DA:167,0
DA:169,0
DA:170,0
DA:172,0
DA:173,0
DA:175,0
DA:180,0
DA:181,0
DA:182,0
DA:186,0
DA:188,0
DA:190,0
DA:193,0
DA:201,391
DA:202,391
DA:203,391
DA:204,391
DA:208,0
DA:222,0
DA:224,0
DA:225,0
DA:228,0
DA:229,0
DA:235,0
DA:236,0
DA:237,0
DA:240,0
DA:241,0
DA:249,52
DA:250,52
DA:253,0
DA:254,0
DA:255,0
DA:258,0
DA:259,0
DA:265,0
DA:266,0
DA:269,0
DA:277,0
DA:280,0
DA:281,0
DA:282,0
DA:291,0
DA:292,0
DA:295,0
DA:296,0
DA:297,0
DA:300,0
DA:302,0
DA:303,0
DA:305,0
DA:306,0
DA:307,0
DA:313,0
DA:314,0
DA:315,0
DA:318,0
DA:319,0
DA:324,0
DA:325,0
DA:326,0
DA:334,0
DA:335,0
DA:336,0
DA:339,0
DA:340,0
DA:341,0
DA:346,6
LF:124
LH:11
BRDA:19,0,0,0
BRDA:19,0,1,0
BRDA:25,1,0,0
BRDA:25,1,1,0
BRDA:50,2,0,0
BRDA:50,2,1,0
BRDA:67,3,0,0
BRDA:67,3,1,0
BRDA:67,3,2,0
BRDA:69,4,0,0
BRDA:69,4,1,0
BRDA:75,5,0,0
BRDA:75,5,1,0
BRDA:81,6,0,0
BRDA:81,6,1,0
BRDA:81,7,0,0
BRDA:81,7,1,0
BRDA:98,8,0,0
BRDA:98,8,1,0
BRDA:103,9,0,0
BRDA:103,9,1,0
BRDA:111,10,0,0
BRDA:111,10,1,0
BRDA:113,11,0,0
BRDA:113,11,1,0
BRDA:126,12,0,0
BRDA:126,12,1,0
BRDA:126,13,0,0
BRDA:126,13,1,0
BRDA:131,14,0,0
BRDA:131,14,1,0
BRDA:146,15,0,0
BRDA:146,15,1,0
BRDA:151,16,0,0
BRDA:151,16,1,0
BRDA:167,17,0,0
BRDA:167,17,1,0
BRDA:170,18,0,0
BRDA:170,18,1,0
BRDA:173,19,0,0
BRDA:173,19,1,0
BRDA:181,20,0,0
BRDA:181,20,1,0
BRDA:202,21,0,391
BRDA:202,21,1,0
BRDA:212,22,0,0
BRDA:212,22,1,0
BRDA:213,23,0,0
BRDA:213,23,1,0
BRDA:215,24,0,0
BRDA:215,24,1,0
BRDA:216,25,0,0
BRDA:216,25,1,0
BRDA:217,26,0,0
BRDA:217,26,1,0
BRDA:222,27,0,0
BRDA:222,27,1,0
BRDA:235,28,0,0
BRDA:235,28,1,0
BRDA:249,29,0,52
BRDA:249,29,1,0
BRDA:254,30,0,0
BRDA:254,30,1,0
BRDA:265,31,0,0
BRDA:265,31,1,0
BRDA:280,32,0,0
BRDA:280,32,1,0
BRDA:291,33,0,0
BRDA:291,33,1,0
BRDA:291,34,0,0
BRDA:291,34,1,0
BRDA:296,35,0,0
BRDA:296,35,1,0
BRDA:313,36,0,0
BRDA:313,36,1,0
BRDA:324,37,0,0
BRDA:324,37,1,0
BRDA:324,38,0,0
BRDA:324,38,1,0
BRDA:334,39,0,0
BRDA:334,39,1,0
BRDA:339,40,0,0
BRDA:339,40,1,0
BRF:83
BRH:2
end_of_record
TN:
SF:features/voice/recorder.ts
FN:7,(anonymous_0)
FN:17,(anonymous_1)
FN:71,(anonymous_2)
FN:99,(anonymous_3)
FN:116,(anonymous_4)
FN:120,(anonymous_5)
FNF:6
FNH:0
FNDA:0,(anonymous_0)
FNDA:0,(anonymous_1)
FNDA:0,(anonymous_2)
FNDA:0,(anonymous_3)
FNDA:0,(anonymous_4)
FNDA:0,(anonymous_5)
DA:4,0
DA:5,0
DA:8,0
DA:9,0
DA:10,0
DA:12,0
DA:13,0
DA:18,0
DA:19,0
DA:20,0
DA:21,0
DA:25,0
DA:36,0
DA:63,0
DA:64,0
DA:66,0
DA:67,0
DA:72,0
DA:73,0
DA:74,0
DA:77,0
DA:78,0
DA:79,0
DA:82,0
DA:87,0
DA:88,0
DA:90,0
DA:92,0
DA:93,0
DA:94,0
DA:95,0
DA:100,0
DA:102,0
DA:103,0
DA:104,0
DA:109,0
DA:111,0
DA:112,0
DA:117,0
DA:121,0
DA:123,0
DA:124,0
DA:125,0
DA:127,0
DA:128,0
LF:45
LH:0
BRDA:20,0,0,0
BRDA:20,0,1,0
BRDA:72,1,0,0
BRDA:72,1,1,0
BRDA:100,2,0,0
BRDA:100,2,1,0
BRDA:121,3,0,0
BRDA:121,3,1,0
BRDA:125,4,0,0
BRDA:125,4,1,0
BRF:10
BRH:0
end_of_record
TN:
SF:features/voice/voiceFlow.ts
FN:10,(anonymous_0)
FN:44,(anonymous_1)
FN:135,(anonymous_2)
FN:139,(anonymous_3)
FN:143,(anonymous_4)
FN:147,(anonymous_5)
FNF:6
FNH:3
FNDA:4,(anonymous_0)
FNDA:1,(anonymous_1)
FNDA:0,(anonymous_2)
FNDA:0,(anonymous_3)
FNDA:0,(anonymous_4)
FNDA:1,(anonymous_5)
DA:8,1
DA:11,4
DA:12,0
DA:13,0
DA:16,4
DA:18,4
DA:20,4
DA:22,2
DA:23,0
DA:27,2
DA:29,1
DA:30,0
DA:34,1
DA:37,3
DA:38,3
DA:40,4
DA:45,1
DA:47,1
DA:48,3
DA:50,2
DA:58,2
DA:59,2
DA:63,0
DA:64,0
DA:68,0
DA:69,0
DA:82,0
DA:85,0
DA:89,1
DA:93,1
DA:94,0
DA:103,0
DA:105,1
DA:109,0
DA:113,0
DA:114,0
DA:123,0
DA:125,0
DA:130,1
DA:131,1
DA:136,0
DA:140,0
DA:144,0
DA:149,1
DA:150,0
DA:154,1
DA:155,1
LF:47
LH:26
BRDA:11,0,0,0
BRDA:11,0,1,4
BRDA:22,1,0,0
BRDA:22,1,1,2
BRDA:29,2,0,0
BRDA:29,2,1,1
BRDA:48,3,0,2
BRDA:48,3,1,0
BRDA:48,3,2,1
BRDA:48,3,3,0
BRDA:52,4,0,2
BRDA:52,4,1,0
BRDA:53,5,0,2
BRDA:53,5,1,2
BRDA:63,6,0,0
BRDA:63,6,1,0
BRDA:63,7,0,0
BRDA:63,7,1,0
BRDA:64,8,0,0
BRDA:64,8,1,0
BRDA:68,9,0,0
BRDA:68,9,1,0
BRDA:70,10,0,0
BRDA:70,10,1,0
BRDA:71,11,0,0
BRDA:71,11,1,0
BRDA:74,12,0,0
BRDA:74,12,1,0
BRDA:89,13,0,0
BRDA:89,13,1,1
BRDA:93,14,0,0
BRDA:93,14,1,1
BRDA:109,15,0,0
BRDA:109,15,1,0
BRDA:113,16,0,0
BRDA:113,16,1,0
BRDA:130,17,0,1
BRDA:130,17,1,0
BRDA:149,18,0,0
BRDA:149,18,1,1
BRDA:155,19,0,1
BRDA:155,19,1,1
BRF:42
BRH:14
end_of_record
TN:
SF:services/openai.ts
FN:20,(anonymous_0)
FN:31,(anonymous_1)
FN:80,(anonymous_2)
FN:190,(anonymous_3)
FNF:4
FNH:4
FNDA:1,(anonymous_0)
FNDA:4,(anonymous_1)
FNDA:2,(anonymous_2)
FNDA:1,(anonymous_3)
DA:3,1
DA:4,1
DA:5,1
DA:21,1
DA:23,1
DA:24,1
DA:26,1
DA:27,0
DA:32,4
DA:33,0
DA:36,4
DA:38,4
DA:43,4
DA:44,4
DA:49,4
DA:50,4
DA:53,4
DA:61,4
DA:62,2
DA:63,2
DA:64,2
DA:65,2
DA:67,2
DA:68,0
DA:72,2
DA:73,2
DA:75,2
DA:76,2
DA:81,2
DA:82,0
DA:85,2
DA:134,2
DA:151,2
DA:152,2
DA:170,2
DA:171,1
DA:172,1
DA:175,1
DA:176,1
DA:178,1
DA:179,0
DA:182,1
DA:183,1
DA:185,1
DA:186,1
DA:191,1
LF:46
LH:41
BRDA:3,0,0,1
BRDA:3,0,1,1
BRDA:23,1,0,1
BRDA:23,1,1,0
BRDA:23,2,0,1
BRDA:23,2,1,1
BRDA:26,3,0,0
BRDA:26,3,1,1
BRDA:32,4,0,0
BRDA:32,4,1,4
BRDA:61,5,0,2
BRDA:61,5,1,2
BRDA:64,6,0,2
BRDA:64,6,1,0
BRDA:73,7,0,2
BRDA:73,7,1,0
BRDA:81,8,0,0
BRDA:81,8,1,2
BRDA:170,9,0,1
BRDA:170,9,1,1
BRDA:178,10,0,0
BRDA:178,10,1,1
BRDA:178,11,0,1
BRDA:178,11,1,1
BRDA:183,12,0,1
BRDA:183,12,1,0
BRF:26
BRH:18
end_of_record
TN:
SF:services/supabase.ts
FN:14,(anonymous_0)
FN:22,(anonymous_1)
FN:29,(anonymous_2)
FN:75,(anonymous_3)
FNF:4
FNH:1
FNDA:0,(anonymous_0)
FNDA:0,(anonymous_1)
FNDA:0,(anonymous_2)
FNDA:443,(anonymous_3)
DA:5,6
DA:6,6
DA:8,6
DA:9,6
DA:13,6
DA:15,0
DA:16,0
DA:18,0
DA:19,0
DA:23,0
DA:24,0
DA:26,0
DA:30,0
DA:31,0
DA:33,0
DA:39,6
DA:75,6
DA:76,443
DA:80,6
LF:19
LH:9
BRDA:8,0,0,6
BRDA:8,0,1,0
BRDA:8,1,0,6
BRDA:8,1,1,0
BRDA:39,2,0,0
BRDA:39,2,1,6
BRDA:39,3,0,6
BRDA:39,3,1,0
BRF:8
BRH:4
end_of_record
