TN:
SF:app/_layout.tsx
FN:7,RootLayout
FNF:1
FNH:0
FNDA:0,RootLayout
DA:8,0
LF:1
LH:0
BRF:0
BRH:0
end_of_record
TN:
SF:app/index.tsx
FN:4,Index
FN:5,(anonymous_1)
FNF:2
FNH:0
FNDA:0,Index
FNDA:0,(anonymous_1)
DA:5,0
DA:6,0
DA:9,0
LF:3
LH:0
BRF:0
BRH:0
end_of_record
TN:
SF:app/task-list.tsx
FN:27,TaskListScreen
FN:66,(anonymous_1)
FN:74,(anonymous_2)
FN:78,(anonymous_3)
FN:81,(anonymous_4)
FN:94,(anonymous_5)
FN:101,(anonymous_6)
FN:106,(anonymous_7)
FN:113,(anonymous_8)
FN:118,(anonymous_9)
FN:122,(anonymous_10)
FN:130,(anonymous_11)
FN:142,(anonymous_12)
FN:151,(anonymous_13)
FN:185,(anonymous_14)
FN:191,(anonymous_15)
FN:197,(anonymous_16)
FN:210,(anonymous_17)
FN:222,(anonymous_18)
FN:223,(anonymous_19)
FN:225,(anonymous_20)
FN:229,(anonymous_21)
FN:230,(anonymous_22)
FN:231,(anonymous_23)
FN:235,(anonymous_24)
FN:251,(anonymous_25)
FN:261,(anonymous_26)
FN:269,(anonymous_27)
FN:299,(anonymous_28)
FN:339,(anonymous_29)
FN:353,(anonymous_30)
FNF:31
FNH:0
FNDA:0,TaskListScreen
FNDA:0,(anonymous_1)
FNDA:0,(anonymous_2)
FNDA:0,(anonymous_3)
FNDA:0,(anonymous_4)
FNDA:0,(anonymous_5)
FNDA:0,(anonymous_6)
FNDA:0,(anonymous_7)
FNDA:0,(anonymous_8)
FNDA:0,(anonymous_9)
FNDA:0,(anonymous_10)
FNDA:0,(anonymous_11)
FNDA:0,(anonymous_12)
FNDA:0,(anonymous_13)
FNDA:0,(anonymous_14)
FNDA:0,(anonymous_15)
FNDA:0,(anonymous_16)
FNDA:0,(anonymous_17)
FNDA:0,(anonymous_18)
FNDA:0,(anonymous_19)
FNDA:0,(anonymous_20)
FNDA:0,(anonymous_21)
FNDA:0,(anonymous_22)
FNDA:0,(anonymous_23)
FNDA:0,(anonymous_24)
FNDA:0,(anonymous_25)
FNDA:0,(anonymous_26)
FNDA:0,(anonymous_27)
FNDA:0,(anonymous_28)
FNDA:0,(anonymous_29)
FNDA:0,(anonymous_30)
DA:43,0
DA:55,0
DA:57,0
DA:58,0
DA:59,0
DA:60,0
DA:61,0
DA:63,0
DA:64,0
DA:66,0
DA:67,0
DA:68,0
DA:71,0
DA:74,0
DA:75,0
DA:78,0
DA:81,0
DA:82,0
DA:84,0
DA:86,0
DA:88,0
DA:90,0
DA:94,0
DA:95,0
DA:96,0
DA:97,0
DA:98,0
DA:101,0
DA:102,0
DA:103,0
DA:106,0
DA:107,0
DA:108,0
DA:109,0
DA:110,0
DA:113,0
DA:114,0
DA:115,0
DA:118,0
DA:119,0
DA:122,0
DA:123,0
DA:124,0
DA:126,0
DA:130,0
DA:131,0
DA:132,0
DA:134,0
DA:143,0
DA:144,0
DA:151,0
DA:152,0
DA:155,0
DA:157,0
DA:159,0
DA:160,0
DA:161,0
DA:163,0
DA:164,0
DA:165,0
DA:166,0
DA:168,0
DA:169,0
DA:170,0
DA:171,0
DA:172,0
DA:175,0
DA:176,0
DA:178,0
DA:181,0
DA:182,0
DA:185,0
DA:186,0
DA:187,0
DA:188,0
DA:191,0
DA:192,0
DA:193,0
DA:194,0
DA:197,0
DA:198,0
DA:200,0
DA:201,0
DA:203,0
DA:204,0
DA:206,0
DA:210,0
DA:211,0
DA:212,0
DA:213,0
DA:214,0
DA:216,0
DA:217,0
DA:221,0
DA:222,0
DA:223,0
DA:225,0
DA:226,0
DA:229,0
DA:230,0
DA:231,0
DA:235,0
DA:236,0
DA:238,0
DA:252,0
DA:261,0
DA:269,0
DA:282,0
DA:299,0
DA:339,0
DA:353,0
DA:360,0
LF:112
LH:0
BRDA:82,0,0,0
BRDA:82,0,1,0
BRDA:82,0,2,0
BRDA:82,0,3,0
BRDA:108,1,0,0
BRDA:108,1,1,0
BRDA:123,2,0,0
BRDA:123,2,1,0
BRDA:131,3,0,0
BRDA:131,3,1,0
BRDA:132,4,0,0
BRDA:132,4,1,0
BRDA:152,5,0,0
BRDA:152,5,1,0
BRDA:157,6,0,0
BRDA:157,6,1,0
BRDA:157,6,2,0
BRDA:157,6,3,0
BRDA:157,6,4,0
BRDA:168,7,0,0
BRDA:168,7,1,0
BRDA:186,8,0,0
BRDA:186,8,1,0
BRDA:193,9,0,0
BRDA:193,9,1,0
BRDA:198,10,0,0
BRDA:198,10,1,0
BRDA:198,11,0,0
BRDA:198,11,1,0
BRDA:204,12,0,0
BRDA:204,12,1,0
BRDA:223,13,0,0
BRDA:223,13,1,0
BRDA:236,14,0,0
BRDA:236,14,1,0
BRDA:236,15,0,0
BRDA:236,15,1,0
BRDA:246,16,0,0
BRDA:246,16,1,0
BRDA:249,17,0,0
BRDA:249,17,1,0
BRDA:254,18,0,0
BRDA:254,18,1,0
BRDA:255,19,0,0
BRDA:255,19,1,0
BRDA:256,20,0,0
BRDA:256,20,1,0
BRDA:257,21,0,0
BRDA:257,21,1,0
BRDA:263,22,0,0
BRDA:263,22,1,0
BRDA:273,23,0,0
BRDA:273,23,1,0
BRDA:307,24,0,0
BRDA:307,24,1,0
BRDA:326,25,0,0
BRDA:326,25,1,0
BRDA:352,26,0,0
BRDA:352,26,1,0
BRF:59
BRH:0
end_of_record
TN:
SF:components/BottomSheet.tsx
FN:23,(anonymous_0)
FN:34,(anonymous_1)
FN:46,(anonymous_2)
FN:69,(anonymous_3)
FNF:4
FNH:0
FNDA:0,(anonymous_0)
FNDA:0,(anonymous_1)
FNDA:0,(anonymous_2)
FNDA:0,(anonymous_3)
DA:22,0
DA:33,0
DA:35,0
DA:45,0
DA:47,0
DA:48,0
DA:54,0
DA:69,0
DA:83,0
DA:85,0
LF:10
LH:0
BRDA:26,0,0,0
BRDA:28,1,0,0
BRDA:47,2,0,0
BRDA:47,2,1,0
BRDA:47,3,0,0
BRDA:47,3,1,0
BRDA:65,4,0,0
BRDA:65,4,1,0
BRF:8
BRH:0
end_of_record
TN:
SF:components/DateTimeButton.tsx
FN:17,(anonymous_0)
FN:25,(anonymous_1)
FN:39,(anonymous_2)
FN:43,(anonymous_3)
FN:47,(anonymous_4)
FN:67,(anonymous_5)
FN:108,(anonymous_6)
FNF:7
FNH:0
FNDA:0,(anonymous_0)
FNDA:0,(anonymous_1)
FNDA:0,(anonymous_2)
FNDA:0,(anonymous_3)
FNDA:0,(anonymous_4)
FNDA:0,(anonymous_5)
FNDA:0,(anonymous_6)
DA:17,0
DA:22,0
DA:23,0
DA:25,0
DA:26,0
DA:31,0
DA:32,0
DA:33,0
DA:36,0
DA:39,0
DA:40,0
DA:43,0
DA:44,0
DA:47,0
DA:48,0
DA:49,0
DA:52,0
DA:54,0
DA:57,0
DA:60,0
DA:61,0
DA:62,0
DA:67,0
DA:69,0
DA:70,0
DA:73,0
DA:76,0
DA:77,0
DA:80,0
DA:108,0
DA:141,0
LF:31
LH:0
BRDA:20,0,0,0
BRDA:23,1,0,0
BRDA:23,1,1,0
BRDA:31,2,0,0
BRDA:31,2,1,0
BRDA:31,3,0,0
BRDA:31,3,1,0
BRDA:48,4,0,0
BRDA:48,4,1,0
BRDA:52,5,0,0
BRDA:52,5,1,0
BRDA:54,6,0,0
BRDA:54,6,1,0
BRDA:54,7,0,0
BRDA:54,7,1,0
BRDA:54,7,2,0
BRDA:61,8,0,0
BRDA:61,8,1,0
BRDA:70,9,0,0
BRDA:70,9,1,0
BRDA:70,10,0,0
BRDA:70,10,1,0
BRDA:70,10,2,0
BRDA:89,11,0,0
BRDA:89,11,1,0
BRDA:93,12,0,0
BRDA:93,12,1,0
BRDA:103,13,0,0
BRDA:103,13,1,0
BRDA:105,14,0,0
BRDA:105,14,1,0
BRDA:127,15,0,0
BRDA:127,15,1,0
BRF:33
BRH:0
end_of_record
TN:
SF:components/EmptyState.tsx
FN:14,(anonymous_0)
FN:15,(anonymous_1)
FNF:2
FNH:0
FNDA:0,(anonymous_0)
FNDA:0,(anonymous_1)
DA:14,0
DA:15,0
DA:16,0
DA:18,0
DA:24,0
DA:30,0
DA:36,0
DA:44,0
DA:46,0
DA:57,0
LF:10
LH:0
BRDA:16,0,0,0
BRDA:16,0,1,0
BRDA:16,0,2,0
BRDA:16,0,3,0
BRDA:50,1,0,0
BRDA:50,1,1,0
BRF:6
BRH:0
end_of_record
TN:
SF:components/FloatingBar.tsx
FN:19,(anonymous_0)
FN:30,(anonymous_1)
FNF:2
FNH:0
FNDA:0,(anonymous_0)
FNDA:0,(anonymous_1)
DA:19,0
DA:27,0
DA:28,0
DA:30,0
DA:31,0
DA:32,0
DA:46,0
DA:61,0
DA:62,0
DA:65,0
DA:115,0
LF:11
LH:0
BRDA:31,0,0,0
BRDA:31,0,1,0
BRDA:61,1,0,0
BRDA:61,1,1,0
BRDA:82,2,0,0
BRDA:82,2,1,0
BRDA:95,3,0,0
BRDA:95,3,1,0
BRDA:104,4,0,0
BRDA:104,4,1,0
BRF:10
BRH:0
end_of_record
TN:
SF:components/MoreActionSheet.tsx
FN:24,(anonymous_0)
FN:27,(anonymous_1)
FN:28,(anonymous_2)
FN:31,(anonymous_3)
FN:36,(anonymous_4)
FN:54,(anonymous_5)
FN:54,(anonymous_6)
FN:61,(anonymous_7)
FN:61,(anonymous_8)
FN:68,(anonymous_9)
FN:68,(anonymous_10)
FN:75,(anonymous_11)
FN:75,(anonymous_12)
FN:88,(anonymous_13)
FN:99,(anonymous_14)
FNF:15
FNH:0
FNDA:0,(anonymous_0)
FNDA:0,(anonymous_1)
FNDA:0,(anonymous_2)
FNDA:0,(anonymous_3)
FNDA:0,(anonymous_4)
FNDA:0,(anonymous_5)
FNDA:0,(anonymous_6)
FNDA:0,(anonymous_7)
FNDA:0,(anonymous_8)
FNDA:0,(anonymous_9)
FNDA:0,(anonymous_10)
FNDA:0,(anonymous_11)
FNDA:0,(anonymous_12)
FNDA:0,(anonymous_13)
FNDA:0,(anonymous_14)
DA:23,0
DA:25,0
DA:27,0
DA:29,0
DA:32,0
DA:36,0
DA:37,0
DA:38,0
DA:41,0
DA:54,0
DA:61,0
DA:68,0
DA:75,0
DA:88,0
DA:99,0
DA:110,0
LF:16
LH:0
BRDA:24,0,0,0
BRDA:84,1,0,0
BRDA:84,1,1,0
BRDA:84,1,2,0
BRF:4
BRH:0
end_of_record
TN:
SF:components/Snackbar.tsx
FN:19,(anonymous_0)
FN:30,(anonymous_1)
FN:40,(anonymous_2)
FN:48,(anonymous_3)
FN:55,(anonymous_4)
FN:60,(anonymous_5)
FN:67,(anonymous_6)
FNF:7
FNH:0
FNDA:0,(anonymous_0)
FNDA:0,(anonymous_1)
FNDA:0,(anonymous_2)
FNDA:0,(anonymous_3)
FNDA:0,(anonymous_4)
FNDA:0,(anonymous_5)
FNDA:0,(anonymous_6)
DA:19,0
DA:27,0
DA:28,0
DA:30,0
DA:31,0
DA:32,0
DA:39,0
DA:40,0
DA:41,0
DA:45,0
DA:48,0
DA:49,0
DA:50,0
DA:55,0
DA:56,0
DA:61,0
DA:62,0
DA:67,0
DA:68,0
DA:69,0
DA:71,0
DA:72,0
DA:73,0
DA:77,0
DA:78,0
DA:81,0
DA:105,0
LF:27
LH:0
BRDA:24,0,0,0
BRDA:31,1,0,0
BRDA:31,1,1,0
BRDA:39,2,0,0
BRDA:39,2,1,0
BRDA:49,3,0,0
BRDA:49,3,1,0
BRDA:61,4,0,0
BRDA:61,4,1,0
BRDA:68,5,0,0
BRDA:68,5,1,0
BRDA:72,6,0,0
BRDA:72,6,1,0
BRDA:77,7,0,0
BRDA:77,7,1,0
BRDA:93,8,0,0
BRDA:93,8,1,0
BRF:17
BRH:0
end_of_record
TN:
SF:components/TaskCell.tsx
FN:22,(anonymous_0)
FN:33,(anonymous_1)
FN:48,(anonymous_2)
FN:66,(anonymous_3)
FN:78,(anonymous_4)
FNF:5
FNH:0
FNDA:0,(anonymous_0)
FNDA:0,(anonymous_1)
FNDA:0,(anonymous_2)
FNDA:0,(anonymous_3)
FNDA:0,(anonymous_4)
DA:22,0
DA:31,0
DA:33,0
DA:34,0
DA:35,0
DA:37,0
DA:38,0
DA:39,0
DA:40,0
DA:42,0
DA:43,0
DA:44,0
DA:48,0
DA:49,0
DA:54,0
DA:66,0
DA:67,0
DA:74,0
DA:79,0
DA:80,0
DA:81,0
DA:82,0
DA:134,0
LF:23
LH:0
BRDA:24,0,0,0
BRDA:25,1,0,0
BRDA:34,2,0,0
BRDA:34,2,1,0
BRDA:37,3,0,0
BRDA:37,3,1,0
BRDA:69,4,0,0
BRDA:69,4,1,0
BRDA:76,5,0,0
BRDA:76,5,1,0
BRDA:77,6,0,0
BRDA:77,6,1,0
BRDA:79,7,0,0
BRDA:79,7,1,0
BRDA:79,8,0,0
BRDA:79,8,1,0
BRDA:81,9,0,0
BRDA:81,9,1,0
BRDA:81,10,0,0
BRDA:81,10,1,0
BRDA:97,11,0,0
BRDA:97,11,1,0
BRDA:97,11,2,0
BRDA:102,12,0,0
BRDA:102,12,1,0
BRDA:108,13,0,0
BRDA:108,13,1,0
BRDA:109,14,0,0
BRDA:109,14,1,0
BRDA:109,14,2,0
BRDA:117,15,0,0
BRDA:117,15,1,0
BRDA:118,16,0,0
BRDA:118,16,1,0
BRDA:124,17,0,0
BRDA:124,17,1,0
BRF:36
BRH:0
end_of_record
TN:
SF:components/TaskDetailSheet.tsx
FN:29,(anonymous_0)
FN:39,(anonymous_1)
FN:54,(anonymous_2)
FN:55,(anonymous_3)
FN:62,(anonymous_4)
FN:74,(anonymous_5)
FN:81,(anonymous_6)
FN:87,(anonymous_7)
FN:105,(anonymous_8)
FN:111,(anonymous_9)
FN:116,(anonymous_10)
FN:117,(anonymous_11)
FN:135,(anonymous_12)
FN:184,(anonymous_13)
FNF:14
FNH:0
FNDA:0,(anonymous_0)
FNDA:0,(anonymous_1)
FNDA:0,(anonymous_2)
FNDA:0,(anonymous_3)
FNDA:0,(anonymous_4)
FNDA:0,(anonymous_5)
FNDA:0,(anonymous_6)
FNDA:0,(anonymous_7)
FNDA:0,(anonymous_8)
FNDA:0,(anonymous_9)
FNDA:0,(anonymous_10)
FNDA:0,(anonymous_11)
FNDA:0,(anonymous_12)
FNDA:0,(anonymous_13)
DA:28,0
DA:30,0
DA:31,0
DA:32,0
DA:33,0
DA:34,0
DA:35,0
DA:38,0
DA:40,0
DA:42,0
DA:49,0
DA:54,0
DA:56,0
DA:57,0
DA:58,0
DA:59,0
DA:60,0
DA:64,0
DA:65,0
DA:67,0
DA:68,0
DA:69,0
DA:74,0
DA:75,0
DA:76,0
DA:81,0
DA:82,0
DA:83,0
DA:87,0
DA:88,0
DA:89,0
DA:92,0
DA:98,0
DA:99,0
DA:102,0
DA:105,0
DA:107,0
DA:108,0
DA:111,0
DA:112,0
DA:116,0
DA:117,0
DA:118,0
DA:122,0
DA:135,0
DA:185,0
DA:186,0
DA:199,0
LF:48
LH:0
BRDA:40,0,0,0
BRDA:40,0,1,0
BRDA:40,1,0,0
BRDA:40,1,1,0
BRDA:57,2,0,0
BRDA:57,2,1,0
BRDA:58,3,0,0
BRDA:58,3,1,0
BRDA:59,4,0,0
BRDA:59,4,1,0
BRDA:64,5,0,0
BRDA:64,5,1,0
BRDA:75,6,0,0
BRDA:75,6,1,0
BRDA:75,7,0,0
BRDA:75,7,1,0
BRDA:82,8,0,0
BRDA:82,8,1,0
BRDA:82,9,0,0
BRDA:82,9,1,0
BRDA:88,10,0,0
BRDA:88,10,1,0
BRDA:98,11,0,0
BRDA:98,11,1,0
BRDA:130,12,0,0
BRDA:130,12,1,0
BRDA:164,13,0,0
BRDA:164,13,1,0
BRDA:173,14,0,0
BRDA:173,14,1,0
BRDA:176,15,0,0
BRDA:176,15,1,0
BRDA:181,16,0,0
BRDA:181,16,1,0
BRDA:181,16,2,0
BRF:35
BRH:0
end_of_record
TN:
SF:components/TaskTabs.tsx
FN:19,(anonymous_0)
FN:34,(anonymous_1)
FN:41,(anonymous_2)
FNF:3
FNH:0
FNDA:0,(anonymous_0)
FNDA:0,(anonymous_1)
FNDA:0,(anonymous_2)
DA:19,0
DA:26,0
DA:32,0
DA:35,0
DA:41,0
DA:75,0
LF:6
LH:0
BRDA:22,0,0,0
BRDA:23,1,0,0
BRDA:24,2,0,0
BRDA:39,3,0,0
BRDA:39,3,1,0
BRDA:47,4,0,0
BRDA:47,4,1,0
BRDA:52,5,0,0
BRDA:52,5,1,0
BRDA:56,6,0,0
BRDA:56,6,1,0
BRDA:62,7,0,0
BRDA:62,7,1,0
BRF:13
BRH:0
end_of_record
TN:
SF:components/VoiceButton.tsx
FN:17,(anonymous_0)
FN:25,(anonymous_1)
FN:26,(anonymous_2)
FN:36,(anonymous_3)
FN:51,(anonymous_4)
FN:60,(anonymous_5)
FNF:6
FNH:0
FNDA:0,(anonymous_0)
FNDA:0,(anonymous_1)
FNDA:0,(anonymous_2)
FNDA:0,(anonymous_3)
FNDA:0,(anonymous_4)
FNDA:0,(anonymous_5)
DA:17,0
DA:21,0
DA:22,0
DA:23,0
DA:25,0
DA:26,0
DA:27,0
DA:28,0
DA:30,0
DA:31,0
DA:36,0
DA:37,0
DA:39,0
DA:40,0
DA:41,0
DA:43,0
DA:51,0
DA:52,0
DA:55,0
DA:56,0
DA:60,0
DA:61,0
DA:63,0
DA:64,0
DA:67,0
DA:68,0
DA:75,0
DA:76,0
DA:77,0
DA:78,0
DA:81,0
DA:82,0
DA:86,0
DA:117,0
LF:34
LH:0
BRDA:19,0,0,0
BRDA:27,1,0,0
BRDA:27,1,1,0
BRDA:30,2,0,0
BRDA:30,2,1,0
BRDA:37,3,0,0
BRDA:37,3,1,0
BRDA:61,4,0,0
BRDA:61,4,1,0
BRDA:63,5,0,0
BRDA:63,5,1,0
BRDA:77,6,0,0
BRDA:77,6,1,0
BRDA:77,7,0,0
BRDA:77,7,1,0
BRDA:98,8,0,0
BRDA:98,8,1,0
BRDA:99,9,0,0
BRDA:99,9,1,0
BRDA:108,10,0,0
BRDA:108,10,1,0
BRF:21
BRH:0
end_of_record
TN:
SF:features/draft/draftStore.ts
FN:29,(anonymous_0)
FN:35,(anonymous_1)
FN:43,(anonymous_2)
FN:64,(anonymous_3)
FN:70,(anonymous_4)
FN:73,(anonymous_5)
FN:108,(anonymous_6)
FN:114,(anonymous_7)
FN:118,(anonymous_8)
FN:144,(anonymous_9)
FN:180,(anonymous_10)
FN:182,(anonymous_11)
FN:186,(anonymous_12)
FN:201,(anonymous_13)
FN:210,(anonymous_14)
FN:212,(anonymous_15)
FN:219,(anonymous_16)
FN:227,(anonymous_17)
FN:236,(anonymous_18)
FN:255,(anonymous_19)
FN:256,(anonymous_20)
FN:262,(anonymous_21)
FN:264,(anonymous_22)
FN:267,(anonymous_23)
FN:271,(anonymous_24)
FN:273,(anonymous_25)
FN:274,(anonymous_26)
FN:274,(anonymous_27)
FN:284,(anonymous_28)
FN:299,(anonymous_29)
FN:346,(anonymous_30)
FN:348,(anonymous_31)
FN:353,(anonymous_32)
FN:361,(anonymous_33)
FN:363,(anonymous_34)
FN:363,(anonymous_35)
FN:366,(anonymous_36)
FN:373,(anonymous_37)
FN:379,(anonymous_38)
FN:380,(anonymous_39)
FN:383,(anonymous_40)
FN:385,(anonymous_41)
FNF:42
FNH:30
FNDA:6,(anonymous_0)
FNDA:0,(anonymous_1)
FNDA:0,(anonymous_2)
FNDA:0,(anonymous_3)
FNDA:0,(anonymous_4)
FNDA:0,(anonymous_5)
FNDA:16,(anonymous_6)
FNDA:16,(anonymous_7)
FNDA:39,(anonymous_8)
FNDA:0,(anonymous_9)
FNDA:2,(anonymous_10)
FNDA:6,(anonymous_11)
FNDA:2,(anonymous_12)
FNDA:6,(anonymous_13)
FNDA:0,(anonymous_14)
FNDA:0,(anonymous_15)
FNDA:0,(anonymous_16)
FNDA:2,(anonymous_17)
FNDA:1,(anonymous_18)
FNDA:3,(anonymous_19)
FNDA:7,(anonymous_20)
FNDA:2,(anonymous_21)
FNDA:4,(anonymous_22)
FNDA:6,(anonymous_23)
FNDA:2,(anonymous_24)
FNDA:5,(anonymous_25)
FNDA:5,(anonymous_26)
FNDA:1,(anonymous_27)
FNDA:2,(anonymous_28)
FNDA:0,(anonymous_29)
FNDA:1,(anonymous_30)
FNDA:1,(anonymous_31)
FNDA:2,(anonymous_32)
FNDA:1,(anonymous_33)
FNDA:2,(anonymous_34)
FNDA:1,(anonymous_35)
FNDA:1,(anonymous_36)
FNDA:2,(anonymous_37)
FNDA:0,(anonymous_38)
FNDA:0,(anonymous_39)
FNDA:1,(anonymous_40)
FNDA:1,(anonymous_41)
DA:29,6
DA:36,0
DA:37,0
DA:38,0
DA:43,0
DA:57,0
DA:59,0
DA:60,0
DA:65,0
DA:67,0
DA:68,0
DA:70,0
DA:71,0
DA:72,0
DA:73,0
DA:74,0
DA:75,0
DA:76,0
DA:77,0
DA:78,0
DA:79,0
DA:80,0
DA:83,0
DA:100,0
DA:101,0
DA:103,0
DA:104,0
DA:109,16
DA:111,16
DA:112,16
DA:114,16
DA:115,16
DA:117,39
DA:118,39
DA:119,39
DA:120,39
DA:121,39
DA:122,39
DA:123,39
DA:124,39
DA:125,39
DA:128,39
DA:144,0
DA:145,0
DA:146,0
DA:147,0
DA:148,0
DA:149,0
DA:150,0
DA:151,0
DA:154,0
DA:172,16
DA:173,16
DA:175,0
DA:176,0
DA:181,2
DA:182,6
DA:183,2
DA:185,2
DA:186,2
DA:187,2
DA:188,6
DA:189,6
DA:190,6
DA:192,6
DA:193,0
DA:194,6
DA:196,0
DA:201,6
DA:202,2
DA:203,2
DA:205,0
DA:206,0
DA:211,0
DA:212,0
DA:213,0
DA:214,0
DA:215,0
DA:219,0
DA:220,0
DA:222,0
DA:223,0
DA:228,2
DA:230,2
DA:231,1
DA:232,1
DA:235,1
DA:236,1
DA:237,1
DA:238,1
DA:239,1
DA:240,1
DA:247,1
DA:248,1
DA:250,0
DA:251,0
DA:256,3
DA:257,7
DA:259,3
DA:263,2
DA:264,4
DA:266,2
DA:267,6
DA:272,2
DA:273,5
DA:274,5
DA:275,2
DA:276,2
DA:278,2
DA:279,2
DA:280,2
DA:281,2
DA:283,2
DA:284,2
DA:286,2
DA:287,4
DA:289,4
DA:290,4
DA:291,4
DA:292,4
DA:293,0
DA:295,0
DA:297,0
DA:299,0
DA:300,0
DA:301,0
DA:302,0
DA:303,0
DA:305,0
DA:306,0
DA:307,0
DA:310,0
DA:311,0
DA:312,0
DA:313,0
DA:316,0
DA:317,0
DA:318,0
DA:319,0
DA:323,0
DA:324,0
DA:329,2
DA:330,1
DA:331,1
DA:336,2
DA:337,2
DA:339,2
DA:341,0
DA:342,0
DA:347,1
DA:348,1
DA:349,1
DA:350,1
DA:353,2
DA:354,1
DA:355,1
DA:357,0
DA:362,1
DA:363,2
DA:365,1
DA:366,1
DA:367,1
DA:368,1
DA:369,1
DA:373,2
DA:375,0
DA:380,0
DA:384,1
DA:385,1
DA:386,1
DA:387,5
DA:388,5
DA:389,5
DA:396,1
DA:398,0
LF:175
LH:96
BRDA:72,0,0,0
BRDA:72,0,1,0
BRDA:72,1,0,0
BRDA:72,1,1,0
BRDA:76,2,0,0
BRDA:76,2,1,0
BRDA:117,3,0,39
BRDA:117,3,1,0
BRDA:117,4,0,39
BRDA:117,4,1,37
BRDA:120,5,0,39
BRDA:120,5,1,37
BRDA:121,6,0,39
BRDA:121,6,1,39
BRDA:122,7,0,39
BRDA:122,7,1,39
BRDA:138,8,0,39
BRDA:138,8,1,37
BRDA:146,9,0,0
BRDA:146,9,1,0
BRDA:147,10,0,0
BRDA:147,10,1,0
BRDA:159,11,0,0
BRDA:159,11,1,0
BRDA:192,12,0,0
BRDA:192,12,1,6
BRDA:194,13,0,0
BRDA:194,13,1,6
BRDA:230,14,0,1
BRDA:230,14,1,1
BRDA:257,15,0,3
BRDA:257,15,1,4
BRDA:287,16,0,4
BRDA:287,16,1,0
BRDA:293,17,0,0
BRDA:293,17,1,0
BRDA:297,18,0,0
BRDA:297,18,1,0
BRDA:297,18,2,0
BRF:39
BRH:18
end_of_record
TN:
SF:features/task/taskStore.ts
FN:30,(anonymous_0)
FN:36,(anonymous_1)
FN:44,(anonymous_2)
FN:63,(anonymous_3)
FN:72,(anonymous_4)
FN:73,(anonymous_5)
FN:92,(anonymous_6)
FN:94,(anonymous_7)
FN:96,(anonymous_8)
FN:112,(anonymous_9)
FN:114,(anonymous_10)
FN:125,(anonymous_11)
FN:127,(anonymous_12)
FN:142,(anonymous_13)
FN:144,(anonymous_14)
FN:155,(anonymous_15)
FN:157,(anonymous_16)
FN:168,(anonymous_17)
FN:172,(anonymous_18)
FN:178,(anonymous_19)
FN:182,(anonymous_20)
FN:195,(anonymous_21)
FN:201,(anonymous_22)
FN:205,(anonymous_23)
FN:215,(anonymous_24)
FN:220,(anonymous_25)
FN:225,(anonymous_26)
FN:228,(anonymous_27)
FN:251,(anonymous_28)
FNF:29
FNH:27
FNDA:6,(anonymous_0)
FNDA:729,(anonymous_1)
FNDA:77721,(anonymous_2)
FNDA:590,(anonymous_3)
FNDA:589,(anonymous_4)
FNDA:589,(anonymous_5)
FNDA:23,(anonymous_6)
FNDA:23,(anonymous_7)
FNDA:23,(anonymous_8)
FNDA:52,(anonymous_9)
FNDA:52,(anonymous_10)
FNDA:49,(anonymous_11)
FNDA:49,(anonymous_12)
FNDA:2,(anonymous_13)
FNDA:2,(anonymous_14)
FNDA:2,(anonymous_15)
FNDA:2,(anonymous_16)
FNDA:0,(anonymous_17)
FNDA:19,(anonymous_18)
FNDA:1115,(anonymous_19)
FNDA:496,(anonymous_20)
FNDA:20,(anonymous_21)
FNDA:1116,(anonymous_22)
FNDA:295,(anonymous_23)
FNDA:15,(anonymous_24)
FNDA:1108,(anonymous_25)
FNDA:292,(anonymous_26)
FNDA:0,(anonymous_27)
FNDA:1,(anonymous_28)
DA:30,6
DA:37,729
DA:38,729
DA:39,729
DA:44,77721
DA:57,729
DA:59,0
DA:65,590
DA:66,1
DA:67,1
DA:68,1
DA:71,589
DA:72,589
DA:73,589
DA:74,589
DA:75,589
DA:76,589
DA:77,589
DA:78,589
DA:79,589
DA:80,589
DA:84,589
DA:85,589
DA:87,0
DA:88,0
DA:93,23
DA:94,23
DA:95,23
DA:96,23
DA:97,23
DA:98,23
DA:99,23
DA:100,23
DA:101,23
DA:102,23
DA:106,23
DA:108,0
DA:113,52
DA:114,52
DA:115,52
DA:116,52
DA:119,52
DA:121,0
DA:126,49
DA:127,49
DA:128,49
DA:129,49
DA:130,1
DA:132,48
DA:136,49
DA:138,0
DA:143,2
DA:144,2
DA:145,2
DA:146,2
DA:149,2
DA:151,0
DA:156,2
DA:157,2
DA:158,2
DA:159,2
DA:161,2
DA:163,0
DA:164,0
DA:169,0
DA:173,19
DA:174,19
DA:175,19
DA:177,19
DA:179,1115
DA:184,496
DA:185,496
DA:186,496
DA:188,496
DA:189,496
DA:190,496
DA:191,496
DA:196,20
DA:197,20
DA:198,20
DA:200,20
DA:202,1116
DA:207,295
DA:208,295
DA:209,294
DA:211,293
DA:216,15
DA:217,15
DA:219,15
DA:221,1108
DA:225,292
DA:229,0
DA:230,0
DA:231,0
DA:232,0
DA:244,0
DA:246,0
DA:247,0
DA:252,1
DA:253,1
DA:261,1
DA:262,0
DA:263,0
DA:275,1
DA:277,0
DA:278,0
LF:106
LH:85
BRDA:63,0,0,589
BRDA:65,1,0,1
BRDA:65,1,1,589
BRDA:65,2,0,590
BRDA:65,2,1,589
BRDA:97,3,0,10
BRDA:97,3,1,13
BRDA:98,4,0,1
BRDA:98,4,1,22
BRDA:99,5,0,12
BRDA:99,5,1,11
BRDA:100,6,0,0
BRDA:100,6,1,23
BRDA:101,7,0,1
BRDA:101,7,1,22
BRDA:129,8,0,1
BRDA:129,8,1,48
BRDA:179,9,0,1115
BRDA:179,9,1,813
BRDA:179,9,2,810
BRDA:184,10,0,0
BRDA:184,10,1,496
BRDA:184,11,0,496
BRDA:184,11,1,0
BRDA:185,12,0,0
BRDA:185,12,1,496
BRDA:186,13,0,0
BRDA:186,13,1,496
BRDA:188,14,0,0
BRDA:188,14,1,496
BRDA:188,15,0,496
BRDA:188,15,1,0
BRDA:189,16,0,0
BRDA:189,16,1,496
BRDA:190,17,0,0
BRDA:190,17,1,496
BRDA:202,18,0,1116
BRDA:202,18,1,815
BRDA:202,18,2,805
BRDA:207,19,0,0
BRDA:207,19,1,295
BRDA:207,20,0,295
BRDA:207,20,1,1
BRDA:208,21,0,1
BRDA:208,21,1,294
BRDA:209,22,0,1
BRDA:209,22,1,293
BRDA:221,23,0,1108
BRDA:221,23,1,307
BRDA:221,23,2,307
BRDA:225,24,0,292
BRDA:225,24,1,0
BRDA:225,25,0,292
BRDA:225,25,1,0
BRDA:231,26,0,0
BRDA:231,26,1,0
BRDA:231,27,0,0
BRDA:231,27,1,0
BRDA:261,28,0,0
BRDA:261,28,1,1
BRF:60
BRH:43
end_of_record
TN:
SF:features/voice/recorder.ts
FN:7,(anonymous_0)
FN:17,(anonymous_1)
FN:71,(anonymous_2)
FN:99,(anonymous_3)
FN:116,(anonymous_4)
FN:120,(anonymous_5)
FNF:6
FNH:0
FNDA:0,(anonymous_0)
FNDA:0,(anonymous_1)
FNDA:0,(anonymous_2)
FNDA:0,(anonymous_3)
FNDA:0,(anonymous_4)
FNDA:0,(anonymous_5)
DA:4,0
DA:5,0
DA:8,0
DA:9,0
DA:10,0
DA:12,0
DA:13,0
DA:18,0
DA:19,0
DA:20,0
DA:21,0
DA:25,0
DA:36,0
DA:63,0
DA:64,0
DA:66,0
DA:67,0
DA:72,0
DA:73,0
DA:74,0
DA:77,0
DA:78,0
DA:79,0
DA:82,0
DA:87,0
DA:88,0
DA:90,0
DA:92,0
DA:93,0
DA:94,0
DA:95,0
DA:100,0
DA:102,0
DA:103,0
DA:104,0
DA:109,0
DA:111,0
DA:112,0
DA:117,0
DA:121,0
DA:123,0
DA:124,0
DA:125,0
DA:127,0
DA:128,0
LF:45
LH:0
BRDA:20,0,0,0
BRDA:20,0,1,0
BRDA:72,1,0,0
BRDA:72,1,1,0
BRDA:100,2,0,0
BRDA:100,2,1,0
BRDA:121,3,0,0
BRDA:121,3,1,0
BRDA:125,4,0,0
BRDA:125,4,1,0
BRF:10
BRH:0
end_of_record
TN:
SF:features/voice/voiceFlow.ts
FN:10,(anonymous_0)
FN:44,(anonymous_1)
FN:135,(anonymous_2)
FN:139,(anonymous_3)
FN:143,(anonymous_4)
FN:147,(anonymous_5)
FNF:6
FNH:3
FNDA:4,(anonymous_0)
FNDA:1,(anonymous_1)
FNDA:0,(anonymous_2)
FNDA:0,(anonymous_3)
FNDA:0,(anonymous_4)
FNDA:1,(anonymous_5)
DA:8,1
DA:11,4
DA:12,0
DA:13,0
DA:16,4
DA:18,4
DA:20,4
DA:22,2
DA:23,0
DA:27,2
DA:29,1
DA:30,0
DA:34,1
DA:37,3
DA:38,3
DA:40,4
DA:45,1
DA:47,1
DA:48,3
DA:50,2
DA:58,2
DA:59,2
DA:63,0
DA:64,0
DA:68,0
DA:69,0
DA:82,0
DA:85,0
DA:89,1
DA:93,1
DA:94,0
DA:103,0
DA:105,1
DA:109,0
DA:113,0
DA:114,0
DA:123,0
DA:125,0
DA:130,1
DA:131,1
DA:136,0
DA:140,0
DA:144,0
DA:149,1
DA:150,0
DA:154,1
DA:155,1
LF:47
LH:26
BRDA:11,0,0,0
BRDA:11,0,1,4
BRDA:22,1,0,0
BRDA:22,1,1,2
BRDA:29,2,0,0
BRDA:29,2,1,1
BRDA:48,3,0,2
BRDA:48,3,1,0
BRDA:48,3,2,1
BRDA:48,3,3,0
BRDA:52,4,0,2
BRDA:52,4,1,0
BRDA:53,5,0,2
BRDA:53,5,1,2
BRDA:63,6,0,0
BRDA:63,6,1,0
BRDA:63,7,0,0
BRDA:63,7,1,0
BRDA:64,8,0,0
BRDA:64,8,1,0
BRDA:68,9,0,0
BRDA:68,9,1,0
BRDA:70,10,0,0
BRDA:70,10,1,0
BRDA:71,11,0,0
BRDA:71,11,1,0
BRDA:74,12,0,0
BRDA:74,12,1,0
BRDA:89,13,0,0
BRDA:89,13,1,1
BRDA:93,14,0,0
BRDA:93,14,1,1
BRDA:109,15,0,0
BRDA:109,15,1,0
BRDA:113,16,0,0
BRDA:113,16,1,0
BRDA:130,17,0,1
BRDA:130,17,1,0
BRDA:149,18,0,0
BRDA:149,18,1,1
BRDA:155,19,0,1
BRDA:155,19,1,1
BRF:42
BRH:14
end_of_record
TN:
SF:services/openai.ts
FN:20,(anonymous_0)
FN:31,(anonymous_1)
FN:80,(anonymous_2)
FN:190,(anonymous_3)
FNF:4
FNH:4
FNDA:1,(anonymous_0)
FNDA:4,(anonymous_1)
FNDA:2,(anonymous_2)
FNDA:1,(anonymous_3)
DA:3,1
DA:4,1
DA:5,1
DA:21,1
DA:23,1
DA:24,1
DA:26,1
DA:27,0
DA:32,4
DA:33,0
DA:36,4
DA:38,4
DA:43,4
DA:44,4
DA:49,4
DA:50,4
DA:53,4
DA:61,4
DA:62,2
DA:63,2
DA:64,2
DA:65,2
DA:67,2
DA:68,0
DA:72,2
DA:73,2
DA:75,2
DA:76,2
DA:81,2
DA:82,0
DA:85,2
DA:134,2
DA:151,2
DA:152,2
DA:170,2
DA:171,1
DA:172,1
DA:175,1
DA:176,1
DA:178,1
DA:179,0
DA:182,1
DA:183,1
DA:185,1
DA:186,1
DA:191,1
LF:46
LH:41
BRDA:3,0,0,1
BRDA:3,0,1,1
BRDA:23,1,0,1
BRDA:23,1,1,0
BRDA:23,2,0,1
BRDA:23,2,1,1
BRDA:26,3,0,0
BRDA:26,3,1,1
BRDA:32,4,0,0
BRDA:32,4,1,4
BRDA:61,5,0,2
BRDA:61,5,1,2
BRDA:64,6,0,2
BRDA:64,6,1,0
BRDA:73,7,0,2
BRDA:73,7,1,0
BRDA:81,8,0,0
BRDA:81,8,1,2
BRDA:170,9,0,1
BRDA:170,9,1,1
BRDA:178,10,0,0
BRDA:178,10,1,1
BRDA:178,11,0,1
BRDA:178,11,1,1
BRDA:183,12,0,1
BRDA:183,12,1,0
BRF:26
BRH:18
end_of_record
